#-----------------------------------------------------------
# Vivado v2020.2 (64-bit)
# SW Build 3064766 on Wed Nov 18 09:12:45 MST 2020
# IP Build 3064653 on Wed Nov 18 14:17:31 MST 2020
# Start of session at: Mon Mar  8 15:00:18 2021
# Process ID: 19056
# Current directory: C:/Users/liang/Desktop/OrgLab/OExp00-Element
# Command line: vivado.exe -gui_launcher_event rodinguilauncherevent17928 C:\Users\liang\Desktop\OrgLab\OExp00-Element\OExp00-Element.xpr
# Log file: C:/Users/liang/Desktop/OrgLab/OExp00-Element/vivado.log
# Journal file: C:/Users/liang/Desktop/OrgLab/OExp00-Element\vivado.jou
#-----------------------------------------------------------
start_gui
open_project C:/Users/liang/Desktop/OrgLab/OExp00-Element/OExp00-Element.xpr
Scanning sources...
Finished scanning sources
INFO: [IP_Flow 19-234] Refreshing IP repositories
INFO: [IP_Flow 19-1700] Loaded user IP repository 'c:/Users/liang/Desktop/OrgLab/OExp00-Element/IP'.
INFO: [IP_Flow 19-2313] Loaded Vivado IP repository 'D:/Xilinx/Vivado/2020.2/data/ip'.
open_project: Time (s): cpu = 00:00:17 ; elapsed = 00:00:08 . Memory (MB): peak = 1108.203 ; gain = 0.000
update_compile_order -fileset sources_1
open_bd_design {C:/Users/liang/Desktop/OrgLab/OExp00-Element/OExp00-Element.srcs/sources_1/bd/OExp01_Element/OExp01_Element.bd}
Reading block design file <C:/Users/liang/Desktop/OrgLab/OExp00-Element/OExp00-Element.srcs/sources_1/bd/OExp01_Element/OExp01_Element.bd>...
Adding component instance block -- xilinx.com:user:and32:1.0 - and32_0
Adding component instance block -- xilinx.com:user:MUX2T1_32:1.0 - MUX2T1_32_0
Adding component instance block -- xilinx.com:user:xor32:1.0 - xor32_0
Successfully read diagram <OExp01_Element> from block design file <C:/Users/liang/Desktop/OrgLab/OExp00-Element/OExp00-Element.srcs/sources_1/bd/OExp01_Element/OExp01_Element.bd>
exit
INFO: [Common 17-206] Exiting Vivado at Mon Mar  8 15:01:09 2021...
