
*** Running vivado
    with args -log simCPU_wrapper.vds -m64 -product Vivado -mode batch -messageDb vivado.pb -notrace -source simCPU_wrapper.tcl



****** Vivado v2020.2 (64-bit)
  **** SW Build 3064766 on Wed Nov 18 09:12:45 MST 2020
  **** IP Build 3064653 on Wed Nov 18 14:17:31 MST 2020
    ** Copyright 1986-2020 Xilinx, Inc. All Rights Reserved.

source simCPU_wrapper.tcl -notrace
INFO: [IP_Flow 19-234] Refreshing IP repositories
INFO: [IP_Flow 19-1700] Loaded user IP repository 'c:/Users/liang/Desktop/OrgLab/reference'.
INFO: [IP_Flow 19-1700] Loaded user IP repository 'c:/Users/liang/Desktop/OrgLab/lab4/MCPUIP'.
INFO: [IP_Flow 19-2313] Loaded Vivado IP repository 'D:/Vivado/2020.2/data/ip'.
WARNING: [IP_Flow 19-1663] Duplicate IP found for 'xilinx.com:user:MUX2T1_5:1.0'. The one found in IP location 'c:/Users/liang/Desktop/OrgLab/reference/Lab0 Vivado介绍和模块封装（学生版）(1)/Lab0 Vivado介绍和模块封装（学生版）/OExp00/MUX2T1_5/MUX2T1_5.srcs/sources_1/imports/ip' will take precedence over the same IP in locations: 
   c:/Users/liang/Desktop/OrgLab/reference/Lab0 Vivado介绍和模块封装（学生版）(1)/Lab0 Vivado介绍和模块封装（学生版）/OExp00/OExp00-Element/IP/MUX/MUX2T1_5/MUX2T1_5.srcs/sources_1/imports/ip
   c:/Users/liang/Desktop/OrgLab/reference/Lab0 Vivado介绍和模块封装（学生版）(1)/Lab0 Vivado介绍和模块封装（学生版）/OExp00/OExp00-muxctrl/MUX/MUX2T1_5/MUX2T1_5.srcs/MUX2T1_5
   c:/Users/liang/Desktop/OrgLab/reference/Lab01 warmup（学生版）(1)/Lab01 warmup（学生版）/OExp01/OExp01-ALU/IP_Include/MUX/MUX2T1_5/MUX2T1_5.srcs/sources_1/imports/ip
   c:/Users/liang/Desktop/OrgLab/reference/Lab02CPU/Lab02CPU/OExp02-IP2SOC/IP/MUX/MUX2T1_5/MUX2T1_5.srcs/sources_1/imports/ip
WARNING: [IP_Flow 19-1663] Duplicate IP found for 'xilinx.com:user:addc_32:1.0'. The one found in IP location 'c:/Users/liang/Desktop/OrgLab/reference/Lab0 Vivado介绍和模块封装（学生版）(1)/Lab0 Vivado介绍和模块封装（学生版）/OExp00/OExp00-Element/IP/Logic/addc_32/addc_32.srcs/sources_1/imports/Logic_W' will take precedence over the same IP in locations: 
   c:/Users/liang/Desktop/OrgLab/reference/Lab01 warmup（学生版）(1)/Lab01 warmup（学生版）/OExp01/OExp01-ALU/IP_Include/Logic/addc_32/addc_32.srcs/sources_1/imports/Logic_W
   c:/Users/liang/Desktop/OrgLab/reference/Lab02CPU/Lab02CPU/OExp02-IP2SOC/IP/Logic/addc_32/addc_32.srcs/sources_1/imports/Logic_W
WARNING: [IP_Flow 19-1663] Duplicate IP found for 'xilinx.com:user:add_32:1.0'. The one found in IP location 'c:/Users/liang/Desktop/OrgLab/reference/Lab0 Vivado介绍和模块封装（学生版）(1)/Lab0 Vivado介绍和模块封装（学生版）/OExp00/OExp00-Element/IP/Logic/add_32/add_32.srcs/sources_1/imports/Logic_W' will take precedence over the same IP in locations: 
   c:/Users/liang/Desktop/OrgLab/reference/Lab01 warmup（学生版）(1)/Lab01 warmup（学生版）/OExp01/OExp01-ALU/IP_Include/Logic/add_32/add_32.srcs/sources_1/imports/Logic_W
   c:/Users/liang/Desktop/OrgLab/reference/Lab02CPU/Lab02CPU/OExp02-IP2SOC/IP/Logic/add_32/add_32.srcs/sources_1/imports/Logic_W
WARNING: [IP_Flow 19-1663] Duplicate IP found for 'xilinx.com:user:and32:1.0'. The one found in IP location 'c:/Users/liang/Desktop/OrgLab/reference/Lab0 Vivado介绍和模块封装（学生版）(1)/Lab0 Vivado介绍和模块封装（学生版）/OExp00/OExp00-Element/IP/Logic/and32/and32.srcs/sources_1/imports/Logic_W' will take precedence over the same IP in locations: 
   c:/Users/liang/Desktop/OrgLab/reference/Lab01 warmup（学生版）(1)/Lab01 warmup（学生版）/OExp01/OExp01-ALU/IP_Include/Logic/and32/and32.srcs/sources_1/imports/Logic_W
   c:/Users/liang/Desktop/OrgLab/reference/Lab02CPU/Lab02CPU/OExp02-IP2SOC/IP/Logic/and32/and32.srcs/sources_1/imports/Logic_W
WARNING: [IP_Flow 19-1663] Duplicate IP found for 'xilinx.com:user:Ext_imm16:1.0'. The one found in IP location 'c:/Users/liang/Desktop/OrgLab/reference/Lab0 Vivado介绍和模块封装（学生版）(1)/Lab0 Vivado介绍和模块封装（学生版）/OExp00/OExp00-Element/IP/Logic/Ext_imm16/Ext_imm16.srcs/sources_1/imports/Logic_W' will take precedence over the same IP in locations: 
   c:/Users/liang/Desktop/OrgLab/reference/Lab01 warmup（学生版）(1)/Lab01 warmup（学生版）/OExp01/OExp01-ALU/IP_Include/Logic/Ext_imm16/Ext_imm16.srcs/sources_1/imports/Logic_W
   c:/Users/liang/Desktop/OrgLab/reference/Lab02CPU/Lab02CPU/OExp02-IP2SOC/IP/Logic/Ext_imm16/Ext_imm16.srcs/sources_1/imports/Logic_W
WARNING: [IP_Flow 19-1663] Duplicate IP found for 'xilinx.com:user:nor32:1.0'. The one found in IP location 'c:/Users/liang/Desktop/OrgLab/reference/Lab0 Vivado介绍和模块封装（学生版）(1)/Lab0 Vivado介绍和模块封装（学生版）/OExp00/OExp00-Element/IP/Logic/nor32/nor32.srcs/sources_1/imports/Logic_W' will take precedence over the same IP in locations: 
   c:/Users/liang/Desktop/OrgLab/reference/Lab01 warmup（学生版）(1)/Lab01 warmup（学生版）/OExp01/OExp01-ALU/IP_Include/Logic/nor32/nor32.srcs/sources_1/imports/Logic_W
   c:/Users/liang/Desktop/OrgLab/reference/Lab02CPU/Lab02CPU/OExp02-IP2SOC/IP/Logic/nor32/nor32.srcs/sources_1/imports/Logic_W
WARNING: [IP_Flow 19-1663] Duplicate IP found for 'xilinx.com:user:or32:1.0'. The one found in IP location 'c:/Users/liang/Desktop/OrgLab/reference/Lab0 Vivado介绍和模块封装（学生版）(1)/Lab0 Vivado介绍和模块封装（学生版）/OExp00/OExp00-Element/IP/Logic/or32/or32.srcs/sources_1/imports/Logic_W' will take precedence over the same IP in locations: 
   c:/Users/liang/Desktop/OrgLab/reference/Lab01 warmup（学生版）(1)/Lab01 warmup（学生版）/OExp01/OExp01-ALU/IP_Include/Logic/or32/or32.srcs/sources_1/imports/Logic_W
   c:/Users/liang/Desktop/OrgLab/reference/Lab02CPU/Lab02CPU/OExp02-IP2SOC/IP/Logic/or32/or32.srcs/sources_1/imports/Logic_W
WARNING: [IP_Flow 19-1663] Duplicate IP found for 'xilinx.com:user:or_bit_32:1.0'. The one found in IP location 'c:/Users/liang/Desktop/OrgLab/reference/Lab0 Vivado介绍和模块封装（学生版）(1)/Lab0 Vivado介绍和模块封装（学生版）/OExp00/OExp00-Element/IP/Logic/or_bit_32/or_bit_32.srcs/sources_1/imports/Logic_W' will take precedence over the same IP in locations: 
   c:/Users/liang/Desktop/OrgLab/reference/Lab01 warmup（学生版）(1)/Lab01 warmup（学生版）/OExp01/OExp01-ALU/IP_Include/Logic/or_bit_32/or_bit_32.srcs/sources_1/imports/Logic_W
   c:/Users/liang/Desktop/OrgLab/reference/Lab02CPU/Lab02CPU/OExp02-IP2SOC/IP/Logic/or_bit_32/or_bit_32.srcs/sources_1/imports/Logic_W
WARNING: [IP_Flow 19-1663] Duplicate IP found for 'xilinx.com:user:SignalExt_32:1.0'. The one found in IP location 'c:/Users/liang/Desktop/OrgLab/reference/Lab0 Vivado介绍和模块封装（学生版）(1)/Lab0 Vivado介绍和模块封装（学生版）/OExp00/OExp00-Element/IP/Logic/SignalExt_32/SignalExt_32.srcs/sources_1/imports/Logic_W' will take precedence over the same IP in locations: 
   c:/Users/liang/Desktop/OrgLab/reference/Lab01 warmup（学生版）(1)/Lab01 warmup（学生版）/OExp01/OExp01-ALU/IP_Include/Logic/SignalExt_32/SignalExt_32.srcs/sources_1/imports/Logic_W
   c:/Users/liang/Desktop/OrgLab/reference/Lab02CPU/Lab02CPU/OExp02-IP2SOC/IP/Logic/SignalExt_32/SignalExt_32.srcs/sources_1/imports/Logic_W
WARNING: [IP_Flow 19-1663] Duplicate IP found for 'xilinx.com:user:srl32:1.0'. The one found in IP location 'c:/Users/liang/Desktop/OrgLab/reference/Lab0 Vivado介绍和模块封装（学生版）(1)/Lab0 Vivado介绍和模块封装（学生版）/OExp00/OExp00-Element/IP/Logic/srl32/srl32.srcs/sources_1/imports/Logic_W' will take precedence over the same IP in locations: 
   c:/Users/liang/Desktop/OrgLab/reference/Lab01 warmup（学生版）(1)/Lab01 warmup（学生版）/OExp01/OExp01-ALU/IP_Include/Logic/srl32/srl32.srcs/sources_1/imports/Logic_W
   c:/Users/liang/Desktop/OrgLab/reference/Lab02CPU/Lab02CPU/OExp02-IP2SOC/IP/Logic/srl32/srl32.srcs/sources_1/imports/Logic_W
WARNING: [IP_Flow 19-1663] Duplicate IP found for 'xilinx.com:user:xor32:1.0'. The one found in IP location 'c:/Users/liang/Desktop/OrgLab/reference/Lab0 Vivado介绍和模块封装（学生版）(1)/Lab0 Vivado介绍和模块封装（学生版）/OExp00/OExp00-Element/IP/Logic/xor32/xor32.srcs/sources_1/imports/Logic_W' will take precedence over the same IP in locations: 
   c:/Users/liang/Desktop/OrgLab/reference/Lab01 warmup（学生版）(1)/Lab01 warmup（学生版）/OExp01/OExp01-ALU/IP_Include/Logic/xor32/xor32.srcs/sources_1/imports/Logic_W
   c:/Users/liang/Desktop/OrgLab/reference/Lab02CPU/Lab02CPU/OExp02-IP2SOC/IP/Logic/xor32/xor32.srcs/sources_1/imports/Logic_W
WARNING: [IP_Flow 19-1663] Duplicate IP found for 'xilinx.com:user:MUX2T1_32:1.0'. The one found in IP location 'c:/Users/liang/Desktop/OrgLab/reference/Lab0 Vivado介绍和模块封装（学生版）(1)/Lab0 Vivado介绍和模块封装（学生版）/OExp00/OExp00-Element/IP/MUX/MUX2T1_32/MUX2T1_32.srcs/sources_1/imports/MUX_W' will take precedence over the same IP in locations: 
   c:/Users/liang/Desktop/OrgLab/reference/Lab0 Vivado介绍和模块封装（学生版）(1)/Lab0 Vivado介绍和模块封装（学生版）/OExp00/OExp00-muxctrl/MUX/MUX2T1_32/MUX2T1_32.srcs/sources_1/new
   c:/Users/liang/Desktop/OrgLab/reference/Lab01 warmup（学生版）(1)/Lab01 warmup（学生版）/OExp01/OExp01-ALU/IP_Include/MUX/MUX2T1_32/MUX2T1_32.srcs/sources_1/imports/MUX_W
   c:/Users/liang/Desktop/OrgLab/reference/Lab02CPU/Lab02CPU/OExp02-IP2SOC/IP/MUX/MUX2T1_32/MUX2T1_32.srcs/sources_1/imports/MUX_W
WARNING: [IP_Flow 19-1663] Duplicate IP found for 'xilinx.com:user:MUX2T1_64:1.0'. The one found in IP location 'c:/Users/liang/Desktop/OrgLab/reference/Lab0 Vivado介绍和模块封装（学生版）(1)/Lab0 Vivado介绍和模块封装（学生版）/OExp00/OExp00-Element/IP/MUX/MUX2T1_64/MUX2T1_64.srcs/sources_1/imports/MUX_W' will take precedence over the same IP in locations: 
   c:/Users/liang/Desktop/OrgLab/reference/Lab0 Vivado介绍和模块封装（学生版）(1)/Lab0 Vivado介绍和模块封装（学生版）/OExp00/OExp00-muxctrl/MUX/MUX2T1_64/MUX2T1_64.srcs/sources_1/new
   c:/Users/liang/Desktop/OrgLab/reference/Lab01 warmup（学生版）(1)/Lab01 warmup（学生版）/OExp01/OExp01-ALU/IP_Include/MUX/MUX2T1_64/MUX2T1_64.srcs/sources_1/imports/MUX_W
   c:/Users/liang/Desktop/OrgLab/reference/Lab02CPU/Lab02CPU/OExp02-IP2SOC/IP/MUX/MUX2T1_64/MUX2T1_64.srcs/sources_1/imports/MUX_W
WARNING: [IP_Flow 19-1663] Duplicate IP found for 'xilinx.com:user:MUX2T1_8:1.0'. The one found in IP location 'c:/Users/liang/Desktop/OrgLab/reference/Lab0 Vivado介绍和模块封装（学生版）(1)/Lab0 Vivado介绍和模块封装（学生版）/OExp00/OExp00-Element/IP/MUX/MUX2T1_8/MUX2T1_8.srcs/sources_1/imports/MUX_W' will take precedence over the same IP in locations: 
   c:/Users/liang/Desktop/OrgLab/reference/Lab0 Vivado介绍和模块封装（学生版）(1)/Lab0 Vivado介绍和模块封装（学生版）/OExp00/OExp00-muxctrl/MUX/MUX2T1_8/MUX2T1_8.srcs/MUX2T1_8
   c:/Users/liang/Desktop/OrgLab/reference/Lab01 warmup（学生版）(1)/Lab01 warmup（学生版）/OExp01/OExp01-ALU/IP_Include/MUX/MUX2T1_8/MUX2T1_8.srcs/sources_1/imports/MUX_W
   c:/Users/liang/Desktop/OrgLab/reference/Lab02CPU/Lab02CPU/OExp02-IP2SOC/IP/MUX/MUX2T1_8/MUX2T1_8.srcs/sources_1/imports/MUX_W
WARNING: [IP_Flow 19-1663] Duplicate IP found for 'xilinx.com:user:MUX4T1_32:1.0'. The one found in IP location 'c:/Users/liang/Desktop/OrgLab/reference/Lab0 Vivado介绍和模块封装（学生版）(1)/Lab0 Vivado介绍和模块封装（学生版）/OExp00/OExp00-Element/IP/MUX/MUX4T1_32/MUX4T1_32.srcs/sources_1/imports/MUX_W' will take precedence over the same IP in locations: 
   c:/Users/liang/Desktop/OrgLab/reference/Lab0 Vivado介绍和模块封装（学生版）(1)/Lab0 Vivado介绍和模块封装（学生版）/OExp00/OExp00-muxctrl/MUX/MUX4T1_32/MUX4T1_32.srcs/sources_1/new
   c:/Users/liang/Desktop/OrgLab/reference/Lab01 warmup（学生版）(1)/Lab01 warmup（学生版）/OExp01/OExp01-ALU/IP_Include/MUX/MUX4T1_32/MUX4T1_32.srcs/sources_1/imports/MUX_W
   c:/Users/liang/Desktop/OrgLab/reference/Lab02CPU/Lab02CPU/OExp02-IP2SOC/IP/MUX/MUX4T1_32/MUX4T1_32.srcs/sources_1/imports/MUX_W
WARNING: [IP_Flow 19-1663] Duplicate IP found for 'xilinx.com:user:MUX4T1_5:1.0'. The one found in IP location 'c:/Users/liang/Desktop/OrgLab/reference/Lab0 Vivado介绍和模块封装（学生版）(1)/Lab0 Vivado介绍和模块封装（学生版）/OExp00/OExp00-Element/IP/MUX/MUX4T1_5/MUX4T1_5.srcs/sources_1/imports/MUX_W' will take precedence over the same IP in locations: 
   c:/Users/liang/Desktop/OrgLab/reference/Lab0 Vivado介绍和模块封装（学生版）(1)/Lab0 Vivado介绍和模块封装（学生版）/OExp00/OExp00-muxctrl/MUX/MUX4T1_5/MUX4T1_5.srcs/sources_1/new
   c:/Users/liang/Desktop/OrgLab/reference/Lab01 warmup（学生版）(1)/Lab01 warmup（学生版）/OExp01/OExp01-ALU/IP_Include/MUX/MUX4T1_5/MUX4T1_5.srcs/sources_1/imports/MUX_W
   c:/Users/liang/Desktop/OrgLab/reference/Lab02CPU/Lab02CPU/OExp02-IP2SOC/IP/MUX/MUX4T1_5/MUX4T1_5.srcs/sources_1/imports/MUX_W
WARNING: [IP_Flow 19-1663] Duplicate IP found for 'xilinx.com:user:MUX8T1_32:1.0'. The one found in IP location 'c:/Users/liang/Desktop/OrgLab/reference/Lab0 Vivado介绍和模块封装（学生版）(1)/Lab0 Vivado介绍和模块封装（学生版）/OExp00/OExp00-Element/IP/MUX/MUX8T1_32/MUX8T1_32.srcs/sources_1/imports/MUX_W' will take precedence over the same IP in locations: 
   c:/Users/liang/Desktop/OrgLab/reference/Lab0 Vivado介绍和模块封装（学生版）(1)/Lab0 Vivado介绍和模块封装（学生版）/OExp00/OExp00-muxctrl/MUX/MUX8T1_32/MUX8T1_32.srcs/sources_1/new
   c:/Users/liang/Desktop/OrgLab/reference/Lab01 warmup（学生版）(1)/Lab01 warmup（学生版）/OExp01/OExp01-ALU/IP_Include/MUX/MUX8T1_32/MUX8T1_32.srcs/sources_1/imports/MUX_W
   c:/Users/liang/Desktop/OrgLab/reference/Lab02CPU/Lab02CPU/OExp02-IP2SOC/IP/MUX/MUX8T1_32/MUX8T1_32.srcs/sources_1/imports/MUX_W
WARNING: [IP_Flow 19-1663] Duplicate IP found for 'xilinx.com:user:MUX8T1_8:1.0'. The one found in IP location 'c:/Users/liang/Desktop/OrgLab/reference/Lab0 Vivado介绍和模块封装（学生版）(1)/Lab0 Vivado介绍和模块封装（学生版）/OExp00/OExp00-Element/IP/MUX/MUX8T1_8/MUX8T1_8.srcs/sources_1/imports/MUX_W' will take precedence over the same IP in locations: 
   c:/Users/liang/Desktop/OrgLab/reference/Lab0 Vivado介绍和模块封装（学生版）(1)/Lab0 Vivado介绍和模块封装（学生版）/OExp00/OExp00-muxctrl/MUX/MUX8T1_8/MUX8T1_8.srcs/sources_1/new
   c:/Users/liang/Desktop/OrgLab/reference/Lab01 warmup（学生版）(1)/Lab01 warmup（学生版）/OExp01/OExp01-ALU/IP_Include/MUX/MUX8T1_8/MUX8T1_8.srcs/sources_1/imports/MUX_W
   c:/Users/liang/Desktop/OrgLab/reference/Lab02CPU/Lab02CPU/OExp02-IP2SOC/IP/MUX/MUX8T1_8/MUX8T1_8.srcs/sources_1/imports/MUX_W
WARNING: [IP_Flow 19-1663] Duplicate IP found for 'xilinx.com:user:SCPU_ctrl:1.0'. The one found in IP location 'c:/Users/liang/Desktop/OrgLab/reference/Lab04单周期CPU设计/Lab04单周期CPU设计/Lab04-0 CPU核集成设计（学生版）/Lab04-0 CPU核集成设计（学生版）/OExp04-IP2CPU/IP/scpu/OExp04-SCPU_ctrl/OExp04-SCPU_ctrl.srcs/sources_1/imports/CPU_W' will take precedence over the same IP in location c:/Users/liang/Desktop/OrgLab/reference/Lab04单周期CPU设计/Lab04单周期CPU设计/Lab04-1 CPU设计之数据通路（学生版）/Lab04-1 CPU设计之数据通路（学生版）/IP/scpu/OExp04-SCPU_ctrl/OExp04-SCPU_ctrl.srcs/sources_1/imports/CPU_W
Command: synth_design -top simCPU_wrapper -part xc7k160tffg676-2L
Starting synth_design
Attempting to get a license for feature 'Synthesis' and/or device 'xc7k160t'
INFO: [Common 17-349] Got license for feature 'Synthesis' and/or device 'xc7k160t'
INFO: [Device 21-403] Loading part xc7k160tffg676-2L
INFO: [Synth 8-7079] Multithreading enabled for synth_design using a maximum of 2 processes.
INFO: [Synth 8-7078] Launching helper process for spawning children vivado processes
INFO: [Synth 8-7075] Helper process launched with PID 12844
---------------------------------------------------------------------------------
Starting RTL Elaboration : Time (s): cpu = 00:00:07 ; elapsed = 00:00:09 . Memory (MB): peak = 1142.000 ; gain = 30.922
---------------------------------------------------------------------------------
INFO: [Synth 8-6157] synthesizing module 'simCPU_wrapper' [c:/Users/liang/Desktop/OrgLab/lab4/simCPU/simCPU.gen/sources_1/bd/simCPU/hdl/simCPU_wrapper.v:12]
WARNING: [Synth 8-4446] all outputs are unconnected for this instance and logic may be removed [c:/Users/liang/Desktop/OrgLab/lab4/simCPU/simCPU.gen/sources_1/bd/simCPU/hdl/simCPU_wrapper.v:21]
INFO: [Synth 8-6157] synthesizing module 'simCPU' [c:/Users/liang/Desktop/OrgLab/lab4/simCPU/simCPU.gen/sources_1/bd/simCPU/synth/simCPU.v:13]
INFO: [Synth 8-6157] synthesizing module 'simCPU_MCPU_0_0' [c:/Users/liang/Desktop/OrgLab/lab4/simCPU/simCPU.gen/sources_1/bd/simCPU/ip/simCPU_MCPU_0_0/synth/simCPU_MCPU_0_0.v:89]
INFO: [Synth 8-6157] synthesizing module 'MCPU' [c:/Users/liang/Desktop/OrgLab/lab4/simCPU/simCPU.gen/sources_1/bd/simCPU/ip/simCPU_MCPU_0_0/synth/simCPU_MCPU_0_0.v:55]
INFO: [Synth 8-6155] done synthesizing module 'simCPU_MCPU_0_0' (1#1) [c:/Users/liang/Desktop/OrgLab/lab4/simCPU/simCPU.gen/sources_1/bd/simCPU/ip/simCPU_MCPU_0_0/synth/simCPU_MCPU_0_0.v:89]
INFO: [Synth 8-6157] synthesizing module 'simCPU_RAM_B_0_0' [c:/Users/liang/Desktop/OrgLab/lab4/simCPU/simCPU.gen/sources_1/bd/simCPU/ip/simCPU_RAM_B_0_0/synth/simCPU_RAM_B_0_0.v:58]
INFO: [Synth 8-6157] synthesizing module 'RAM_B' [c:/Users/liang/Desktop/OrgLab/lab4/simCPU/simCPU.gen/sources_1/bd/simCPU/ipshared/cc35/RAM_B.srcs/sources_1/new/RAM_B.v:23]
INFO: [Synth 8-638] synthesizing module 'RAM' [c:/Users/liang/Desktop/OrgLab/lab4/simCPU/simCPU.gen/sources_1/bd/simCPU/ip/simCPU_RAM_B_0_0/RAM_B.srcs/sources_1/ip/RAM/synth/RAM.vhd:69]
	Parameter C_FAMILY bound to: kintex7 - type: string 
	Parameter C_XDEVICEFAMILY bound to: kintex7 - type: string 
	Parameter C_ELABORATION_DIR bound to: ./ - type: string 
	Parameter C_INTERFACE_TYPE bound to: 0 - type: integer 
	Parameter C_AXI_TYPE bound to: 1 - type: integer 
	Parameter C_AXI_SLAVE_TYPE bound to: 0 - type: integer 
	Parameter C_USE_BRAM_BLOCK bound to: 0 - type: integer 
	Parameter C_ENABLE_32BIT_ADDRESS bound to: 0 - type: integer 
	Parameter C_CTRL_ECC_ALGO bound to: NONE - type: string 
	Parameter C_HAS_AXI_ID bound to: 0 - type: integer 
	Parameter C_AXI_ID_WIDTH bound to: 4 - type: integer 
	Parameter C_MEM_TYPE bound to: 0 - type: integer 
	Parameter C_BYTE_SIZE bound to: 9 - type: integer 
	Parameter C_ALGORITHM bound to: 1 - type: integer 
	Parameter C_PRIM_TYPE bound to: 1 - type: integer 
	Parameter C_LOAD_INIT_FILE bound to: 1 - type: integer 
	Parameter C_INIT_FILE_NAME bound to: RAM.mif - type: string 
	Parameter C_INIT_FILE bound to: RAM.mem - type: string 
	Parameter C_USE_DEFAULT_DATA bound to: 0 - type: integer 
	Parameter C_DEFAULT_DATA bound to: 0 - type: string 
	Parameter C_HAS_RSTA bound to: 0 - type: integer 
	Parameter C_RST_PRIORITY_A bound to: CE - type: string 
	Parameter C_RSTRAM_A bound to: 0 - type: integer 
	Parameter C_INITA_VAL bound to: 0 - type: string 
	Parameter C_HAS_ENA bound to: 0 - type: integer 
	Parameter C_HAS_REGCEA bound to: 0 - type: integer 
	Parameter C_USE_BYTE_WEA bound to: 0 - type: integer 
	Parameter C_WEA_WIDTH bound to: 1 - type: integer 
	Parameter C_WRITE_MODE_A bound to: WRITE_FIRST - type: string 
	Parameter C_WRITE_WIDTH_A bound to: 32 - type: integer 
	Parameter C_READ_WIDTH_A bound to: 32 - type: integer 
	Parameter C_WRITE_DEPTH_A bound to: 1024 - type: integer 
	Parameter C_READ_DEPTH_A bound to: 1024 - type: integer 
	Parameter C_ADDRA_WIDTH bound to: 10 - type: integer 
	Parameter C_HAS_RSTB bound to: 0 - type: integer 
	Parameter C_RST_PRIORITY_B bound to: CE - type: string 
	Parameter C_RSTRAM_B bound to: 0 - type: integer 
	Parameter C_INITB_VAL bound to: 0 - type: string 
	Parameter C_HAS_ENB bound to: 0 - type: integer 
	Parameter C_HAS_REGCEB bound to: 0 - type: integer 
	Parameter C_USE_BYTE_WEB bound to: 0 - type: integer 
	Parameter C_WEB_WIDTH bound to: 1 - type: integer 
	Parameter C_WRITE_MODE_B bound to: WRITE_FIRST - type: string 
	Parameter C_WRITE_WIDTH_B bound to: 32 - type: integer 
	Parameter C_READ_WIDTH_B bound to: 32 - type: integer 
	Parameter C_WRITE_DEPTH_B bound to: 1024 - type: integer 
	Parameter C_READ_DEPTH_B bound to: 1024 - type: integer 
	Parameter C_ADDRB_WIDTH bound to: 10 - type: integer 
	Parameter C_HAS_MEM_OUTPUT_REGS_A bound to: 0 - type: integer 
	Parameter C_HAS_MEM_OUTPUT_REGS_B bound to: 0 - type: integer 
	Parameter C_HAS_MUX_OUTPUT_REGS_A bound to: 0 - type: integer 
	Parameter C_HAS_MUX_OUTPUT_REGS_B bound to: 0 - type: integer 
	Parameter C_MUX_PIPELINE_STAGES bound to: 0 - type: integer 
	Parameter C_HAS_SOFTECC_INPUT_REGS_A bound to: 0 - type: integer 
	Parameter C_HAS_SOFTECC_OUTPUT_REGS_B bound to: 0 - type: integer 
	Parameter C_USE_SOFTECC bound to: 0 - type: integer 
	Parameter C_USE_ECC bound to: 0 - type: integer 
	Parameter C_EN_ECC_PIPE bound to: 0 - type: integer 
	Parameter C_READ_LATENCY_A bound to: 1 - type: integer 
	Parameter C_READ_LATENCY_B bound to: 1 - type: integer 
	Parameter C_HAS_INJECTERR bound to: 0 - type: integer 
	Parameter C_SIM_COLLISION_CHECK bound to: ALL - type: string 
	Parameter C_COMMON_CLK bound to: 0 - type: integer 
	Parameter C_DISABLE_WARN_BHV_COLL bound to: 0 - type: integer 
	Parameter C_EN_SLEEP_PIN bound to: 0 - type: integer 
	Parameter C_USE_URAM bound to: 0 - type: integer 
	Parameter C_EN_RDADDRA_CHG bound to: 0 - type: integer 
	Parameter C_EN_RDADDRB_CHG bound to: 0 - type: integer 
	Parameter C_EN_DEEPSLEEP_PIN bound to: 0 - type: integer 
	Parameter C_EN_SHUTDOWN_PIN bound to: 0 - type: integer 
	Parameter C_EN_SAFETY_CKT bound to: 0 - type: integer 
	Parameter C_DISABLE_WARN_BHV_RANGE bound to: 0 - type: integer 
	Parameter C_COUNT_36K_BRAM bound to: 1 - type: string 
	Parameter C_COUNT_18K_BRAM bound to: 0 - type: string 
	Parameter C_EST_POWER_SUMMARY bound to: Estimated Power for IP     :     2.95215 mW - type: string 
INFO: [Synth 8-3491] module 'blk_mem_gen_v8_4_4' declared at 'c:/Users/liang/Desktop/OrgLab/lab4/simCPU/simCPU.gen/sources_1/bd/simCPU/ip/simCPU_RAM_B_0_0/RAM_B.srcs/sources_1/ip/RAM/hdl/blk_mem_gen_v8_4_vhsyn_rfs.vhd:195321' bound to instance 'U0' of component 'blk_mem_gen_v8_4_4' [c:/Users/liang/Desktop/OrgLab/lab4/simCPU/simCPU.gen/sources_1/bd/simCPU/ip/simCPU_RAM_B_0_0/RAM_B.srcs/sources_1/ip/RAM/synth/RAM.vhd:234]
INFO: [Synth 8-256] done synthesizing module 'RAM' (10#1) [c:/Users/liang/Desktop/OrgLab/lab4/simCPU/simCPU.gen/sources_1/bd/simCPU/ip/simCPU_RAM_B_0_0/RAM_B.srcs/sources_1/ip/RAM/synth/RAM.vhd:69]
INFO: [Synth 8-6155] done synthesizing module 'RAM_B' (11#1) [c:/Users/liang/Desktop/OrgLab/lab4/simCPU/simCPU.gen/sources_1/bd/simCPU/ipshared/cc35/RAM_B.srcs/sources_1/new/RAM_B.v:23]
INFO: [Synth 8-6155] done synthesizing module 'simCPU_RAM_B_0_0' (12#1) [c:/Users/liang/Desktop/OrgLab/lab4/simCPU/simCPU.gen/sources_1/bd/simCPU/ip/simCPU_RAM_B_0_0/synth/simCPU_RAM_B_0_0.v:58]
INFO: [Synth 8-638] synthesizing module 'simCPU_dist_mem_gen_0_0' [c:/Users/liang/Desktop/OrgLab/lab4/simCPU/simCPU.gen/sources_1/bd/simCPU/ip/simCPU_dist_mem_gen_0_0/synth/simCPU_dist_mem_gen_0_0.vhd:66]
	Parameter C_FAMILY bound to: kintex7 - type: string 
	Parameter C_ADDR_WIDTH bound to: 10 - type: integer 
	Parameter C_DEFAULT_DATA bound to: 0 - type: string 
	Parameter C_DEPTH bound to: 1024 - type: integer 
	Parameter C_HAS_CLK bound to: 0 - type: integer 
	Parameter C_HAS_D bound to: 0 - type: integer 
	Parameter C_HAS_DPO bound to: 0 - type: integer 
	Parameter C_HAS_DPRA bound to: 0 - type: integer 
	Parameter C_HAS_I_CE bound to: 0 - type: integer 
	Parameter C_HAS_QDPO bound to: 0 - type: integer 
	Parameter C_HAS_QDPO_CE bound to: 0 - type: integer 
	Parameter C_HAS_QDPO_CLK bound to: 0 - type: integer 
	Parameter C_HAS_QDPO_RST bound to: 0 - type: integer 
	Parameter C_HAS_QDPO_SRST bound to: 0 - type: integer 
	Parameter C_HAS_QSPO bound to: 0 - type: integer 
	Parameter C_HAS_QSPO_CE bound to: 0 - type: integer 
	Parameter C_HAS_QSPO_RST bound to: 0 - type: integer 
	Parameter C_HAS_QSPO_SRST bound to: 0 - type: integer 
	Parameter C_HAS_SPO bound to: 1 - type: integer 
	Parameter C_HAS_WE bound to: 0 - type: integer 
	Parameter C_MEM_INIT_FILE bound to: simCPU_dist_mem_gen_0_0.mif - type: string 
	Parameter C_ELABORATION_DIR bound to: ./ - type: string 
	Parameter C_MEM_TYPE bound to: 0 - type: integer 
	Parameter C_PIPELINE_STAGES bound to: 0 - type: integer 
	Parameter C_QCE_JOINED bound to: 0 - type: integer 
	Parameter C_QUALIFY_WE bound to: 0 - type: integer 
	Parameter C_READ_MIF bound to: 1 - type: integer 
	Parameter C_REG_A_D_INPUTS bound to: 0 - type: integer 
	Parameter C_REG_DPRA_INPUT bound to: 0 - type: integer 
	Parameter C_SYNC_ENABLE bound to: 1 - type: integer 
	Parameter C_WIDTH bound to: 32 - type: integer 
	Parameter C_PARSER_TYPE bound to: 1 - type: integer 
INFO: [Synth 8-3491] module 'dist_mem_gen_v8_0_13' declared at 'c:/Users/liang/Desktop/OrgLab/lab4/simCPU/simCPU.gen/sources_1/bd/simCPU/ipshared/0bf5/hdl/dist_mem_gen_v8_0_vhsyn_rfs.vhd:3237' bound to instance 'U0' of component 'dist_mem_gen_v8_0_13' [c:/Users/liang/Desktop/OrgLab/lab4/simCPU/simCPU.gen/sources_1/bd/simCPU/ip/simCPU_dist_mem_gen_0_0/synth/simCPU_dist_mem_gen_0_0.vhd:132]
INFO: [Synth 8-256] done synthesizing module 'simCPU_dist_mem_gen_0_0' (16#1) [c:/Users/liang/Desktop/OrgLab/lab4/simCPU/simCPU.gen/sources_1/bd/simCPU/ip/simCPU_dist_mem_gen_0_0/synth/simCPU_dist_mem_gen_0_0.vhd:66]
INFO: [Synth 8-6157] synthesizing module 'simCPU_xlslice_0_0' [c:/Users/liang/Desktop/OrgLab/lab4/simCPU/simCPU.gen/sources_1/bd/simCPU/ip/simCPU_xlslice_0_0/synth/simCPU_xlslice_0_0.v:57]
INFO: [Synth 8-6157] synthesizing module 'xlslice_v1_0_2_xlslice' [c:/Users/liang/Desktop/OrgLab/lab4/simCPU/simCPU.gen/sources_1/bd/simCPU/ipshared/11d0/hdl/xlslice_v1_0_vl_rfs.v:13]
	Parameter DIN_WIDTH bound to: 32 - type: integer 
	Parameter DIN_FROM bound to: 11 - type: integer 
	Parameter DIN_TO bound to: 2 - type: integer 
INFO: [Synth 8-6155] done synthesizing module 'xlslice_v1_0_2_xlslice' (17#1) [c:/Users/liang/Desktop/OrgLab/lab4/simCPU/simCPU.gen/sources_1/bd/simCPU/ipshared/11d0/hdl/xlslice_v1_0_vl_rfs.v:13]
INFO: [Synth 8-6155] done synthesizing module 'simCPU_xlslice_0_0' (18#1) [c:/Users/liang/Desktop/OrgLab/lab4/simCPU/simCPU.gen/sources_1/bd/simCPU/ip/simCPU_xlslice_0_0/synth/simCPU_xlslice_0_0.v:57]
INFO: [Synth 8-6157] synthesizing module 'simCPU_xlslice_0_1' [c:/Users/liang/Desktop/OrgLab/lab4/simCPU/simCPU.gen/sources_1/bd/simCPU/ip/simCPU_xlslice_0_1/synth/simCPU_xlslice_0_1.v:57]
INFO: [Synth 8-6155] done synthesizing module 'simCPU_xlslice_0_1' (19#1) [c:/Users/liang/Desktop/OrgLab/lab4/simCPU/simCPU.gen/sources_1/bd/simCPU/ip/simCPU_xlslice_0_1/synth/simCPU_xlslice_0_1.v:57]
INFO: [Synth 8-6157] synthesizing module 'simCPU_util_vector_logic_0_0' [c:/Users/liang/Desktop/OrgLab/lab4/simCPU/simCPU.gen/sources_1/bd/simCPU/ip/simCPU_util_vector_logic_0_0/synth/simCPU_util_vector_logic_0_0.v:57]
INFO: [Synth 8-6157] synthesizing module 'util_vector_logic_v2_0_1_util_vector_logic' [c:/Users/liang/Desktop/OrgLab/lab4/simCPU/simCPU.gen/sources_1/bd/simCPU/ipshared/3f90/hdl/util_vector_logic_v2_0_vl_rfs.v:45]
	Parameter C_OPERATION bound to: not - type: string 
	Parameter C_SIZE bound to: 1 - type: integer 
INFO: [Synth 8-6155] done synthesizing module 'util_vector_logic_v2_0_1_util_vector_logic' (20#1) [c:/Users/liang/Desktop/OrgLab/lab4/simCPU/simCPU.gen/sources_1/bd/simCPU/ipshared/3f90/hdl/util_vector_logic_v2_0_vl_rfs.v:45]
INFO: [Synth 8-6155] done synthesizing module 'simCPU_util_vector_logic_0_0' (21#1) [c:/Users/liang/Desktop/OrgLab/lab4/simCPU/simCPU.gen/sources_1/bd/simCPU/ip/simCPU_util_vector_logic_0_0/synth/simCPU_util_vector_logic_0_0.v:57]
INFO: [Synth 8-6155] done synthesizing module 'simCPU' (22#1) [c:/Users/liang/Desktop/OrgLab/lab4/simCPU/simCPU.gen/sources_1/bd/simCPU/synth/simCPU.v:13]
INFO: [Synth 8-6155] done synthesizing module 'simCPU_wrapper' (23#1) [c:/Users/liang/Desktop/OrgLab/lab4/simCPU/simCPU.gen/sources_1/bd/simCPU/hdl/simCPU_wrapper.v:12]
---------------------------------------------------------------------------------
Finished RTL Elaboration : Time (s): cpu = 00:00:25 ; elapsed = 00:00:28 . Memory (MB): peak = 1452.219 ; gain = 341.141
---------------------------------------------------------------------------------
---------------------------------------------------------------------------------
Start Handling Custom Attributes
---------------------------------------------------------------------------------
---------------------------------------------------------------------------------
Finished Handling Custom Attributes : Time (s): cpu = 00:00:25 ; elapsed = 00:00:29 . Memory (MB): peak = 1452.219 ; gain = 341.141
---------------------------------------------------------------------------------
---------------------------------------------------------------------------------
Finished RTL Optimization Phase 1 : Time (s): cpu = 00:00:25 ; elapsed = 00:00:29 . Memory (MB): peak = 1452.219 ; gain = 341.141
---------------------------------------------------------------------------------
Netlist sorting complete. Time (s): cpu = 00:00:00 ; elapsed = 00:00:00.026 . Memory (MB): peak = 1452.219 ; gain = 0.000
INFO: [Netlist 29-17] Analyzing 1 Unisim elements for replacement
INFO: [Netlist 29-28] Unisim Transformation completed in 0 CPU seconds
INFO: [Project 1-570] Preparing netlist for logic optimization

Processing XDC Constraints
Initializing timing engine
Parsing XDC File [C:/Users/liang/Desktop/OrgLab/lab4/simCPU/simCPU.runs/synth_1/dont_touch.xdc]
Finished Parsing XDC File [C:/Users/liang/Desktop/OrgLab/lab4/simCPU/simCPU.runs/synth_1/dont_touch.xdc]
Completed Processing XDC Constraints

Netlist sorting complete. Time (s): cpu = 00:00:00 ; elapsed = 00:00:00 . Memory (MB): peak = 1452.219 ; gain = 0.000
INFO: [Project 1-111] Unisim Transformation Summary:
No Unisim elements were transformed.

Constraint Validation Runtime : Time (s): cpu = 00:00:00 ; elapsed = 00:00:00.015 . Memory (MB): peak = 1452.219 ; gain = 0.000
---------------------------------------------------------------------------------
Finished Constraint Validation : Time (s): cpu = 00:00:33 ; elapsed = 00:00:37 . Memory (MB): peak = 1452.219 ; gain = 341.141
---------------------------------------------------------------------------------
---------------------------------------------------------------------------------
Start Loading Part and Timing Information
---------------------------------------------------------------------------------
Loading part: xc7k160tffg676-2L
---------------------------------------------------------------------------------
Finished Loading Part and Timing Information : Time (s): cpu = 00:00:33 ; elapsed = 00:00:37 . Memory (MB): peak = 1452.219 ; gain = 341.141
---------------------------------------------------------------------------------
---------------------------------------------------------------------------------
Start Applying 'set_property' XDC Constraints
---------------------------------------------------------------------------------
Applied set_property KEEP_HIERARCHY = SOFT for simCPU_i. (constraint file  auto generated constraint).
Applied set_property KEEP_HIERARCHY = SOFT for simCPU_i/ROM. (constraint file  auto generated constraint).
Applied set_property KEEP_HIERARCHY = SOFT for simCPU_i/addr11_2. (constraint file  auto generated constraint).
Applied set_property KEEP_HIERARCHY = SOFT for simCPU_i/RAM_B_0. (constraint file  auto generated constraint).
Applied set_property KEEP_HIERARCHY = SOFT for simCPU_i/RAM_B_0/inst/RAM_B. (constraint file  auto generated constraint).
Applied set_property KEEP_HIERARCHY = SOFT for simCPU_i/pc11_2. (constraint file  auto generated constraint).
Applied set_property KEEP_HIERARCHY = SOFT for simCPU_i/util_vector_logic_0. (constraint file  auto generated constraint).
Applied set_property KEEP_HIERARCHY = SOFT for simCPU_i/MCPU_0. (constraint file  auto generated constraint).
---------------------------------------------------------------------------------
Finished applying 'set_property' XDC Constraints : Time (s): cpu = 00:00:33 ; elapsed = 00:00:37 . Memory (MB): peak = 1452.219 ; gain = 341.141
---------------------------------------------------------------------------------
---------------------------------------------------------------------------------
Finished RTL Optimization Phase 2 : Time (s): cpu = 00:00:33 ; elapsed = 00:00:38 . Memory (MB): peak = 1452.219 ; gain = 341.141
---------------------------------------------------------------------------------
---------------------------------------------------------------------------------
Start RTL Component Statistics 
---------------------------------------------------------------------------------
Detailed RTL Component Info : 
---------------------------------------------------------------------------------
Finished RTL Component Statistics 
---------------------------------------------------------------------------------
---------------------------------------------------------------------------------
Start Part Resource Summary
---------------------------------------------------------------------------------
Part Resources:
DSPs: 600 (col length:100)
BRAMs: 650 (col length: RAMB18 100 RAMB36 50)
---------------------------------------------------------------------------------
Finished Part Resource Summary
---------------------------------------------------------------------------------
---------------------------------------------------------------------------------
Start Cross Boundary and Area Optimization
---------------------------------------------------------------------------------
---------------------------------------------------------------------------------
Finished Cross Boundary and Area Optimization : Time (s): cpu = 00:00:35 ; elapsed = 00:00:40 . Memory (MB): peak = 1452.219 ; gain = 341.141
---------------------------------------------------------------------------------
---------------------------------------------------------------------------------
Start ROM, RAM, DSP, Shift Register and Retiming Reporting
---------------------------------------------------------------------------------

ROM: Preliminary Mapping	Report
+---------------------+--------------------------------------------------------+---------------+----------------+
|Module Name          | RTL Object                                             | Depth x Width | Implemented As | 
+---------------------+--------------------------------------------------------+---------------+----------------+
|rom                  | rom[1023]                                              | 1024x25       | LUT            | 
|dist_mem_gen_v8_0_13 | synth_options.dist_mem_inst/gen_rom.rom_inst/rom[1023] | 1024x25       | LUT            | 
+---------------------+--------------------------------------------------------+---------------+----------------+

---------------------------------------------------------------------------------
Finished ROM, RAM, DSP, Shift Register and Retiming Reporting
---------------------------------------------------------------------------------
---------------------------------------------------------------------------------
Start Applying XDC Timing Constraints
---------------------------------------------------------------------------------
---------------------------------------------------------------------------------
Finished Applying XDC Timing Constraints : Time (s): cpu = 00:00:42 ; elapsed = 00:00:47 . Memory (MB): peak = 1452.219 ; gain = 341.141
---------------------------------------------------------------------------------
---------------------------------------------------------------------------------
Start Timing Optimization
---------------------------------------------------------------------------------
---------------------------------------------------------------------------------
Finished Timing Optimization : Time (s): cpu = 00:00:42 ; elapsed = 00:00:47 . Memory (MB): peak = 1452.219 ; gain = 341.141
---------------------------------------------------------------------------------
---------------------------------------------------------------------------------
Start Technology Mapping
---------------------------------------------------------------------------------
---------------------------------------------------------------------------------
Finished Technology Mapping : Time (s): cpu = 00:00:42 ; elapsed = 00:00:47 . Memory (MB): peak = 1452.219 ; gain = 341.141
---------------------------------------------------------------------------------
---------------------------------------------------------------------------------
Start IO Insertion
---------------------------------------------------------------------------------
---------------------------------------------------------------------------------
Start Flattening Before IO Insertion
---------------------------------------------------------------------------------
---------------------------------------------------------------------------------
Finished Flattening Before IO Insertion
---------------------------------------------------------------------------------
---------------------------------------------------------------------------------
Start Final Netlist Cleanup
---------------------------------------------------------------------------------
---------------------------------------------------------------------------------
Finished Final Netlist Cleanup
---------------------------------------------------------------------------------
---------------------------------------------------------------------------------
Finished IO Insertion : Time (s): cpu = 00:00:46 ; elapsed = 00:00:51 . Memory (MB): peak = 1452.219 ; gain = 341.141
---------------------------------------------------------------------------------
---------------------------------------------------------------------------------
Start Renaming Generated Instances
---------------------------------------------------------------------------------
---------------------------------------------------------------------------------
Finished Renaming Generated Instances : Time (s): cpu = 00:00:46 ; elapsed = 00:00:51 . Memory (MB): peak = 1452.219 ; gain = 341.141
---------------------------------------------------------------------------------
---------------------------------------------------------------------------------
Start Rebuilding User Hierarchy
---------------------------------------------------------------------------------
---------------------------------------------------------------------------------
Finished Rebuilding User Hierarchy : Time (s): cpu = 00:00:46 ; elapsed = 00:00:51 . Memory (MB): peak = 1452.219 ; gain = 341.141
---------------------------------------------------------------------------------
---------------------------------------------------------------------------------
Start Renaming Generated Ports
---------------------------------------------------------------------------------
---------------------------------------------------------------------------------
Finished Renaming Generated Ports : Time (s): cpu = 00:00:46 ; elapsed = 00:00:51 . Memory (MB): peak = 1452.219 ; gain = 341.141
---------------------------------------------------------------------------------
---------------------------------------------------------------------------------
Start Handling Custom Attributes
---------------------------------------------------------------------------------
---------------------------------------------------------------------------------
Finished Handling Custom Attributes : Time (s): cpu = 00:00:46 ; elapsed = 00:00:51 . Memory (MB): peak = 1452.219 ; gain = 341.141
---------------------------------------------------------------------------------
---------------------------------------------------------------------------------
Start Renaming Generated Nets
---------------------------------------------------------------------------------
---------------------------------------------------------------------------------
Finished Renaming Generated Nets : Time (s): cpu = 00:00:46 ; elapsed = 00:00:51 . Memory (MB): peak = 1452.219 ; gain = 341.141
---------------------------------------------------------------------------------
---------------------------------------------------------------------------------
Start Writing Synthesis Report
---------------------------------------------------------------------------------

Report BlackBoxes: 
+------+--------------+----------+
|      |BlackBox name |Instances |
+------+--------------+----------+
|1     |MCPU          |         1|
+------+--------------+----------+

Report Cell Usage: 
+------+----------+------+
|      |Cell      |Count |
+------+----------+------+
|1     |MCPU_bbox |     1|
|2     |BUFG      |     1|
|3     |LUT1      |     1|
|4     |LUT5      |     7|
|5     |LUT6      |    20|
|6     |RAMB36E1  |     1|
|7     |IBUF      |     2|
+------+----------+------+
---------------------------------------------------------------------------------
Finished Writing Synthesis Report : Time (s): cpu = 00:00:46 ; elapsed = 00:00:51 . Memory (MB): peak = 1452.219 ; gain = 341.141
---------------------------------------------------------------------------------
Synthesis finished with 0 errors, 0 critical warnings and 0 warnings.
Synthesis Optimization Runtime : Time (s): cpu = 00:00:18 ; elapsed = 00:00:48 . Memory (MB): peak = 1452.219 ; gain = 341.141
Synthesis Optimization Complete : Time (s): cpu = 00:00:46 ; elapsed = 00:00:51 . Memory (MB): peak = 1452.219 ; gain = 341.141
INFO: [Project 1-571] Translating synthesized netlist
Parsing EDIF File [c:/Users/liang/Desktop/OrgLab/lab4/simCPU/simCPU.gen/sources_1/bd/simCPU/ip/simCPU_MCPU_0_0/src/MCPU.edf]
Finished Parsing EDIF File [c:/Users/liang/Desktop/OrgLab/lab4/simCPU/simCPU.gen/sources_1/bd/simCPU/ip/simCPU_MCPU_0_0/src/MCPU.edf]
Netlist sorting complete. Time (s): cpu = 00:00:00 ; elapsed = 00:00:00.030 . Memory (MB): peak = 1452.219 ; gain = 0.000
INFO: [Netlist 29-17] Analyzing 59 Unisim elements for replacement
INFO: [Netlist 29-28] Unisim Transformation completed in 0 CPU seconds
INFO: [Project 1-479] Netlist was created with Vivado 2020.2
INFO: [Project 1-570] Preparing netlist for logic optimization
INFO: [Opt 31-138] Pushed 1 inverter(s) to 2 load pin(s).
Netlist sorting complete. Time (s): cpu = 00:00:00 ; elapsed = 00:00:00.001 . Memory (MB): peak = 1452.219 ; gain = 0.000
INFO: [Project 1-111] Unisim Transformation Summary:
No Unisim elements were transformed.

INFO: [Common 17-83] Releasing license: Synthesis
48 Infos, 20 Warnings, 0 Critical Warnings and 0 Errors encountered.
synth_design completed successfully
synth_design: Time (s): cpu = 00:00:53 ; elapsed = 00:01:00 . Memory (MB): peak = 1452.219 ; gain = 341.141
INFO: [Common 17-1381] The checkpoint 'C:/Users/liang/Desktop/OrgLab/lab4/simCPU/simCPU.runs/synth_1/simCPU_wrapper.dcp' has been generated.
INFO: [runtcl-4] Executing : report_utilization -file simCPU_wrapper_utilization_synth.rpt -pb simCPU_wrapper_utilization_synth.pb
INFO: [Common 17-206] Exiting Vivado at Tue May 18 18:59:16 2021...
