#-----------------------------------------------------------
# Vivado v2020.2 (64-bit)
# SW Build 3064766 on Wed Nov 18 09:12:45 MST 2020
# IP Build 3064653 on Wed Nov 18 14:17:31 MST 2020
# Start of session at: Sun Jun 27 03:56:15 2021
# Process ID: 18360
# Current directory: C:/Users/liang/Desktop/OrgLab/lab4/CPUC
# Command line: vivado.exe -gui_launcher_event rodinguilauncherevent2356 C:\Users\liang\Desktop\OrgLab\lab4\CPUC\CPUC.xpr
# Log file: C:/Users/liang/Desktop/OrgLab/lab4/CPUC/vivado.log
# Journal file: C:/Users/liang/Desktop/OrgLab/lab4/CPUC\vivado.jou
#-----------------------------------------------------------
start_gui
open_project C:/Users/liang/Desktop/OrgLab/lab4/CPUC/CPUC.xpr
WARNING: [filemgmt 56-3] Default IP Output Path : Could not find the directory 'C:/Users/liang/Desktop/OrgLab/lab4/CPUC/CPUC.gen/sources_1'.
Scanning sources...
Finished scanning sources
INFO: [IP_Flow 19-234] Refreshing IP repositories
INFO: [IP_Flow 19-1700] Loaded user IP repository 'c:/Users/liang/Desktop/OrgLab/lab4/CPUC/CPUC.srcs/sources_1/new'.
INFO: [IP_Flow 19-2313] Loaded Vivado IP repository 'D:/Vivado/2020.2/data/ip'.
open_project: Time (s): cpu = 00:00:18 ; elapsed = 00:00:08 . Memory (MB): peak = 1313.309 ; gain = 0.000
update_compile_order -fileset sources_1
exit
INFO: [Common 17-206] Exiting Vivado at Sun Jun 27 04:14:25 2021...
