INFO: [VRFC 10-2263] Analyzing Verilog file "C:/Users/liang/Desktop/OrgLab/lab4/simCPU/simCPU.sim/sim_1/synth/timing/xsim/simCPU_wrapper_time_synth.v" into library xil_defaultlib
INFO: [VRFC 10-311] analyzing module simCPU
INFO: [VRFC 10-311] analyzing module simCPU_MCPU_0_0
INFO: [VRFC 10-311] analyzing module simCPU_MCPU_0_0_ALU
INFO: [VRFC 10-311] analyzing module simCPU_MCPU_0_0_ALU_MUX8T1_32_0_0
INFO: [VRFC 10-311] analyzing module simCPU_MCPU_0_0_ALU_SignalExt_32_0_0
INFO: [VRFC 10-311] analyzing module simCPU_MCPU_0_0_ALU_addc_32_0_0
INFO: [VRFC 10-311] analyzing module simCPU_MCPU_0_0_ALU_nor32_0_0
INFO: [VRFC 10-311] analyzing module simCPU_MCPU_0_0_ALU_or32_0_0
INFO: [VRFC 10-311] analyzing module simCPU_MCPU_0_0_ALU_or_bit_32_0_0
INFO: [VRFC 10-311] analyzing module simCPU_MCPU_0_0_ALU_srl32_0_0
INFO: [VRFC 10-311] analyzing module simCPU_MCPU_0_0_ALU_wrapper
INFO: [VRFC 10-311] analyzing module simCPU_MCPU_0_0_ALU_xlconcat_0_0
INFO: [VRFC 10-311] analyzing module simCPU_MCPU_0_0_ALU_xlslice_0_0
INFO: [VRFC 10-311] analyzing module simCPU_MCPU_0_0_ALU_xlslice_0_1
INFO: [VRFC 10-311] analyzing module simCPU_MCPU_0_0_ALU_xlslice_2_0
INFO: [VRFC 10-311] analyzing module simCPU_MCPU_0_0_ALU_xor32_0_0
INFO: [VRFC 10-311] analyzing module simCPU_MCPU_0_0_ALU_xor32_1_0
INFO: [VRFC 10-311] analyzing module simCPU_MCPU_0_0_ImmGen
INFO: [VRFC 10-311] analyzing module simCPU_MCPU_0_0_MSCPU
INFO: [VRFC 10-311] analyzing module simCPU_MCPU_0_0_MSCPU_SCPU_ctrl_0_0
INFO: [VRFC 10-311] analyzing module simCPU_MCPU_0_0_MSCPU_datapath_0_0
INFO: [VRFC 10-311] analyzing module simCPU_MCPU_0_0_MSCPU_wrapper
INFO: [VRFC 10-311] analyzing module simCPU_MCPU_0_0_MSCPU_xlslice_0_0
INFO: [VRFC 10-311] analyzing module simCPU_MCPU_0_0_MSCPU_xlslice_1_0
INFO: [VRFC 10-311] analyzing module simCPU_MCPU_0_0_MSCPU_xlslice_2_0
INFO: [VRFC 10-311] analyzing module simCPU_MCPU_0_0_MUX2T1_32
INFO: [VRFC 10-311] analyzing module simCPU_MCPU_0_0_MUX2T1_32_HD1
INFO: [VRFC 10-311] analyzing module simCPU_MCPU_0_0_MUX2T1_32_HD2
INFO: [VRFC 10-311] analyzing module simCPU_MCPU_0_0_MUX4T1_32
INFO: [VRFC 10-311] analyzing module simCPU_MCPU_0_0_MUX8T1_32
INFO: [VRFC 10-311] analyzing module simCPU_MCPU_0_0_REG32
INFO: [VRFC 10-311] analyzing module simCPU_MCPU_0_0_SCPU_ctrl
INFO: [VRFC 10-311] analyzing module simCPU_MCPU_0_0_SignalExt_32
INFO: [VRFC 10-311] analyzing module simCPU_MCPU_0_0_add_32
INFO: [VRFC 10-311] analyzing module simCPU_MCPU_0_0_add_32_HD1
INFO: [VRFC 10-311] analyzing module simCPU_MCPU_0_0_addc_32
INFO: [VRFC 10-311] analyzing module simCPU_MCPU_0_0_datapath
INFO: [VRFC 10-311] analyzing module simCPU_MCPU_0_0_datapath_ALU_wrapper_0_1
INFO: [VRFC 10-311] analyzing module simCPU_MCPU_0_0_datapath_ImmGen_0_0
INFO: [VRFC 10-311] analyzing module simCPU_MCPU_0_0_datapath_MUX2T1_32_0_0
INFO: [VRFC 10-311] analyzing module simCPU_MCPU_0_0_datapath_MUX2T1_32_1_0
INFO: [VRFC 10-311] analyzing module simCPU_MCPU_0_0_datapath_MUX2T1_32_2_0
INFO: [VRFC 10-311] analyzing module simCPU_MCPU_0_0_datapath_MUX4T1_32_0_0
INFO: [VRFC 10-311] analyzing module simCPU_MCPU_0_0_datapath_REG32_0_0
INFO: [VRFC 10-311] analyzing module simCPU_MCPU_0_0_datapath_add_32_0_0
INFO: [VRFC 10-311] analyzing module simCPU_MCPU_0_0_datapath_add_32_1_0
INFO: [VRFC 10-311] analyzing module simCPU_MCPU_0_0_datapath_util_vector_logic_0_0
INFO: [VRFC 10-311] analyzing module simCPU_MCPU_0_0_datapath_wrapper
INFO: [VRFC 10-311] analyzing module simCPU_MCPU_0_0_nor32
INFO: [VRFC 10-311] analyzing module simCPU_MCPU_0_0_or32
INFO: [VRFC 10-311] analyzing module simCPU_MCPU_0_0_or_bit_32
INFO: [VRFC 10-311] analyzing module simCPU_MCPU_0_0_srl32
INFO: [VRFC 10-311] analyzing module simCPU_MCPU_0_0_xor32
INFO: [VRFC 10-311] analyzing module simCPU_MCPU_0_0_xor32_HD1
INFO: [VRFC 10-311] analyzing module simCPU_RAM_B_0_0
INFO: [VRFC 10-311] analyzing module simCPU_RAM_B_0_0_RAM
INFO: [VRFC 10-311] analyzing module simCPU_RAM_B_0_0_RAM_B
INFO: [VRFC 10-311] analyzing module simCPU_dist_mem_gen_0_0
INFO: [VRFC 10-311] analyzing module simCPU_util_vector_logic_0_0
INFO: [VRFC 10-311] analyzing module simCPU_wrapper
INFO: [VRFC 10-311] analyzing module simCPU_xlslice_0_0
INFO: [VRFC 10-311] analyzing module simCPU_xlslice_0_1
INFO: [VRFC 10-311] analyzing module simCPU_RAM_B_0_0_blk_mem_gen_generic_cstr
INFO: [VRFC 10-311] analyzing module simCPU_RAM_B_0_0_blk_mem_gen_prim_width
INFO: [VRFC 10-311] analyzing module simCPU_RAM_B_0_0_blk_mem_gen_prim_wrapper_init
INFO: [VRFC 10-311] analyzing module simCPU_RAM_B_0_0_blk_mem_gen_top
INFO: [VRFC 10-311] analyzing module simCPU_RAM_B_0_0_blk_mem_gen_v8_4_4
INFO: [VRFC 10-311] analyzing module simCPU_RAM_B_0_0_blk_mem_gen_v8_4_4_synth
INFO: [VRFC 10-311] analyzing module simCPU_dist_mem_gen_0_0_dist_mem_gen_v8_0_13
INFO: [VRFC 10-311] analyzing module simCPU_dist_mem_gen_0_0_dist_mem_gen_v8_0_13_synth
INFO: [VRFC 10-311] analyzing module simCPU_dist_mem_gen_0_0_rom
INFO: [VRFC 10-311] analyzing module glbl
