Copyright 1986-2020 Xilinx, Inc. All Rights Reserved.
------------------------------------------------------------------------------------
| Tool Version : Vivado v.2020.2 (win64) Build 3064766 Wed Nov 18 09:12:45 MST 2020
| Date         : Sun Jun 27 14:53:44 2021
| Host         : DESKTOP-LII7R1O running 64-bit major release  (build 9200)
| Command      : upgrade_ip
| Device       : xc7k160tffg676-2L
------------------------------------------------------------------------------------

Upgrade Log for IP 'simPipeCPU_pCPU_0_0'

1. Summary
----------

SUCCESS in the upgrade of simPipeCPU_pCPU_0_0 (xilinx.com:user:pCPU:1.0) from (Rev. 2) to (Rev. 3)






Copyright 1986-2020 Xilinx, Inc. All Rights Reserved.
------------------------------------------------------------------------------------
| Tool Version : Vivado v.2020.2 (win64) Build 3064766 Wed Nov 18 09:12:45 MST 2020
| Date         : Sun Jun 27 04:41:00 2021
| Host         : DESKTOP-LII7R1O running 64-bit major release  (build 9200)
| Command      : upgrade_ip
| Device       : xc7k160tffg676-2L
------------------------------------------------------------------------------------

Upgrade Log for IP 'simPipeCPU_pCPU_0_0'

1. Summary
----------

SUCCESS in the conversion of simPipeCPU_pCPU_0_0 (xilinx.com:user:pCPU:1.0 (Rev. 2)) to Vivado generation flows.






Copyright 1986-2020 Xilinx, Inc. All Rights Reserved.
------------------------------------------------------------------------------------
| Tool Version : Vivado v.2020.2 (win64) Build 3064766 Wed Nov 18 09:12:45 MST 2020
| Date         : Thu Jun 24 21:32:09 2021
| Host         : DESKTOP-LII7R1O running 64-bit major release  (build 9200)
| Command      : upgrade_ip
| Device       : xc7k160tffg676-2L
------------------------------------------------------------------------------------

Upgrade Log for IP 'simPipeCPU_pCPU_0_0'

1. Summary
----------

SUCCESS in the conversion of simPipeCPU_pCPU_0_0 (xilinx.com:user:pCPU:1.0 (Rev. 2)) to Vivado generation flows.






Copyright 1986-2020 Xilinx, Inc. All Rights Reserved.
------------------------------------------------------------------------------------
| Tool Version : Vivado v.2020.2 (win64) Build 3064766 Wed Nov 18 09:12:45 MST 2020
| Date         : Thu Jun 24 19:07:08 2021
| Host         : DESKTOP-LII7R1O running 64-bit major release  (build 9200)
| Command      : upgrade_ip
| Device       : xc7k160tffg676-2L
------------------------------------------------------------------------------------

Upgrade Log for IP 'simPipeCPU_pCPU_0_0'

1. Summary
----------

CAUTION (success, with warnings) in the conversion of simPipeCPU_pCPU_0_0 (xilinx.com:user:pCPU:1.0 (Rev. 2)) to Vivado generation flows.

After upgrade, an IP may have parameter and port differences compared to the original customization. Please review the parameters within the IP customization GUI to ensure proper functionality. Also, please review the updated IP instantiation template to ensure proper connectivity, and update your design if required.

2. Connection Warnings
----------------------

Detected external port differences while upgrading 'simPipeCPU_pCPU_0_0'. These changes may impact your design.


-Upgrade has added port 'PC_if'

-Upgrade has added port 'inst_if'







Copyright 1986-2020 Xilinx, Inc. All Rights Reserved.
------------------------------------------------------------------------------------
| Tool Version : Vivado v.2020.2 (win64) Build 3064766 Wed Nov 18 09:12:45 MST 2020
| Date         : Thu Jun 24 03:48:51 2021
| Host         : DESKTOP-LII7R1O running 64-bit major release  (build 9200)
| Command      : upgrade_ip
| Device       : xc7k160tffg676-2L
------------------------------------------------------------------------------------

Upgrade Log for IP 'simPipeCPU_pCPU_0_0'

1. Summary
----------

SUCCESS in the upgrade of simPipeCPU_pCPU_0_0 (xilinx.com:user:pCPU:1.0) from (Rev. 3) to (Rev. 2)






Copyright 1986-2020 Xilinx, Inc. All Rights Reserved.
------------------------------------------------------------------------------------
| Tool Version : Vivado v.2020.2 (win64) Build 3064766 Wed Nov 18 09:12:45 MST 2020
| Date         : Thu Jun 24 02:37:04 2021
| Host         : DESKTOP-LII7R1O running 64-bit major release  (build 9200)
| Command      : upgrade_ip
| Device       : xc7k160tffg676-2L
------------------------------------------------------------------------------------

Upgrade Log for IP 'simPipeCPU_pCPU_0_0'

1. Summary
----------

SUCCESS in the conversion of simPipeCPU_pCPU_0_0 (xilinx.com:user:pCPU:1.0 (Rev. 3)) to Vivado generation flows.






Copyright 1986-2020 Xilinx, Inc. All Rights Reserved.
------------------------------------------------------------------------------------
| Tool Version : Vivado v.2020.2 (win64) Build 3064766 Wed Nov 18 09:12:45 MST 2020
| Date         : Thu Jun 24 01:08:16 2021
| Host         : DESKTOP-LII7R1O running 64-bit major release  (build 9200)
| Command      : upgrade_ip
| Device       : xc7k160tffg676-2L
------------------------------------------------------------------------------------

Upgrade Log for IP 'simPipeCPU_pCPU_0_0'

1. Summary
----------

SUCCESS in the upgrade of simPipeCPU_pCPU_0_0 (xilinx.com:user:pCPU:1.0) from (Rev. 2) to (Rev. 3)






Copyright 1986-2020 Xilinx, Inc. All Rights Reserved.
------------------------------------------------------------------------------------
| Tool Version : Vivado v.2020.2 (win64) Build 3064766 Wed Nov 18 09:12:45 MST 2020
| Date         : Wed Jun 23 23:22:06 2021
| Host         : DESKTOP-LII7R1O running 64-bit major release  (build 9200)
| Command      : upgrade_ip
| Device       : xc7k160tffg676-2L
------------------------------------------------------------------------------------

Upgrade Log for IP 'simPipeCPU_pCPU_0_0'

1. Summary
----------

SUCCESS in the conversion of simPipeCPU_pCPU_0_0 (xilinx.com:user:pCPU:1.0 (Rev. 2)) to Vivado generation flows.






Copyright 1986-2020 Xilinx, Inc. All Rights Reserved.
------------------------------------------------------------------------------------
| Tool Version : Vivado v.2020.2 (win64) Build 3064766 Wed Nov 18 09:12:45 MST 2020
| Date         : Wed Jun 23 21:23:28 2021
| Host         : DESKTOP-LII7R1O running 64-bit major release  (build 9200)
| Command      : upgrade_ip
| Device       : xc7k160tffg676-2L
------------------------------------------------------------------------------------

Upgrade Log for IP 'simPipeCPU_pCPU_0_0'

1. Summary
----------

SUCCESS in the conversion of simPipeCPU_pCPU_0_0 (xilinx.com:user:pCPU:1.0 (Rev. 2)) to Vivado generation flows.






Copyright 1986-2020 Xilinx, Inc. All Rights Reserved.
------------------------------------------------------------------------------------
| Tool Version : Vivado v.2020.2 (win64) Build 3064766 Wed Nov 18 09:12:45 MST 2020
| Date         : Wed Jun 23 20:58:27 2021
| Host         : DESKTOP-LII7R1O running 64-bit major release  (build 9200)
| Command      : upgrade_ip
| Device       : xc7k160tffg676-2L
------------------------------------------------------------------------------------

Upgrade Log for IP 'simPipeCPU_pCPU_0_0'

1. Summary
----------

SUCCESS in the upgrade of simPipeCPU_pCPU_0_0 (xilinx.com:user:pCPU:1.0) from (Rev. 3) to (Rev. 2)






Copyright 1986-2020 Xilinx, Inc. All Rights Reserved.
------------------------------------------------------------------------------------
| Tool Version : Vivado v.2020.2 (win64) Build 3064766 Wed Nov 18 09:12:45 MST 2020
| Date         : Wed Jun 23 20:14:17 2021
| Host         : DESKTOP-LII7R1O running 64-bit major release  (build 9200)
| Command      : upgrade_ip
| Device       : xc7k160tffg676-2L
------------------------------------------------------------------------------------

Upgrade Log for IP 'simPipeCPU_pCPU_0_0'

1. Summary
----------

CAUTION (success, with warnings) in the upgrade of simPipeCPU_pCPU_0_0 (xilinx.com:user:pCPU:1.0) from (Rev. 2) to (Rev. 3)

After upgrade, an IP may have parameter and port differences compared to the original customization. Please review the parameters within the IP customization GUI to ensure proper functionality. Also, please review the updated IP instantiation template to ensure proper connectivity, and update your design if required.

2. Connection Warnings
----------------------

Detected external port differences while upgrading 'simPipeCPU_pCPU_0_0'. These changes may impact your design.


-Upgrade has removed port 'PC'

-Upgrade has added port 'PC_out'







Copyright 1986-2020 Xilinx, Inc. All Rights Reserved.
------------------------------------------------------------------------------------
| Tool Version : Vivado v.2020.2 (win64) Build 3064766 Wed Nov 18 09:12:45 MST 2020
| Date         : Wed Jun 23 19:10:17 2021
| Host         : DESKTOP-LII7R1O running 64-bit major release  (build 9200)
| Command      : upgrade_ip
| Device       : xc7k160tffg676-2L
------------------------------------------------------------------------------------

Upgrade Log for IP 'simPipeCPU_pCPU_0_0'

1. Summary
----------

SUCCESS in the conversion of simPipeCPU_pCPU_0_0 (xilinx.com:user:pCPU:1.0 (Rev. 2)) to Vivado generation flows.






Copyright 1986-2020 Xilinx, Inc. All Rights Reserved.
------------------------------------------------------------------------------------
| Tool Version : Vivado v.2020.2 (win64) Build 3064766 Wed Nov 18 09:12:45 MST 2020
| Date         : Wed Jun 23 19:05:32 2021
| Host         : DESKTOP-LII7R1O running 64-bit major release  (build 9200)
| Command      : upgrade_ip
| Device       : xc7k160tffg676-2L
------------------------------------------------------------------------------------

Upgrade Log for IP 'simPipeCPU_pCPU_0_0'

1. Summary
----------

SUCCESS in the conversion of simPipeCPU_pCPU_0_0 (xilinx.com:user:pCPU:1.0 (Rev. 2)) to Vivado generation flows.






Copyright 1986-2020 Xilinx, Inc. All Rights Reserved.
------------------------------------------------------------------------------------
| Tool Version : Vivado v.2020.2 (win64) Build 3064766 Wed Nov 18 09:12:45 MST 2020
| Date         : Wed Jun 23 19:00:15 2021
| Host         : DESKTOP-LII7R1O running 64-bit major release  (build 9200)
| Command      : upgrade_ip
| Device       : xc7k160tffg676-2L
------------------------------------------------------------------------------------

Upgrade Log for IP 'simPipeCPU_pCPU_0_0'

1. Summary
----------

SUCCESS in the conversion of simPipeCPU_pCPU_0_0 (xilinx.com:user:pCPU:1.0 (Rev. 2)) to Vivado generation flows.






Copyright 1986-2020 Xilinx, Inc. All Rights Reserved.
------------------------------------------------------------------------------------
| Tool Version : Vivado v.2020.2 (win64) Build 3064766 Wed Nov 18 09:12:45 MST 2020
| Date         : Wed Jun 23 17:21:31 2021
| Host         : DESKTOP-LII7R1O running 64-bit major release  (build 9200)
| Command      : upgrade_ip
| Device       : xc7k160tffg676-2L
------------------------------------------------------------------------------------

Upgrade Log for IP 'simPipeCPU_pCPU_0_0'

1. Summary
----------

CAUTION (success, with warnings) in the conversion of simPipeCPU_pCPU_0_0 (xilinx.com:user:pCPU:1.0 (Rev. 2)) to Vivado generation flows.

After upgrade, an IP may have parameter and port differences compared to the original customization. Please review the parameters within the IP customization GUI to ensure proper functionality. Also, please review the updated IP instantiation template to ensure proper connectivity, and update your design if required.

2. Connection Warnings
----------------------

Detected external port differences while upgrading 'simPipeCPU_pCPU_0_0'. These changes may impact your design.


-Upgrade has removed port 'inst'

-Upgrade has added port 'instr'







Copyright 1986-2020 Xilinx, Inc. All Rights Reserved.
------------------------------------------------------------------------------------
| Tool Version : Vivado v.2020.2 (win64) Build 3064766 Wed Nov 18 09:12:45 MST 2020
| Date         : Wed Jun 23 17:18:41 2021
| Host         : DESKTOP-LII7R1O running 64-bit major release  (build 9200)
| Command      : upgrade_ip
| Device       : xc7k160tffg676-2L
------------------------------------------------------------------------------------

Upgrade Log for IP 'simPipeCPU_pCPU_0_0'

1. Summary
----------

SUCCESS in the conversion of simPipeCPU_pCPU_0_0 (xilinx.com:user:pCPU:1.0 (Rev. 2)) to Vivado generation flows.






Copyright 1986-2020 Xilinx, Inc. All Rights Reserved.
------------------------------------------------------------------------------------
| Tool Version : Vivado v.2020.2 (win64) Build 3064766 Wed Nov 18 09:12:45 MST 2020
| Date         : Mon Jun 21 17:05:55 2021
| Host         : DESKTOP-LII7R1O running 64-bit major release  (build 9200)
| Command      : upgrade_ip
| Device       : xc7k160tffg676-2L
------------------------------------------------------------------------------------

Upgrade Log for IP 'simPipeCPU_Pipeline_CPU_0_0'

1. Summary
----------

SUCCESS in the conversion of simPipeCPU_Pipeline_CPU_0_0 (xilinx.com:user:Pipeline_CPU:1.0 (Rev. 2)) to Vivado generation flows.

