#-----------------------------------------------------------
# Vivado v2020.2 (64-bit)
# SW Build 3064766 on Wed Nov 18 09:12:45 MST 2020
# IP Build 3064653 on Wed Nov 18 14:17:31 MST 2020
# Start of session at: Sun Jun 27 14:58:27 2021
# Process ID: 3668
# Current directory: C:/Users/liang/Desktop/OrgLab/lab05/simPipeCPU
# Command line: vivado.exe -gui_launcher_event rodinguilauncherevent9684 C:\Users\liang\Desktop\OrgLab\lab05\simPipeCPU\simPipeCPU.xpr
# Log file: C:/Users/liang/Desktop/OrgLab/lab05/simPipeCPU/vivado.log
# Journal file: C:/Users/liang/Desktop/OrgLab/lab05/simPipeCPU\vivado.jou
#-----------------------------------------------------------
start_gui
open_project C:/Users/liang/Desktop/OrgLab/lab05/simPipeCPU/simPipeCPU.xpr
Scanning sources...
Finished scanning sources
INFO: [IP_Flow 19-234] Refreshing IP repositories
INFO: [IP_Flow 19-1700] Loaded user IP repository 'c:/Users/liang/Desktop/OrgLab/lab05/lab05_pipelinedCPU'.
INFO: [IP_Flow 19-1700] Loaded user IP repository 'c:/Users/liang/Desktop/OrgLab/lab05/piCPU'.
INFO: [IP_Flow 19-1700] Loaded user IP repository 'c:/Users/liang/Desktop/OrgLab/reference'.
INFO: [IP_Flow 19-2313] Loaded Vivado IP repository 'D:/Vivado/2020.2/data/ip'.
WARNING: [IP_Flow 19-1663] Duplicate IP found for 'xilinx.com:user:MUX2T1_5:1.0'. The one found in IP location 'c:/Users/liang/Desktop/OrgLab/reference/Lab0 Vivado介绍和模块封装（学生版）(1)/Lab0 Vivado介绍和模块封装（学生版）/OExp00/MUX2T1_5/MUX2T1_5.srcs/sources_1/imports/ip' will take precedence over the same IP in locations: 
   c:/Users/liang/Desktop/OrgLab/reference/Lab0 Vivado介绍和模块封装（学生版）(1)/Lab0 Vivado介绍和模块封装（学生版）/OExp00/OExp00-Element/IP/MUX/MUX2T1_5/MUX2T1_5.srcs/sources_1/imports/ip
   c:/Users/liang/Desktop/OrgLab/reference/Lab0 Vivado介绍和模块封装（学生版）(1)/Lab0 Vivado介绍和模块封装（学生版）/OExp00/OExp00-muxctrl/MUX/MUX2T1_5/MUX2T1_5.srcs/MUX2T1_5
   c:/Users/liang/Desktop/OrgLab/reference/Lab01 warmup（学生版）(1)/Lab01 warmup（学生版）/OExp01/OExp01-ALU/IP_Include/MUX/MUX2T1_5/MUX2T1_5.srcs/sources_1/imports/ip
   c:/Users/liang/Desktop/OrgLab/reference/Lab02CPU/Lab02CPU/OExp02-IP2SOC/IP/MUX/MUX2T1_5/MUX2T1_5.srcs/sources_1/imports/ip
WARNING: [IP_Flow 19-1663] Duplicate IP found for 'xilinx.com:user:addc_32:1.0'. The one found in IP location 'c:/Users/liang/Desktop/OrgLab/reference/Lab0 Vivado介绍和模块封装（学生版）(1)/Lab0 Vivado介绍和模块封装（学生版）/OExp00/OExp00-Element/IP/Logic/addc_32/addc_32.srcs/sources_1/imports/Logic_W' will take precedence over the same IP in locations: 
   c:/Users/liang/Desktop/OrgLab/reference/Lab01 warmup（学生版）(1)/Lab01 warmup（学生版）/OExp01/OExp01-ALU/IP_Include/Logic/addc_32/addc_32.srcs/sources_1/imports/Logic_W
   c:/Users/liang/Desktop/OrgLab/reference/Lab02CPU/Lab02CPU/OExp02-IP2SOC/IP/Logic/addc_32/addc_32.srcs/sources_1/imports/Logic_W
WARNING: [IP_Flow 19-1663] Duplicate IP found for 'xilinx.com:user:add_32:1.0'. The one found in IP location 'c:/Users/liang/Desktop/OrgLab/reference/Lab0 Vivado介绍和模块封装（学生版）(1)/Lab0 Vivado介绍和模块封装（学生版）/OExp00/OExp00-Element/IP/Logic/add_32/add_32.srcs/sources_1/imports/Logic_W' will take precedence over the same IP in locations: 
   c:/Users/liang/Desktop/OrgLab/reference/Lab01 warmup（学生版）(1)/Lab01 warmup（学生版）/OExp01/OExp01-ALU/IP_Include/Logic/add_32/add_32.srcs/sources_1/imports/Logic_W
   c:/Users/liang/Desktop/OrgLab/reference/Lab02CPU/Lab02CPU/OExp02-IP2SOC/IP/Logic/add_32/add_32.srcs/sources_1/imports/Logic_W
WARNING: [IP_Flow 19-1663] Duplicate IP found for 'xilinx.com:user:and32:1.0'. The one found in IP location 'c:/Users/liang/Desktop/OrgLab/reference/Lab0 Vivado介绍和模块封装（学生版）(1)/Lab0 Vivado介绍和模块封装（学生版）/OExp00/OExp00-Element/IP/Logic/and32/and32.srcs/sources_1/imports/Logic_W' will take precedence over the same IP in locations: 
   c:/Users/liang/Desktop/OrgLab/reference/Lab01 warmup（学生版）(1)/Lab01 warmup（学生版）/OExp01/OExp01-ALU/IP_Include/Logic/and32/and32.srcs/sources_1/imports/Logic_W
   c:/Users/liang/Desktop/OrgLab/reference/Lab02CPU/Lab02CPU/OExp02-IP2SOC/IP/Logic/and32/and32.srcs/sources_1/imports/Logic_W
WARNING: [IP_Flow 19-1663] Duplicate IP found for 'xilinx.com:user:Ext_imm16:1.0'. The one found in IP location 'c:/Users/liang/Desktop/OrgLab/reference/Lab0 Vivado介绍和模块封装（学生版）(1)/Lab0 Vivado介绍和模块封装（学生版）/OExp00/OExp00-Element/IP/Logic/Ext_imm16/Ext_imm16.srcs/sources_1/imports/Logic_W' will take precedence over the same IP in locations: 
   c:/Users/liang/Desktop/OrgLab/reference/Lab01 warmup（学生版）(1)/Lab01 warmup（学生版）/OExp01/OExp01-ALU/IP_Include/Logic/Ext_imm16/Ext_imm16.srcs/sources_1/imports/Logic_W
   c:/Users/liang/Desktop/OrgLab/reference/Lab02CPU/Lab02CPU/OExp02-IP2SOC/IP/Logic/Ext_imm16/Ext_imm16.srcs/sources_1/imports/Logic_W
WARNING: [IP_Flow 19-1663] Duplicate IP found for 'xilinx.com:user:nor32:1.0'. The one found in IP location 'c:/Users/liang/Desktop/OrgLab/reference/Lab0 Vivado介绍和模块封装（学生版）(1)/Lab0 Vivado介绍和模块封装（学生版）/OExp00/OExp00-Element/IP/Logic/nor32/nor32.srcs/sources_1/imports/Logic_W' will take precedence over the same IP in locations: 
   c:/Users/liang/Desktop/OrgLab/reference/Lab01 warmup（学生版）(1)/Lab01 warmup（学生版）/OExp01/OExp01-ALU/IP_Include/Logic/nor32/nor32.srcs/sources_1/imports/Logic_W
   c:/Users/liang/Desktop/OrgLab/reference/Lab02CPU/Lab02CPU/OExp02-IP2SOC/IP/Logic/nor32/nor32.srcs/sources_1/imports/Logic_W
WARNING: [IP_Flow 19-1663] Duplicate IP found for 'xilinx.com:user:or32:1.0'. The one found in IP location 'c:/Users/liang/Desktop/OrgLab/reference/Lab0 Vivado介绍和模块封装（学生版）(1)/Lab0 Vivado介绍和模块封装（学生版）/OExp00/OExp00-Element/IP/Logic/or32/or32.srcs/sources_1/imports/Logic_W' will take precedence over the same IP in locations: 
   c:/Users/liang/Desktop/OrgLab/reference/Lab01 warmup（学生版）(1)/Lab01 warmup（学生版）/OExp01/OExp01-ALU/IP_Include/Logic/or32/or32.srcs/sources_1/imports/Logic_W
   c:/Users/liang/Desktop/OrgLab/reference/Lab02CPU/Lab02CPU/OExp02-IP2SOC/IP/Logic/or32/or32.srcs/sources_1/imports/Logic_W
WARNING: [IP_Flow 19-1663] Duplicate IP found for 'xilinx.com:user:or_bit_32:1.0'. The one found in IP location 'c:/Users/liang/Desktop/OrgLab/reference/Lab0 Vivado介绍和模块封装（学生版）(1)/Lab0 Vivado介绍和模块封装（学生版）/OExp00/OExp00-Element/IP/Logic/or_bit_32/or_bit_32.srcs/sources_1/imports/Logic_W' will take precedence over the same IP in locations: 
   c:/Users/liang/Desktop/OrgLab/reference/Lab01 warmup（学生版）(1)/Lab01 warmup（学生版）/OExp01/OExp01-ALU/IP_Include/Logic/or_bit_32/or_bit_32.srcs/sources_1/imports/Logic_W
   c:/Users/liang/Desktop/OrgLab/reference/Lab02CPU/Lab02CPU/OExp02-IP2SOC/IP/Logic/or_bit_32/or_bit_32.srcs/sources_1/imports/Logic_W
WARNING: [IP_Flow 19-1663] Duplicate IP found for 'xilinx.com:user:SignalExt_32:1.0'. The one found in IP location 'c:/Users/liang/Desktop/OrgLab/reference/Lab0 Vivado介绍和模块封装（学生版）(1)/Lab0 Vivado介绍和模块封装（学生版）/OExp00/OExp00-Element/IP/Logic/SignalExt_32/SignalExt_32.srcs/sources_1/imports/Logic_W' will take precedence over the same IP in locations: 
   c:/Users/liang/Desktop/OrgLab/reference/Lab01 warmup（学生版）(1)/Lab01 warmup（学生版）/OExp01/OExp01-ALU/IP_Include/Logic/SignalExt_32/SignalExt_32.srcs/sources_1/imports/Logic_W
   c:/Users/liang/Desktop/OrgLab/reference/Lab02CPU/Lab02CPU/OExp02-IP2SOC/IP/Logic/SignalExt_32/SignalExt_32.srcs/sources_1/imports/Logic_W
WARNING: [IP_Flow 19-1663] Duplicate IP found for 'xilinx.com:user:srl32:1.0'. The one found in IP location 'c:/Users/liang/Desktop/OrgLab/reference/Lab0 Vivado介绍和模块封装（学生版）(1)/Lab0 Vivado介绍和模块封装（学生版）/OExp00/OExp00-Element/IP/Logic/srl32/srl32.srcs/sources_1/imports/Logic_W' will take precedence over the same IP in locations: 
   c:/Users/liang/Desktop/OrgLab/reference/Lab01 warmup（学生版）(1)/Lab01 warmup（学生版）/OExp01/OExp01-ALU/IP_Include/Logic/srl32/srl32.srcs/sources_1/imports/Logic_W
   c:/Users/liang/Desktop/OrgLab/reference/Lab02CPU/Lab02CPU/OExp02-IP2SOC/IP/Logic/srl32/srl32.srcs/sources_1/imports/Logic_W
WARNING: [IP_Flow 19-1663] Duplicate IP found for 'xilinx.com:user:xor32:1.0'. The one found in IP location 'c:/Users/liang/Desktop/OrgLab/reference/Lab0 Vivado介绍和模块封装（学生版）(1)/Lab0 Vivado介绍和模块封装（学生版）/OExp00/OExp00-Element/IP/Logic/xor32/xor32.srcs/sources_1/imports/Logic_W' will take precedence over the same IP in locations: 
   c:/Users/liang/Desktop/OrgLab/reference/Lab01 warmup（学生版）(1)/Lab01 warmup（学生版）/OExp01/OExp01-ALU/IP_Include/Logic/xor32/xor32.srcs/sources_1/imports/Logic_W
   c:/Users/liang/Desktop/OrgLab/reference/Lab02CPU/Lab02CPU/OExp02-IP2SOC/IP/Logic/xor32/xor32.srcs/sources_1/imports/Logic_W
WARNING: [IP_Flow 19-1663] Duplicate IP found for 'xilinx.com:user:MUX2T1_32:1.0'. The one found in IP location 'c:/Users/liang/Desktop/OrgLab/reference/Lab0 Vivado介绍和模块封装（学生版）(1)/Lab0 Vivado介绍和模块封装（学生版）/OExp00/OExp00-Element/IP/MUX/MUX2T1_32/MUX2T1_32.srcs/sources_1/imports/MUX_W' will take precedence over the same IP in locations: 
   c:/Users/liang/Desktop/OrgLab/reference/Lab0 Vivado介绍和模块封装（学生版）(1)/Lab0 Vivado介绍和模块封装（学生版）/OExp00/OExp00-muxctrl/MUX/MUX2T1_32/MUX2T1_32.srcs/sources_1/new
   c:/Users/liang/Desktop/OrgLab/reference/Lab01 warmup（学生版）(1)/Lab01 warmup（学生版）/OExp01/OExp01-ALU/IP_Include/MUX/MUX2T1_32/MUX2T1_32.srcs/sources_1/imports/MUX_W
   c:/Users/liang/Desktop/OrgLab/reference/Lab02CPU/Lab02CPU/OExp02-IP2SOC/IP/MUX/MUX2T1_32/MUX2T1_32.srcs/sources_1/imports/MUX_W
WARNING: [IP_Flow 19-1663] Duplicate IP found for 'xilinx.com:user:MUX2T1_64:1.0'. The one found in IP location 'c:/Users/liang/Desktop/OrgLab/reference/Lab0 Vivado介绍和模块封装（学生版）(1)/Lab0 Vivado介绍和模块封装（学生版）/OExp00/OExp00-Element/IP/MUX/MUX2T1_64/MUX2T1_64.srcs/sources_1/imports/MUX_W' will take precedence over the same IP in locations: 
   c:/Users/liang/Desktop/OrgLab/reference/Lab0 Vivado介绍和模块封装（学生版）(1)/Lab0 Vivado介绍和模块封装（学生版）/OExp00/OExp00-muxctrl/MUX/MUX2T1_64/MUX2T1_64.srcs/sources_1/new
   c:/Users/liang/Desktop/OrgLab/reference/Lab01 warmup（学生版）(1)/Lab01 warmup（学生版）/OExp01/OExp01-ALU/IP_Include/MUX/MUX2T1_64/MUX2T1_64.srcs/sources_1/imports/MUX_W
   c:/Users/liang/Desktop/OrgLab/reference/Lab02CPU/Lab02CPU/OExp02-IP2SOC/IP/MUX/MUX2T1_64/MUX2T1_64.srcs/sources_1/imports/MUX_W
WARNING: [IP_Flow 19-1663] Duplicate IP found for 'xilinx.com:user:MUX2T1_8:1.0'. The one found in IP location 'c:/Users/liang/Desktop/OrgLab/reference/Lab0 Vivado介绍和模块封装（学生版）(1)/Lab0 Vivado介绍和模块封装（学生版）/OExp00/OExp00-Element/IP/MUX/MUX2T1_8/MUX2T1_8.srcs/sources_1/imports/MUX_W' will take precedence over the same IP in locations: 
   c:/Users/liang/Desktop/OrgLab/reference/Lab0 Vivado介绍和模块封装（学生版）(1)/Lab0 Vivado介绍和模块封装（学生版）/OExp00/OExp00-muxctrl/MUX/MUX2T1_8/MUX2T1_8.srcs/MUX2T1_8
   c:/Users/liang/Desktop/OrgLab/reference/Lab01 warmup（学生版）(1)/Lab01 warmup（学生版）/OExp01/OExp01-ALU/IP_Include/MUX/MUX2T1_8/MUX2T1_8.srcs/sources_1/imports/MUX_W
   c:/Users/liang/Desktop/OrgLab/reference/Lab02CPU/Lab02CPU/OExp02-IP2SOC/IP/MUX/MUX2T1_8/MUX2T1_8.srcs/sources_1/imports/MUX_W
WARNING: [IP_Flow 19-1663] Duplicate IP found for 'xilinx.com:user:MUX4T1_32:1.0'. The one found in IP location 'c:/Users/liang/Desktop/OrgLab/reference/Lab0 Vivado介绍和模块封装（学生版）(1)/Lab0 Vivado介绍和模块封装（学生版）/OExp00/OExp00-Element/IP/MUX/MUX4T1_32/MUX4T1_32.srcs/sources_1/imports/MUX_W' will take precedence over the same IP in locations: 
   c:/Users/liang/Desktop/OrgLab/reference/Lab0 Vivado介绍和模块封装（学生版）(1)/Lab0 Vivado介绍和模块封装（学生版）/OExp00/OExp00-muxctrl/MUX/MUX4T1_32/MUX4T1_32.srcs/sources_1/new
   c:/Users/liang/Desktop/OrgLab/reference/Lab01 warmup（学生版）(1)/Lab01 warmup（学生版）/OExp01/OExp01-ALU/IP_Include/MUX/MUX4T1_32/MUX4T1_32.srcs/sources_1/imports/MUX_W
   c:/Users/liang/Desktop/OrgLab/reference/Lab02CPU/Lab02CPU/OExp02-IP2SOC/IP/MUX/MUX4T1_32/MUX4T1_32.srcs/sources_1/imports/MUX_W
WARNING: [IP_Flow 19-1663] Duplicate IP found for 'xilinx.com:user:MUX4T1_5:1.0'. The one found in IP location 'c:/Users/liang/Desktop/OrgLab/reference/Lab0 Vivado介绍和模块封装（学生版）(1)/Lab0 Vivado介绍和模块封装（学生版）/OExp00/OExp00-Element/IP/MUX/MUX4T1_5/MUX4T1_5.srcs/sources_1/imports/MUX_W' will take precedence over the same IP in locations: 
   c:/Users/liang/Desktop/OrgLab/reference/Lab0 Vivado介绍和模块封装（学生版）(1)/Lab0 Vivado介绍和模块封装（学生版）/OExp00/OExp00-muxctrl/MUX/MUX4T1_5/MUX4T1_5.srcs/sources_1/new
   c:/Users/liang/Desktop/OrgLab/reference/Lab01 warmup（学生版）(1)/Lab01 warmup（学生版）/OExp01/OExp01-ALU/IP_Include/MUX/MUX4T1_5/MUX4T1_5.srcs/sources_1/imports/MUX_W
   c:/Users/liang/Desktop/OrgLab/reference/Lab02CPU/Lab02CPU/OExp02-IP2SOC/IP/MUX/MUX4T1_5/MUX4T1_5.srcs/sources_1/imports/MUX_W
WARNING: [IP_Flow 19-1663] Duplicate IP found for 'xilinx.com:user:MUX8T1_32:1.0'. The one found in IP location 'c:/Users/liang/Desktop/OrgLab/reference/Lab0 Vivado介绍和模块封装（学生版）(1)/Lab0 Vivado介绍和模块封装（学生版）/OExp00/OExp00-Element/IP/MUX/MUX8T1_32/MUX8T1_32.srcs/sources_1/imports/MUX_W' will take precedence over the same IP in locations: 
   c:/Users/liang/Desktop/OrgLab/reference/Lab0 Vivado介绍和模块封装（学生版）(1)/Lab0 Vivado介绍和模块封装（学生版）/OExp00/OExp00-muxctrl/MUX/MUX8T1_32/MUX8T1_32.srcs/sources_1/new
   c:/Users/liang/Desktop/OrgLab/reference/Lab01 warmup（学生版）(1)/Lab01 warmup（学生版）/OExp01/OExp01-ALU/IP_Include/MUX/MUX8T1_32/MUX8T1_32.srcs/sources_1/imports/MUX_W
   c:/Users/liang/Desktop/OrgLab/reference/Lab02CPU/Lab02CPU/OExp02-IP2SOC/IP/MUX/MUX8T1_32/MUX8T1_32.srcs/sources_1/imports/MUX_W
WARNING: [IP_Flow 19-1663] Duplicate IP found for 'xilinx.com:user:MUX8T1_8:1.0'. The one found in IP location 'c:/Users/liang/Desktop/OrgLab/reference/Lab0 Vivado介绍和模块封装（学生版）(1)/Lab0 Vivado介绍和模块封装（学生版）/OExp00/OExp00-Element/IP/MUX/MUX8T1_8/MUX8T1_8.srcs/sources_1/imports/MUX_W' will take precedence over the same IP in locations: 
   c:/Users/liang/Desktop/OrgLab/reference/Lab0 Vivado介绍和模块封装（学生版）(1)/Lab0 Vivado介绍和模块封装（学生版）/OExp00/OExp00-muxctrl/MUX/MUX8T1_8/MUX8T1_8.srcs/sources_1/new
   c:/Users/liang/Desktop/OrgLab/reference/Lab01 warmup（学生版）(1)/Lab01 warmup（学生版）/OExp01/OExp01-ALU/IP_Include/MUX/MUX8T1_8/MUX8T1_8.srcs/sources_1/imports/MUX_W
   c:/Users/liang/Desktop/OrgLab/reference/Lab02CPU/Lab02CPU/OExp02-IP2SOC/IP/MUX/MUX8T1_8/MUX8T1_8.srcs/sources_1/imports/MUX_W
WARNING: [IP_Flow 19-1663] Duplicate IP found for 'xilinx.com:user:SCPU_ctrl:1.0'. The one found in IP location 'c:/Users/liang/Desktop/OrgLab/reference/Lab04单周期CPU设计/Lab04单周期CPU设计/Lab04-0 CPU核集成设计（学生版）/Lab04-0 CPU核集成设计（学生版）/OExp04-IP2CPU/IP/scpu/OExp04-SCPU_ctrl/OExp04-SCPU_ctrl.srcs/sources_1/imports/CPU_W' will take precedence over the same IP in location c:/Users/liang/Desktop/OrgLab/reference/Lab04单周期CPU设计/Lab04单周期CPU设计/Lab04-1 CPU设计之数据通路（学生版）/Lab04-1 CPU设计之数据通路（学生版）/IP/scpu/OExp04-SCPU_ctrl/OExp04-SCPU_ctrl.srcs/sources_1/imports/CPU_W
open_project: Time (s): cpu = 00:00:16 ; elapsed = 00:00:10 . Memory (MB): peak = 1109.973 ; gain = 0.000
update_compile_order -fileset sources_1
open_bd_design {C:/Users/liang/Desktop/OrgLab/lab05/simPipeCPU/simPipeCPU.srcs/sources_1/bd/simPipeCPU/simPipeCPU.bd}
Reading block design file <C:/Users/liang/Desktop/OrgLab/lab05/simPipeCPU/simPipeCPU.srcs/sources_1/bd/simPipeCPU/simPipeCPU.bd>...
Adding component instance block -- xilinx.com:ip:dist_mem_gen:8.0 - ROM
Adding component instance block -- xilinx.com:ip:xlslice:1.0 - pc11_2
Adding component instance block -- xilinx.com:ip:xlslice:1.0 - addr11_2
Adding component instance block -- xilinx.com:user:RAM_B:1.0 - RAM_B_0
Adding component instance block -- xilinx.com:ip:util_vector_logic:2.0 - util_vector_logic_0
Adding component instance block -- xilinx.com:user:pCPU:1.0 - pCPU_0
Successfully read diagram <simPipeCPU> from block design file <C:/Users/liang/Desktop/OrgLab/lab05/simPipeCPU/simPipeCPU.srcs/sources_1/bd/simPipeCPU/simPipeCPU.bd>
launch_simulation
Command: launch_simulation 
INFO: [Vivado 12-5682] Launching behavioral simulation in 'C:/Users/liang/Desktop/OrgLab/lab05/simPipeCPU/simPipeCPU.sim/sim_1/behav/xsim'
INFO: [Vivado 12-4795] Using compiled simulation libraries for IPs
INFO: [SIM-utils-51] Simulation object is 'sim_1'
INFO: [USF-XSim-7] Finding pre-compiled libraries...
INFO: [USF-XSim-11] File 'D:/Vivado/2020.2/data/xsim/xsim.ini' copied to run dir:'C:/Users/liang/Desktop/OrgLab/lab05/simPipeCPU/simPipeCPU.sim/sim_1/behav/xsim'
INFO: [SIM-utils-54] Inspecting design source files for 'tb' in fileset 'sim_1'...
INFO: [SIM-utils-43] Exported 'C:/Users/liang/Desktop/OrgLab/lab05/simPipeCPU/simPipeCPU.sim/sim_1/behav/xsim/RAM.mif'
INFO: [SIM-utils-43] Exported 'C:/Users/liang/Desktop/OrgLab/lab05/simPipeCPU/simPipeCPU.sim/sim_1/behav/xsim/D_mem.coe'
INFO: [SIM-utils-43] Exported 'C:/Users/liang/Desktop/OrgLab/lab05/simPipeCPU/simPipeCPU.sim/sim_1/behav/xsim/simPipeCPU_dist_mem_gen_0_0.mif'
INFO: [SIM-utils-43] Exported 'C:/Users/liang/Desktop/OrgLab/lab05/simPipeCPU/simPipeCPU.sim/sim_1/behav/xsim/h.coe'
INFO: [USF-XSim-97] Finding global include files...
INFO: [USF-XSim-98] Fetching design files from 'sim_1'...
INFO: [USF-XSim-2] XSim::Compile design
INFO: [USF-XSim-61] Executing 'COMPILE and ANALYZE' step in 'C:/Users/liang/Desktop/OrgLab/lab05/simPipeCPU/simPipeCPU.sim/sim_1/behav/xsim'
"xvlog --incr --relax -prj tb_vlog.prj"
INFO: [Common 17-41] Interrupt caught. Command should exit soon.
run_program: Time (s): cpu = 00:00:03 ; elapsed = 00:01:26 . Memory (MB): peak = 1109.973 ; gain = 0.000
INFO: [Common 17-344] 'run_program' was cancelled
INFO: [Vivado 12-5357] 'compile' step aborted
launch_simulation: Time (s): cpu = 00:00:05 ; elapsed = 00:01:27 . Memory (MB): peak = 1109.973 ; gain = 0.000
INFO: [Common 17-344] 'launch_simulation' was cancelled
export_ip_user_files -of_objects  [get_files C:/Users/liang/Desktop/OrgLab/lab05/simPipeCPU/simPipeCPU.gen/sources_1/bd/simPipeCPU/hdl/simPipeCPU_wrapper.v] -no_script -reset -force -quiet
remove_files  C:/Users/liang/Desktop/OrgLab/lab05/simPipeCPU/simPipeCPU.gen/sources_1/bd/simPipeCPU/hdl/simPipeCPU_wrapper.v
generate_target all [get_files  C:/Users/liang/Desktop/OrgLab/lab05/simPipeCPU/simPipeCPU.srcs/sources_1/bd/simPipeCPU/simPipeCPU.bd]
INFO: [BD 41-1637] Generated targets are already up-to-date for block design 'simPipeCPU' - hence not re-generating.
export_ip_user_files -of_objects [get_files C:/Users/liang/Desktop/OrgLab/lab05/simPipeCPU/simPipeCPU.srcs/sources_1/bd/simPipeCPU/simPipeCPU.bd] -no_script -sync -force -quiet
export_simulation -of_objects [get_files C:/Users/liang/Desktop/OrgLab/lab05/simPipeCPU/simPipeCPU.srcs/sources_1/bd/simPipeCPU/simPipeCPU.bd] -directory C:/Users/liang/Desktop/OrgLab/lab05/simPipeCPU/simPipeCPU.ip_user_files/sim_scripts -ip_user_files_dir C:/Users/liang/Desktop/OrgLab/lab05/simPipeCPU/simPipeCPU.ip_user_files -ipstatic_source_dir C:/Users/liang/Desktop/OrgLab/lab05/simPipeCPU/simPipeCPU.ip_user_files/ipstatic -lib_map_path [list {modelsim=C:/Users/liang/Desktop/OrgLab/lab05/simPipeCPU/simPipeCPU.cache/compile_simlib/modelsim} {questa=C:/Users/liang/Desktop/OrgLab/lab05/simPipeCPU/simPipeCPU.cache/compile_simlib/questa} {riviera=C:/Users/liang/Desktop/OrgLab/lab05/simPipeCPU/simPipeCPU.cache/compile_simlib/riviera} {activehdl=C:/Users/liang/Desktop/OrgLab/lab05/simPipeCPU/simPipeCPU.cache/compile_simlib/activehdl}] -use_ip_compiled_libs -force -quiet
make_wrapper -files [get_files C:/Users/liang/Desktop/OrgLab/lab05/simPipeCPU/simPipeCPU.srcs/sources_1/bd/simPipeCPU/simPipeCPU.bd] -top
add_files -norecurse c:/Users/liang/Desktop/OrgLab/lab05/simPipeCPU/simPipeCPU.gen/sources_1/bd/simPipeCPU/hdl/simPipeCPU_wrapper.v
update_compile_order -fileset sources_1
launch_simulation
Command: launch_simulation 
INFO: [Vivado 12-5682] Launching behavioral simulation in 'C:/Users/liang/Desktop/OrgLab/lab05/simPipeCPU/simPipeCPU.sim/sim_1/behav/xsim'
INFO: [Vivado 12-4795] Using compiled simulation libraries for IPs
INFO: [SIM-utils-51] Simulation object is 'sim_1'
INFO: [USF-XSim-7] Finding pre-compiled libraries...
INFO: [USF-XSim-11] File 'D:/Vivado/2020.2/data/xsim/xsim.ini' copied to run dir:'C:/Users/liang/Desktop/OrgLab/lab05/simPipeCPU/simPipeCPU.sim/sim_1/behav/xsim'
INFO: [SIM-utils-54] Inspecting design source files for 'tb' in fileset 'sim_1'...
INFO: [SIM-utils-43] Exported 'C:/Users/liang/Desktop/OrgLab/lab05/simPipeCPU/simPipeCPU.sim/sim_1/behav/xsim/RAM.mif'
INFO: [SIM-utils-43] Exported 'C:/Users/liang/Desktop/OrgLab/lab05/simPipeCPU/simPipeCPU.sim/sim_1/behav/xsim/D_mem.coe'
INFO: [SIM-utils-43] Exported 'C:/Users/liang/Desktop/OrgLab/lab05/simPipeCPU/simPipeCPU.sim/sim_1/behav/xsim/simPipeCPU_dist_mem_gen_0_0.mif'
INFO: [SIM-utils-43] Exported 'C:/Users/liang/Desktop/OrgLab/lab05/simPipeCPU/simPipeCPU.sim/sim_1/behav/xsim/h.coe'
INFO: [USF-XSim-97] Finding global include files...
INFO: [USF-XSim-98] Fetching design files from 'sim_1'...
INFO: [USF-XSim-2] XSim::Compile design
INFO: [USF-XSim-61] Executing 'COMPILE and ANALYZE' step in 'C:/Users/liang/Desktop/OrgLab/lab05/simPipeCPU/simPipeCPU.sim/sim_1/behav/xsim'
"xvlog --incr --relax -prj tb_vlog.prj"
INFO: [Common 17-41] Interrupt caught. Command should exit soon.
run_program: Time (s): cpu = 00:00:03 ; elapsed = 00:01:40 . Memory (MB): peak = 1109.973 ; gain = 0.000
INFO: [Common 17-344] 'run_program' was cancelled
INFO: [Vivado 12-5357] 'compile' step aborted
launch_simulation: Time (s): cpu = 00:00:03 ; elapsed = 00:01:40 . Memory (MB): peak = 1109.973 ; gain = 0.000
INFO: [Common 17-344] 'launch_simulation' was cancelled
exit
INFO: [Common 17-206] Exiting Vivado at Sun Jun 27 15:02:55 2021...
