#-----------------------------------------------------------
# Vivado v2020.2 (64-bit)
# SW Build 3064766 on Wed Nov 18 09:12:45 MST 2020
# IP Build 3064653 on Wed Nov 18 14:17:31 MST 2020
# Start of session at: Mon Mar 15 14:16:10 2021
# Process ID: 14120
# Current directory: C:/Users/liang/Desktop/OrgLab/资料/Lab01 warmup（学生版）(1)/Lab01 warmup（学生版）/OExp01/OExp01-ALU
# Command line: vivado.exe -gui_launcher_event rodinguilauncherevent2272 C:\Users\liang\Desktop\OrgLab\资料\Lab01 warmup（学生版）(1)\Lab01 warmup（学生版）\OExp01\OExp01-ALU\OExp01-ALU.xpr
# Log file: C:/Users/liang/Desktop/OrgLab/资料/Lab01 warmup（学生版）(1)/Lab01 warmup（学生版）/OExp01/OExp01-ALU/vivado.log
# Journal file: C:/Users/liang/Desktop/OrgLab/资料/Lab01 warmup（学生版）(1)/Lab01 warmup（学生版）/OExp01/OExp01-ALU\vivado.jou
#-----------------------------------------------------------
start_gui
open_project {C:/Users/liang/Desktop/OrgLab/资料/Lab01 warmup（学生版）(1)/Lab01 warmup（学生版）/OExp01/OExp01-ALU/OExp01-ALU.xpr}
INFO: [ProjectBase 1-489] The host OS only allows 260 characters in a normal path. The project is stored in a path with more than 80 characters. If you experience issues with IP, Block Designs, or files not being found, please consider moving the project to a location with a shorter path. Alternately consider using the OS subst command to map part of the path to a drive letter.
Current project path is 'C:/Users/liang/Desktop/OrgLab/资料/Lab01 warmup（学生版）(1)/Lab01 warmup（学生版）/OExp01/OExp01-ALU'
INFO: [Project 1-313] Project file moved from 'C:/Users/ASUS/Desktop/OExp_RISCV/OExp01/OExp01-ALU' since last save.
CRITICAL WARNING: [Project 1-311] Could not find the file 'C:/Users/liang/Desktop/OrgLab/资料/Lab01 warmup（学生版）(1)/Lab01 warmup（学生版）/OExp01/OExp01-ALU/OExp01-ALU.srcs/sources_1/bd/ALU/ALU.bd', nor could it be found using path 'C:/Users/ASUS/Desktop/OExp_RISCV/OExp01/OExp01-ALU/OExp01-ALU.srcs/sources_1/bd/ALU/ALU.bd'.
CRITICAL WARNING: [Project 1-311] Could not find the file 'C:/Users/liang/Desktop/OrgLab/资料/Lab01 warmup（学生版）(1)/Lab01 warmup（学生版）/OExp01/OExp01-ALU/OExp01-ALU.srcs/sources_1/bd/ALU/hdl/ALU_wrapper.v', nor could it be found using path 'C:/Users/ASUS/Desktop/OExp_RISCV/OExp01/OExp01-ALU/OExp01-ALU.srcs/sources_1/bd/ALU/hdl/ALU_wrapper.v'.
CRITICAL WARNING: [Project 1-311] Could not find the file 'C:/Users/liang/Desktop/OrgLab/资料/Lab01 warmup（学生版）(1)/Lab01 warmup（学生版）/OExp01/OExp01-ALU/OExp01-ALU.srcs/component.xml', nor could it be found using path 'C:/Users/ASUS/Desktop/OExp_RISCV/OExp01/OExp01-ALU/OExp01-ALU.srcs/component.xml'.
Scanning sources...
Finished scanning sources
INFO: [Project 1-230] Project 'OExp01-ALU.xpr' upgraded for this version of Vivado.
INFO: [IP_Flow 19-234] Refreshing IP repositories
INFO: [IP_Flow 19-1700] Loaded user IP repository 'c:/Users/liang/Desktop/OrgLab/资料/Lab01 warmup（学生版）(1)/Lab01 warmup（学生版）/OExp01/OExp01-ALU/OExp01-ALU.srcs'.
INFO: [IP_Flow 19-1700] Loaded user IP repository 'c:/Users/liang/Desktop/OrgLab/资料/Lab01 warmup（学生版）(1)/Lab01 warmup（学生版）/OExp01/OExp01-ALU/IP_Include'.
INFO: [IP_Flow 19-2313] Loaded Vivado IP repository 'D:/Xilinx/Vivado/2020.2/data/ip'.
open_project: Time (s): cpu = 00:00:15 ; elapsed = 00:00:08 . Memory (MB): peak = 1110.926 ; gain = 0.000
update_compile_order -fileset sources_1
open_bd_design {C:/Users/liang/Desktop/OrgLab/资料/Lab01 warmup（学生版）(1)/Lab01 warmup（学生版）/OExp01/OExp01-ALU/OExp01-ALU.srcs/sources_1/bd/ALU/ALU.bd}
ERROR: [BD 41-1296] Cannot read block design file <C:/Users/liang/Desktop/OrgLab/资料/Lab01 warmup（学生版）(1)/Lab01 warmup（学生版）/OExp01/OExp01-ALU/OExp01-ALU.srcs/sources_1/bd/ALU/ALU.bd>, check for the correct location of the file.
ERROR: [Common 17-39] 'open_bd_design' failed due to earlier errors.
open_bd_design {C:/Users/liang/Desktop/OrgLab/资料/Lab01 warmup（学生版）(1)/Lab01 warmup（学生版）/OExp01/OExp01-ALU/OExp01-ALU.srcs/sources_1/bd/ALU/ALU.bd}
ERROR: [BD 41-1296] Cannot read block design file <C:/Users/liang/Desktop/OrgLab/资料/Lab01 warmup（学生版）(1)/Lab01 warmup（学生版）/OExp01/OExp01-ALU/OExp01-ALU.srcs/sources_1/bd/ALU/ALU.bd>, check for the correct location of the file.
ERROR: [Common 17-39] 'open_bd_design' failed due to earlier errors.
exit
INFO: [Common 17-206] Exiting Vivado at Mon Mar 15 14:17:00 2021...
