#-----------------------------------------------------------
# Vivado v2020.2 (64-bit)
# SW Build 3064766 on Wed Nov 18 09:12:45 MST 2020
# IP Build 3064653 on Wed Nov 18 14:17:31 MST 2020
# Start of session at: Wed Jun 30 20:24:08 2021
# Process ID: 3664
# Current directory: C:/Users/liang/Desktop/OrgLab/lab3/div32
# Command line: vivado.exe -gui_launcher_event rodinguilauncherevent11408 C:\Users\liang\Desktop\OrgLab\lab3\div32\div32.xpr
# Log file: C:/Users/liang/Desktop/OrgLab/lab3/div32/vivado.log
# Journal file: C:/Users/liang/Desktop/OrgLab/lab3/div32\vivado.jou
#-----------------------------------------------------------
start_gui
open_project C:/Users/liang/Desktop/OrgLab/lab3/div32/div32.xpr
WARNING: [filemgmt 56-3] Default IP Output Path : Could not find the directory 'C:/Users/liang/Desktop/OrgLab/lab3/div32/div32.gen/sources_1'.
Scanning sources...
Finished scanning sources
INFO: [IP_Flow 19-234] Refreshing IP repositories
INFO: [IP_Flow 19-1704] No user IP repositories specified
INFO: [IP_Flow 19-2313] Loaded Vivado IP repository 'D:/Vivado/2020.2/data/ip'.
open_project: Time (s): cpu = 00:00:14 ; elapsed = 00:00:07 . Memory (MB): peak = 1109.344 ; gain = 0.000
update_compile_order -fileset sources_1
launch_simulation
Command: launch_simulation 
INFO: [Vivado 12-5682] Launching behavioral simulation in 'C:/Users/liang/Desktop/OrgLab/lab3/div32/div32.sim/sim_1/behav/xsim'
INFO: [SIM-utils-51] Simulation object is 'sim_1'
INFO: [SIM-utils-54] Inspecting design source files for 'div32_tb' in fileset 'sim_1'...
INFO: [USF-XSim-97] Finding global include files...
INFO: [USF-XSim-98] Fetching design files from 'sim_1'...
INFO: [USF-XSim-2] XSim::Compile design
INFO: [USF-XSim-61] Executing 'COMPILE and ANALYZE' step in 'C:/Users/liang/Desktop/OrgLab/lab3/div32/div32.sim/sim_1/behav/xsim'
"xvlog --incr --relax -prj div32_tb_vlog.prj"
INFO: [VRFC 10-2263] Analyzing Verilog file "C:/Users/liang/Desktop/OrgLab/lab3/div32/div32.srcs/sources_1/new/div32.v" into library xil_defaultlib
INFO: [VRFC 10-311] analyzing module div32
INFO: [VRFC 10-2263] Analyzing Verilog file "C:/Users/liang/Desktop/OrgLab/lab3/div32/div32.srcs/sim_1/new/div32_tb.v" into library xil_defaultlib
INFO: [VRFC 10-311] analyzing module div32_tb
INFO: [VRFC 10-2263] Analyzing Verilog file "C:/Users/liang/Desktop/OrgLab/lab3/div32/div32.sim/sim_1/behav/xsim/glbl.v" into library xil_defaultlib
INFO: [VRFC 10-311] analyzing module glbl
INFO: [USF-XSim-69] 'compile' step finished in '1' seconds
INFO: [USF-XSim-3] XSim::Elaborate design
INFO: [USF-XSim-61] Executing 'ELABORATE' step in 'C:/Users/liang/Desktop/OrgLab/lab3/div32/div32.sim/sim_1/behav/xsim'
"xelab -wto 053af04f59284d03ba0f26f823cbc6a8 --incr --debug typical --relax --mt 2 -L xil_defaultlib -L unisims_ver -L unimacro_ver -L secureip --snapshot div32_tb_behav xil_defaultlib.div32_tb xil_defaultlib.glbl -log elaborate.log"
Vivado Simulator 2020.2
Copyright 1986-1999, 2001-2020 Xilinx, Inc. All Rights Reserved.
Running: D:/Vivado/2020.2/bin/unwrapped/win64.o/xelab.exe -wto 053af04f59284d03ba0f26f823cbc6a8 --incr --debug typical --relax --mt 2 -L xil_defaultlib -L unisims_ver -L unimacro_ver -L secureip --snapshot div32_tb_behav xil_defaultlib.div32_tb xil_defaultlib.glbl -log elaborate.log 
Using 2 slave threads.
Starting static elaboration
Pass Through NonSizing Optimizer
Completed static elaboration
Starting simulation data flow analysis
Completed simulation data flow analysis
Time Resolution for simulation is 1ps
Compiling module xil_defaultlib.div32
Compiling module xil_defaultlib.div32_tb
Compiling module xil_defaultlib.glbl
Built simulation snapshot div32_tb_behav

****** Webtalk v2020.2 (64-bit)
  **** SW Build 3064766 on Wed Nov 18 09:12:45 MST 2020
  **** IP Build 3064653 on Wed Nov 18 14:17:31 MST 2020
    ** Copyright 1986-2020 Xilinx, Inc. All Rights Reserved.

source C:/Users/liang/Desktop/OrgLab/lab3/div32/div32.sim/sim_1/behav/xsim/xsim.dir/div32_tb_behav/webtalk/xsim_webtalk.tcl -notrace
INFO: [Common 17-186] 'C:/Users/liang/Desktop/OrgLab/lab3/div32/div32.sim/sim_1/behav/xsim/xsim.dir/div32_tb_behav/webtalk/usage_statistics_ext_xsim.xml' has been successfully sent to Xilinx on Wed Jun 30 20:26:37 2021. For additional details about this file, please refer to the WebTalk help file at D:/Vivado/2020.2/doc/webtalk_introduction.html.
INFO: [Common 17-206] Exiting Webtalk at Wed Jun 30 20:26:37 2021...
run_program: Time (s): cpu = 00:00:00 ; elapsed = 00:00:08 . Memory (MB): peak = 1109.344 ; gain = 0.000
INFO: [USF-XSim-69] 'elaborate' step finished in '8' seconds
INFO: [USF-XSim-4] XSim::Simulate design
INFO: [USF-XSim-61] Executing 'SIMULATE' step in 'C:/Users/liang/Desktop/OrgLab/lab3/div32/div32.sim/sim_1/behav/xsim'
INFO: [USF-XSim-98] *** Running xsim
   with args "div32_tb_behav -key {Behavioral:sim_1:Functional:div32_tb} -tclbatch {div32_tb.tcl} -log {simulate.log}"
INFO: [USF-XSim-8] Loading simulator feature
Vivado Simulator 2020.2
Time resolution is 1 ps
source div32_tb.tcl
# set curr_wave [current_wave_config]
# if { [string length $curr_wave] == 0 } {
#   if { [llength [get_objects]] > 0} {
#     add_wave /
#     set_property needs_save false [current_wave_config]
#   } else {
#      send_msg_id Add_Wave-1 WARNING "No top level signals found. Simulator will start without a wave window. If you want to open a wave window go to 'File->New Waveform Configuration' or type 'create_wave_config' in the TCL console."
#   }
# }
# run 1000ns
INFO: [USF-XSim-96] XSim completed. Design snapshot 'div32_tb_behav' loaded.
INFO: [USF-XSim-97] XSim simulation ran for 1000ns
launch_simulation: Time (s): cpu = 00:00:10 ; elapsed = 00:00:14 . Memory (MB): peak = 1109.344 ; gain = 0.000
run 1000 ns
$stop called at time : 1370 ns : File "C:/Users/liang/Desktop/OrgLab/lab3/div32/div32.srcs/sim_1/new/div32_tb.v" Line 63
close_sim
INFO: [Simtcl 6-16] Simulation closed
close_sim: Time (s): cpu = 00:00:02 ; elapsed = 00:00:08 . Memory (MB): peak = 1158.020 ; gain = 0.000
launch_simulation
Command: launch_simulation 
INFO: [Vivado 12-5682] Launching behavioral simulation in 'C:/Users/liang/Desktop/OrgLab/lab3/div32/div32.sim/sim_1/behav/xsim'
INFO: [SIM-utils-51] Simulation object is 'sim_1'
INFO: [SIM-utils-54] Inspecting design source files for 'div32_tb' in fileset 'sim_1'...
INFO: [USF-XSim-97] Finding global include files...
INFO: [USF-XSim-98] Fetching design files from 'sim_1'...
INFO: [USF-XSim-2] XSim::Compile design
INFO: [USF-XSim-61] Executing 'COMPILE and ANALYZE' step in 'C:/Users/liang/Desktop/OrgLab/lab3/div32/div32.sim/sim_1/behav/xsim'
"xvlog --incr --relax -prj div32_tb_vlog.prj"
INFO: [USF-XSim-69] 'compile' step finished in '1' seconds
INFO: [USF-XSim-3] XSim::Elaborate design
INFO: [USF-XSim-61] Executing 'ELABORATE' step in 'C:/Users/liang/Desktop/OrgLab/lab3/div32/div32.sim/sim_1/behav/xsim'
"xelab -wto 053af04f59284d03ba0f26f823cbc6a8 --incr --debug typical --relax --mt 2 -L xil_defaultlib -L unisims_ver -L unimacro_ver -L secureip --snapshot div32_tb_behav xil_defaultlib.div32_tb xil_defaultlib.glbl -log elaborate.log"
Vivado Simulator 2020.2
Copyright 1986-1999, 2001-2020 Xilinx, Inc. All Rights Reserved.
Running: D:/Vivado/2020.2/bin/unwrapped/win64.o/xelab.exe -wto 053af04f59284d03ba0f26f823cbc6a8 --incr --debug typical --relax --mt 2 -L xil_defaultlib -L unisims_ver -L unimacro_ver -L secureip --snapshot div32_tb_behav xil_defaultlib.div32_tb xil_defaultlib.glbl -log elaborate.log 
Using 2 slave threads.
Starting static elaboration
Pass Through NonSizing Optimizer
Completed static elaboration
INFO: [XSIM 43-4323] No Change in HDL. Linking previously generated obj files to create kernel
INFO: [USF-XSim-69] 'elaborate' step finished in '2' seconds
INFO: [USF-XSim-4] XSim::Simulate design
INFO: [USF-XSim-61] Executing 'SIMULATE' step in 'C:/Users/liang/Desktop/OrgLab/lab3/div32/div32.sim/sim_1/behav/xsim'
INFO: [USF-XSim-98] *** Running xsim
   with args "div32_tb_behav -key {Behavioral:sim_1:Functional:div32_tb} -tclbatch {div32_tb.tcl} -log {simulate.log}"
INFO: [USF-XSim-8] Loading simulator feature
Vivado Simulator 2020.2
Time resolution is 1 ps
source div32_tb.tcl
# set curr_wave [current_wave_config]
# if { [string length $curr_wave] == 0 } {
#   if { [llength [get_objects]] > 0} {
#     add_wave /
#     set_property needs_save false [current_wave_config]
#   } else {
#      send_msg_id Add_Wave-1 WARNING "No top level signals found. Simulator will start without a wave window. If you want to open a wave window go to 'File->New Waveform Configuration' or type 'create_wave_config' in the TCL console."
#   }
# }
# run 1000ns
INFO: [USF-XSim-96] XSim completed. Design snapshot 'div32_tb_behav' loaded.
INFO: [USF-XSim-97] XSim simulation ran for 1000ns
launch_simulation: Time (s): cpu = 00:00:04 ; elapsed = 00:00:06 . Memory (MB): peak = 1162.582 ; gain = 4.562
run 100 ns
run 100 ns
run 100 ns
run 100 ns
$stop called at time : 1370 ns : File "C:/Users/liang/Desktop/OrgLab/lab3/div32/div32.srcs/sim_1/new/div32_tb.v" Line 63
run 50 ns
run 50 ns
run 50 ns
run 50 ns
run 50 ns
run 50 ns
run 50 ns
run 50 ns
run 50 ns
run 50 ns
run 50 ns
run 50 ns
run 50 ns
run 50 ns
run 50 ns
run 50 ns
run 50 ns
run 50 ns
run 50 ns
run 50 ns
run 50 ns
run 50 ns
run 50 ns
run 50 ns
run 50 ns
run 50 ns
run 50 ns
run 50 ns
close_sim
INFO: [Simtcl 6-16] Simulation closed
exit
INFO: [Common 17-206] Exiting Vivado at Wed Jun 30 20:44:53 2021...
