Copyright 1986-2017 Xilinx, Inc. All Rights Reserved.
--------------------------------------------------------------------------------------
| Tool Version : Vivado v.2017.4 (win64) Build 2086221 Fri Dec 15 20:55:39 MST 2017
| Date         : Mon Mar  1 15:20:41 2021
| Host         : DESKTOP-BJQ6VJA running 64-bit major release  (build 9200)
| Command      : report_control_sets -verbose -file Water_LED_control_sets_placed.rpt
| Design       : Water_LED
| Device       : xc7k160t
--------------------------------------------------------------------------------------

Control Set Information

Table of Contents
-----------------
1. Summary
2. Flip-Flop Distribution
3. Detailed Control Set Information

1. Summary
----------

+----------------------------------------------------------+-------+
|                          Status                          | Count |
+----------------------------------------------------------+-------+
| Number of unique control sets                            |     2 |
| Unused register locations in slices containing registers |     3 |
+----------------------------------------------------------+-------+


2. Flip-Flop Distribution
-------------------------

+--------------+-----------------------+------------------------+-----------------+--------------+
| Clock Enable | Synchronous Set/Reset | Asynchronous Set/Reset | Total Registers | Total Slices |
+--------------+-----------------------+------------------------+-----------------+--------------+
| No           | No                    | No                     |               0 |            0 |
| No           | No                    | Yes                    |               0 |            0 |
| No           | Yes                   | No                     |              32 |           14 |
| Yes          | No                    | No                     |               0 |            0 |
| Yes          | No                    | Yes                    |               0 |            0 |
| Yes          | Yes                   | No                     |               5 |            2 |
+--------------+-----------------------+------------------------+-----------------+--------------+


3. Detailed Control Set Information
-----------------------------------

+------------------+------------------+------------------+------------------+----------------+
|   Clock Signal   |   Enable Signal  | Set/Reset Signal | Slice Load Count | Bel Load Count |
+------------------+------------------+------------------+------------------+----------------+
|  CLK_i_IBUF_BUFG | LED_o[3]_i_1_n_0 | p_0_in           |                2 |              5 |
|  CLK_i_IBUF_BUFG |                  | p_0_in           |               14 |             32 |
+------------------+------------------+------------------+------------------+----------------+


+--------+-----------------------+
| Fanout | Number of ControlSets |
+--------+-----------------------+
| 5      |                     1 |
| 16+    |                     1 |
+--------+-----------------------+


