Vivado Simulator 2014.4
Copyright 1986-1999, 2001-2014 Xilinx, Inc. All Rights Reserved.
Running: C:/Xilinx/Vivado/2014.4/bin/unwrapped/win64.o/xelab.exe -wto ed6ebc5363cf409c97defde2e157b260 --debug typical --relax --include ../../../lab01.srcs/sources_1/imports/cpu -L xil_defaultlib -L unisims_ver -L unimacro_ver -L secureip --snapshot sim_mips_behav xil_defaultlib.sim_mips xil_defaultlib.glbl -log elaborate.log 
Multi-threading is on. Using 2 slave threads.
Starting static elaboration
Completed static elaboration
Starting simulation data flow analysis
WARNING: [XSIM 43-4099] "C:/archlabs/lab01/lab01.srcs/sources_1/imports/cpu/inst_rom.v" Line 1. Module inst_rom doesn't have a timescale but at least one module in design has a timescale.
WARNING: [XSIM 43-4099] "C:/archlabs/lab01/lab01.srcs/sources_1/imports/cpu/data_ram.v" Line 1. Module data_ram doesn't have a timescale but at least one module in design has a timescale.
WARNING: [XSIM 43-4099] "C:/archlabs/lab01/lab01.srcs/sources_1/imports/cpu/inst_rom.v" Line 1. Module inst_rom doesn't have a timescale but at least one module in design has a timescale.
WARNING: [XSIM 43-4099] "C:/archlabs/lab01/lab01.srcs/sources_1/imports/cpu/data_ram.v" Line 1. Module data_ram doesn't have a timescale but at least one module in design has a timescale.
Completed simulation data flow analysis
Time Resolution for simulation is 1ps
Compiling module xil_defaultlib.controller
Compiling module xil_defaultlib.regfile
Compiling module xil_defaultlib.alu
Compiling module xil_defaultlib.datapath
Compiling module xil_defaultlib.mips_core
Compiling module xil_defaultlib.inst_rom
Compiling module xil_defaultlib.data_ram
Compiling module xil_defaultlib.mips
Compiling module xil_defaultlib.sim_mips
Compiling module xil_defaultlib.glbl
Waiting for 2 sub-compilation(s) to finish...
Built simulation snapshot sim_mips_behav
