#-----------------------------------------------------------
# Vivado v2017.4 (64-bit)
# SW Build 2086221 on Fri Dec 15 20:55:39 MST 2017
# IP Build 2085800 on Fri Dec 15 22:25:07 MST 2017
# Start of session at: Fri Mar 12 19:45:48 2021
# Process ID: 4460
# Current directory: F:/项目/6 CPU--2020/计算机组成与设计 软硬件接口 第5版/计组 ZJU--RISCV版本/实验/实验2021.02_V1/Lab02 CPU实验环境搭建（学生版）/OExp02-IP2SOC
# Command line: vivado.exe -gui_launcher_event rodinguilauncherevent7128 F:\项目\6 CPU--2020\计算机组成与设计 软硬件接口 第5版\计组 ZJU--RISCV版本\实验\实验2021.02_V1\Lab02 CPU实验环境搭建（学生版）\OExp02-IP2SOC\OExp02-IP2SOC.xpr
# Log file: F:/项目/6 CPU--2020/计算机组成与设计 软硬件接口 第5版/计组 ZJU--RISCV版本/实验/实验2021.02_V1/Lab02 CPU实验环境搭建（学生版）/OExp02-IP2SOC/vivado.log
# Journal file: F:/项目/6 CPU--2020/计算机组成与设计 软硬件接口 第5版/计组 ZJU--RISCV版本/实验/实验2021.02_V1/Lab02 CPU实验环境搭建（学生版）/OExp02-IP2SOC\vivado.jou
#-----------------------------------------------------------
start_gui
open_project {F:/项目/6 CPU--2020/计算机组成与设计 软硬件接口 第5版/计组 ZJU--RISCV版本/实验/实验2021.02_V1/Lab02 CPU实验环境搭建（学生版）/OExp02-IP2SOC/OExp02-IP2SOC.xpr}
INFO: [ProjectBase 1-489] The host OS only allows 260 characters in a normal path. The project is stored in a path with more than 80 characters. If you experience issues with IP, Block Designs, or files not being found, please consider moving the project to a location with a shorter path. Alternately consider using the OS subst command to map part of the path to a drive letter.
Current project path is 'F:/项目/6 CPU--2020/计算机组成与设计 软硬件接口 第5版/计组 ZJU--RISCV版本/实验/实验2021.02_V1/Lab02 CPU实验环境搭建（学生版）/OExp02-IP2SOC'
CRITICAL WARNING: [Project 1-19] Could not find the file 'F:/项目/6 CPU--2020/计算机组成与设计 软硬件接口 第5版/计组 ZJU--RISCV版本/实验/实验2021.02_V1/Lab02 CPU实验环境搭建（学生版）/OExp02-IP2SOC/OExp02-IP2SOC.srcs/sources_1/bd/CSSTE/ip/CSSTE_RAM_B_0_0/RAM_B.srcs/D_mem.coe'.
Scanning sources...
Finished scanning sources
INFO: [IP_Flow 19-234] Refreshing IP repositories
INFO: [IP_Flow 19-1700] Loaded user IP repository 'f:/项目/6 CPU--2020/计算机组成与设计 软硬件接口 第5版/计组 ZJU--RISCV版本/实验/实验2021.02_V1/Lab02 CPU实验环境搭建（学生版）/OExp02-IP2SOC/IP'.
INFO: [IP_Flow 19-2313] Loaded Vivado IP repository 'D:/VIVADO/Vivado/2017.4/data/ip'.
update_compile_order -fileset sources_1
close_project
open_hw
INFO: [IP_Flow 19-234] Refreshing IP repositories
INFO: [IP_Flow 19-1704] No user IP repositories specified
INFO: [IP_Flow 19-2313] Loaded Vivado IP repository 'D:/VIVADO/Vivado/2017.4/data/ip'.
connect_hw_server
INFO: [Labtools 27-2285] Connecting to hw_server url TCP:localhost:3121
INFO: [Labtools 27-2222] Launching hw_server...
INFO: [Labtools 27-2221] Launch Output:

****** Xilinx hw_server v2017.4
  **** Build date : Dec 15 2017-21:08:27
    ** Copyright 1986-2017 Xilinx, Inc. All Rights Reserved.


open_hw_target
INFO: [Labtoolstcl 44-466] Opening hw_target localhost:3121/xilinx_tcf/Digilent/201612300081
current_hw_device [get_hw_devices xc7k160t_0]
refresh_hw_device -update_hw_probes false [lindex [get_hw_devices xc7k160t_0] 0]
INFO: [Labtools 27-1434] Device xc7k160t (JTAG device index = 0) is programmed with a design that has no supported debug core(s) in it.
WARNING: [Labtools 27-3361] The debug hub core was not detected.
Resolution: 
1. Make sure the clock connected to the debug hub (dbg_hub) core is a free running clock and is active.
2. Make sure the BSCAN_SWITCH_USER_MASK device property in Vivado Hardware Manager reflects the user scan chain setting in the design and refresh the device.  To determine the user scan chain setting in the design, open the implemented design and use 'get_property C_USER_SCAN_CHAIN [get_debug_cores dbg_hub]'.
For more details on setting the scan chain property, consult the Vivado Debug and Programming User Guide (UG908).
set_property PROBES.FILE {} [get_hw_devices xc7k160t_0]
set_property FULL_PROBES.FILE {} [get_hw_devices xc7k160t_0]
set_property PROGRAM.FILE {C:/Users/ASUS/Desktop/OExp_RISCV_W/OExp02/OExp02-IP2SOC/OExp02-IP2SOC.runs/impl_1/CSSTE_wrapper.bit} [get_hw_devices xc7k160t_0]
program_hw_devices [get_hw_devices xc7k160t_0]
INFO: [Labtools 27-3164] End of startup status: HIGH
program_hw_devices: Time (s): cpu = 00:00:07 ; elapsed = 00:00:06 . Memory (MB): peak = 1443.406 ; gain = 12.840
refresh_hw_device [lindex [get_hw_devices xc7k160t_0] 0]
INFO: [Labtools 27-1434] Device xc7k160t (JTAG device index = 0) is programmed with a design that has no supported debug core(s) in it.
WARNING: [Labtools 27-3361] The debug hub core was not detected.
Resolution: 
1. Make sure the clock connected to the debug hub (dbg_hub) core is a free running clock and is active.
2. Make sure the BSCAN_SWITCH_USER_MASK device property in Vivado Hardware Manager reflects the user scan chain setting in the design and refresh the device.  To determine the user scan chain setting in the design, open the implemented design and use 'get_property C_USER_SCAN_CHAIN [get_debug_cores dbg_hub]'.
For more details on setting the scan chain property, consult the Vivado Debug and Programming User Guide (UG908).
ERROR: [Labtoolstcl 44-513] HW Target shutdown. Closing target: localhost:3121/xilinx_tcf/Digilent/201612300081
close_project
exit
INFO: [Common 17-206] Exiting Vivado at Fri Mar 12 20:58:50 2021...
