#-----------------------------------------------------------
# Vivado v2020.2 (64-bit)
# SW Build 3064766 on Wed Nov 18 09:12:45 MST 2020
# IP Build 3064653 on Wed Nov 18 14:17:31 MST 2020
# Start of session at: Mon May 17 19:22:36 2021
# Process ID: 14096
# Current directory: C:/Users/liang/Desktop/OrgLab/lab1/ALU/IP/Logic/and32
# Command line: vivado.exe -gui_launcher_event rodinguilauncherevent6824 C:\Users\liang\Desktop\OrgLab\lab1\ALU\IP\Logic\and32\and32.xpr
# Log file: C:/Users/liang/Desktop/OrgLab/lab1/ALU/IP/Logic/and32/vivado.log
# Journal file: C:/Users/liang/Desktop/OrgLab/lab1/ALU/IP/Logic/and32\vivado.jou
#-----------------------------------------------------------
start_gui
open_project C:/Users/liang/Desktop/OrgLab/lab1/ALU/IP/Logic/and32/and32.xpr
INFO: [Project 1-313] Project file moved from 'C:/Users/ASUS/Desktop/OExp_RISCV_W/OExp00/IP/Logic/and32' since last save.
Scanning sources...
Finished scanning sources
INFO: [Project 1-230] Project 'and32.xpr' upgraded for this version of Vivado.
INFO: [IP_Flow 19-234] Refreshing IP repositories
INFO: [IP_Flow 19-1700] Loaded user IP repository 'c:/Users/liang/Desktop/OrgLab/lab1/ALU/IP/Logic/and32/and32.srcs/sources_1/imports/logic_w'.
INFO: [IP_Flow 19-2313] Loaded Vivado IP repository 'D:/Xilinx/Vivado/2020.2/data/ip'.
open_project: Time (s): cpu = 00:00:14 ; elapsed = 00:00:07 . Memory (MB): peak = 1108.801 ; gain = 0.000
update_compile_order -fileset sources_1
ipx::package_project -root_dir c:/users/liang/desktop/orglab/lab1/alu/ip/logic/and32/and32.srcs/sources_1/imports/logic_w -vendor xilinx.com -library user -taxonomy /UserIP -force
WARNING: [IP_Flow 19-3833] Unreferenced file from the top module is not packaged: 'C:/Users/liang/Desktop/OrgLab/lab1/ALU/IP/Logic/and32/and32.srcs/sources_1/imports/Logic_W/and_32.edf'.
INFO: [IP_Flow 19-2181] Payment Required is not set for this core.
INFO: [IP_Flow 19-2187] The Product Guide file is missing.
launch_runs impl_1 -jobs 4
[Mon May 17 19:33:49 2021] Launched synth_1...
Run output will be captured here: C:/Users/liang/Desktop/OrgLab/lab1/ALU/IP/Logic/and32/and32.runs/synth_1/runme.log
[Mon May 17 19:33:49 2021] Launched impl_1...
Run output will be captured here: C:/Users/liang/Desktop/OrgLab/lab1/ALU/IP/Logic/and32/and32.runs/impl_1/runme.log
set_property core_revision 2 [ipx::current_core]
ipx::create_xgui_files [ipx::current_core]
ipx::update_checksums [ipx::current_core]
ipx::check_integrity [ipx::current_core]
INFO: [IP_Flow 19-2181] Payment Required is not set for this core.
INFO: [IP_Flow 19-2187] The Product Guide file is missing.
INFO: [Ipptcl 7-1486] check_integrity: Integrity check passed.
ipx::save_core [ipx::current_core]
update_ip_catalog -rebuild -repo_path c:/Users/liang/Desktop/OrgLab/lab1/ALU/IP/Logic/and32/and32.srcs/sources_1/imports/logic_w
INFO: [IP_Flow 19-725] Reloaded user IP repository 'c:/Users/liang/Desktop/OrgLab/lab1/ALU/IP/Logic/and32/and32.srcs/sources_1/imports/logic_w'
exit
INFO: [Common 17-206] Exiting Vivado at Mon May 17 19:38:39 2021...
