
*** Running vivado
    with args -log mips_top.vdi -applog -m64 -messageDb vivado.pb -mode batch -source mips_top.tcl -notrace


****** Vivado v2014.4 (64-bit)
  **** SW Build 1071353 on Tue Nov 18 18:29:27 MST 2014
  **** IP Build 1070531 on Tue Nov 18 01:10:18 MST 2014
    ** Copyright 1986-2014 Xilinx, Inc. All Rights Reserved.

source mips_top.tcl -notrace
Design is defaulting to srcset: sources_1
Design is defaulting to constrset: constrs_1
INFO: [Netlist 29-17] Analyzing 81 Unisim elements for replacement
INFO: [Netlist 29-28] Unisim Transformation completed in 0 CPU seconds
INFO: [Project 1-479] Netlist was created with Vivado 2014.4
Loading clock regions from C:/Xilinx/Vivado/2014.4/data\parts/xilinx/kintex7/kintex7/xc7k325t/ClockRegion.xml
Loading clock buffers from C:/Xilinx/Vivado/2014.4/data\parts/xilinx/kintex7/kintex7/xc7k325t/ClockBuffers.xml
Loading clock placement rules from C:/Xilinx/Vivado/2014.4/data/parts/xilinx/kintex7/ClockPlacerRules.xml
Loading package pin functions from C:/Xilinx/Vivado/2014.4/data\parts/xilinx/kintex7/PinFunctions.xml...
Loading package from C:/Xilinx/Vivado/2014.4/data\parts/xilinx/kintex7/kintex7/xc7k325t/ffg676/Package.xml
Loading io standards from C:/Xilinx/Vivado/2014.4/data\./parts/xilinx/kintex7/IOStandards.xml
Loading device configuration modes from C:/Xilinx/Vivado/2014.4/data\parts/xilinx/kintex7/ConfigModes.xml
INFO: [Project 1-570] Preparing netlist for logic optimization
INFO: [Opt 31-140] Inserted 0 IBUFs to IO ports without IO buffers.
INFO: [Opt 31-141] Inserted 0 OBUFs to IO ports without IO buffers.
Parsing XDC File [C:/archlabs/lab01/lab01.srcs/constrs_1/imports/constrs/sword4.xdc]
Finished Parsing XDC File [C:/archlabs/lab01/lab01.srcs/constrs_1/imports/constrs/sword4.xdc]
INFO: [Opt 31-138] Pushed 0 inverter(s) to 0 load pin(s).
INFO: [Project 1-111] Unisim Transformation Summary:
  A total of 24 instances were transformed.
  RAM32M => RAM32M (RAMD32, RAMD32, RAMD32, RAMD32, RAMD32, RAMD32, RAMS32, RAMS32): 24 instances

link_design: Time (s): cpu = 00:00:10 ; elapsed = 00:00:11 . Memory (MB): peak = 539.496 ; gain = 323.719
Command: opt_design
Attempting to get a license for feature 'Implementation' and/or device 'xc7k325t'
INFO: [Common 17-349] Got license for feature 'Implementation' and/or device 'xc7k325t'
Running DRC as a precondition to command opt_design

Starting DRC Task
INFO: [Drc 23-27] Running DRC with 2 threads
INFO: [Project 1-461] DRC finished with 0 Errors
INFO: [Project 1-462] Please refer to the DRC report (report_drc) for more information.

Time (s): cpu = 00:00:00 ; elapsed = 00:00:00.203 . Memory (MB): peak = 541.430 ; gain = 0.000
INFO: [Timing 38-35] Done setting XDC timing constraints.

Starting Logic Optimization Task

Phase 1 Retarget

INFO: [Opt 31-138] Pushed 0 inverter(s) to 0 load pin(s).
INFO: [Opt 31-49] Retargeted 0 cell(s).
Phase 1 Retarget | Checksum: 14466d52d

Time (s): cpu = 00:00:01 ; elapsed = 00:00:00.125 . Memory (MB): peak = 1024.160 ; gain = 0.000

Phase 2 Constant Propagation
INFO: [Opt 31-138] Pushed 0 inverter(s) to 0 load pin(s).
INFO: [Opt 31-10] Eliminated 32 cells.
Phase 2 Constant Propagation | Checksum: 1ea37f93d

Time (s): cpu = 00:00:01 ; elapsed = 00:00:00.281 . Memory (MB): peak = 1024.160 ; gain = 0.000

Phase 3 Sweep
INFO: [Opt 31-12] Eliminated 147 unconnected nets.
INFO: [Opt 31-140] Inserted 0 IBUFs to IO ports without IO buffers.
INFO: [Opt 31-141] Inserted 0 OBUFs to IO ports without IO buffers.
INFO: [Opt 31-11] Eliminated 5 unconnected cells.
Phase 3 Sweep | Checksum: 1d13bddd5

Time (s): cpu = 00:00:01 ; elapsed = 00:00:00.437 . Memory (MB): peak = 1024.160 ; gain = 0.000
Ending Logic Optimization Task | Checksum: 1d13bddd5

Time (s): cpu = 00:00:00 ; elapsed = 00:00:00.452 . Memory (MB): peak = 1024.160 ; gain = 0.000
Implement Debug Cores | Checksum: 102b04608
Logic Optimization | Checksum: 102b04608

Starting Power Optimization Task
INFO: [Pwropt 34-132] Skipping clock gating for clocks with a period < 3.13 ns.
INFO: [Pwropt 34-9] Applying IDT optimizations ...
INFO: [Pwropt 34-10] Applying ODC optimizations ...


Starting PowerOpt Patch Enables Task
INFO: [Pwropt 34-162] WRITE_MODE attribute of 0 BRAM(s) out of a total of 2 has been updated to save power. Run report_power_opt to get a complete listing of the BRAMs updated.
INFO: [Pwropt 34-201] Structural ODC has moved 0 WE to EN ports
Number of BRAM Ports augmented: 0 newly gated: 1 Total Ports: 4
Ending PowerOpt Patch Enables Task | Checksum: 15bb35f3f

Time (s): cpu = 00:00:00 ; elapsed = 00:00:00.016 . Memory (MB): peak = 1024.160 ; gain = 0.000
Ending Power Optimization Task | Checksum: 15bb35f3f

Time (s): cpu = 00:00:00 ; elapsed = 00:00:00.936 . Memory (MB): peak = 1024.160 ; gain = 0.000
INFO: [Common 17-83] Releasing license: Implementation
27 Infos, 0 Warnings, 0 Critical Warnings and 0 Errors encountered.
opt_design completed successfully
opt_design: Time (s): cpu = 00:00:27 ; elapsed = 00:00:27 . Memory (MB): peak = 1024.160 ; gain = 484.664
Writing placer database...
Writing XDEF routing.
Writing XDEF routing logical nets.
Writing XDEF routing special nets.
Write XDEF Complete: Time (s): cpu = 00:00:00 ; elapsed = 00:00:00.078 . Memory (MB): peak = 1024.160 ; gain = 0.000
INFO: [Drc 23-27] Running DRC with 2 threads
INFO: [Coretcl 2-168] The results of DRC are in file C:/archlabs/lab01/lab01.runs/impl_1/mips_top_drc_opted.rpt.
Command: place_design
Attempting to get a license for feature 'Implementation' and/or device 'xc7k325t'
INFO: [Common 17-349] Got license for feature 'Implementation' and/or device 'xc7k325t'
INFO: [Drc 23-27] Running DRC with 2 threads
INFO: [Vivado_Tcl 4-198] DRC finished with 0 Errors
INFO: [Vivado_Tcl 4-199] Please refer to the DRC report (report_drc) for more information.
Running DRC as a precondition to command place_design
INFO: [Drc 23-27] Running DRC with 2 threads
INFO: [Vivado_Tcl 4-198] DRC finished with 0 Errors
INFO: [Vivado_Tcl 4-199] Please refer to the DRC report (report_drc) for more information.

Starting Placer Task
INFO: [Place 30-611] Multithreading enabled for place_design using a maximum of 2 CPUs

Phase 1 Placer Runtime Estimator
Phase 1 Placer Runtime Estimator | Checksum: 1146bb7b5

Time (s): cpu = 00:00:00 ; elapsed = 00:00:00.094 . Memory (MB): peak = 1024.160 ; gain = 0.000

Phase 2 Placer Initialization

Phase 2.1 Placer Initialization Core
Netlist sorting complete. Time (s): cpu = 00:00:00 ; elapsed = 00:00:00.015 . Memory (MB): peak = 1024.160 ; gain = 0.000
INFO: [Opt 31-140] Inserted 0 IBUFs to IO ports without IO buffers.
INFO: [Opt 31-141] Inserted 0 OBUFs to IO ports without IO buffers.
INFO: [Opt 31-138] Pushed 1 inverter(s) to 1 load pin(s).
Netlist sorting complete. Time (s): cpu = 00:00:00 ; elapsed = 00:00:00 . Memory (MB): peak = 1024.160 ; gain = 0.000

Phase 2.1.1 IO Placement/ Clock Placement/ Build Placer Device

Phase 2.1.1.1 Pre-Place Cells
Phase 2.1.1.1 Pre-Place Cells | Checksum: 7e7bc091

Time (s): cpu = 00:00:00 ; elapsed = 00:00:00.312 . Memory (MB): peak = 1024.160 ; gain = 0.000
INFO: [Timing 38-35] Done setting XDC timing constraints.

Phase 2.1.1.2 IO & Clk Clean Up
Phase 2.1.1.2 IO & Clk Clean Up | Checksum: 7e7bc091

Time (s): cpu = 00:00:04 ; elapsed = 00:00:03 . Memory (MB): peak = 1092.434 ; gain = 68.273

Phase 2.1.1.3 Implementation Feasibility check On IDelay
Phase 2.1.1.3 Implementation Feasibility check On IDelay | Checksum: 7e7bc091

Time (s): cpu = 00:00:04 ; elapsed = 00:00:03 . Memory (MB): peak = 1092.434 ; gain = 68.273

Phase 2.1.1.4 Commit IO Placement
Phase 2.1.1.4 Commit IO Placement | Checksum: c5259edf

Time (s): cpu = 00:00:04 ; elapsed = 00:00:03 . Memory (MB): peak = 1092.434 ; gain = 68.273
Phase 2.1.1 IO Placement/ Clock Placement/ Build Placer Device | Checksum: e545220d

Time (s): cpu = 00:00:04 ; elapsed = 00:00:03 . Memory (MB): peak = 1092.434 ; gain = 68.273

Phase 2.1.2 Build Placer Netlist Model

Phase 2.1.2.1 Place Init Design
Phase 2.1.2.1 Place Init Design | Checksum: 168fe5d38

Time (s): cpu = 00:00:04 ; elapsed = 00:00:04 . Memory (MB): peak = 1092.434 ; gain = 68.273
Phase 2.1.2 Build Placer Netlist Model | Checksum: 168fe5d38

Time (s): cpu = 00:00:04 ; elapsed = 00:00:04 . Memory (MB): peak = 1092.434 ; gain = 68.273

Phase 2.1.3 Constrain Clocks/Macros

Phase 2.1.3.1 Constrain Global/Regional Clocks
Phase 2.1.3.1 Constrain Global/Regional Clocks | Checksum: 168fe5d38

Time (s): cpu = 00:00:04 ; elapsed = 00:00:04 . Memory (MB): peak = 1092.434 ; gain = 68.273
Phase 2.1.3 Constrain Clocks/Macros | Checksum: 168fe5d38

Time (s): cpu = 00:00:04 ; elapsed = 00:00:04 . Memory (MB): peak = 1092.434 ; gain = 68.273
Phase 2.1 Placer Initialization Core | Checksum: 168fe5d38

Time (s): cpu = 00:00:04 ; elapsed = 00:00:04 . Memory (MB): peak = 1092.434 ; gain = 68.273
Phase 2 Placer Initialization | Checksum: 168fe5d38

Time (s): cpu = 00:00:04 ; elapsed = 00:00:04 . Memory (MB): peak = 1092.434 ; gain = 68.273

Phase 3 Global Placement
Phase 3 Global Placement | Checksum: ce6556fa

Time (s): cpu = 00:00:08 ; elapsed = 00:00:06 . Memory (MB): peak = 1092.434 ; gain = 68.273

Phase 4 Detail Placement

Phase 4.1 Commit Multi Column Macros
Phase 4.1 Commit Multi Column Macros | Checksum: ce6556fa

Time (s): cpu = 00:00:08 ; elapsed = 00:00:06 . Memory (MB): peak = 1092.434 ; gain = 68.273

Phase 4.2 Commit Most Macros & LUTRAMs
Phase 4.2 Commit Most Macros & LUTRAMs | Checksum: 8fb562bc

Time (s): cpu = 00:00:08 ; elapsed = 00:00:06 . Memory (MB): peak = 1092.434 ; gain = 68.273

Phase 4.3 Area Swap Optimization
Phase 4.3 Area Swap Optimization | Checksum: e3cecbe6

Time (s): cpu = 00:00:08 ; elapsed = 00:00:07 . Memory (MB): peak = 1092.434 ; gain = 68.273

Phase 4.4 Small Shape Detail Placement

Phase 4.4.1 Commit Small Macros & Core Logic

Phase 4.4.1.1 Commit Slice Clusters
Phase 4.4.1.1 Commit Slice Clusters | Checksum: efa10409

Time (s): cpu = 00:00:10 ; elapsed = 00:00:08 . Memory (MB): peak = 1092.434 ; gain = 68.273
Phase 4.4.1 Commit Small Macros & Core Logic | Checksum: efa10409

Time (s): cpu = 00:00:10 ; elapsed = 00:00:08 . Memory (MB): peak = 1092.434 ; gain = 68.273

Phase 4.4.2 Clock Restriction Legalization for Leaf Columns
Phase 4.4.2 Clock Restriction Legalization for Leaf Columns | Checksum: efa10409

Time (s): cpu = 00:00:10 ; elapsed = 00:00:08 . Memory (MB): peak = 1092.434 ; gain = 68.273

Phase 4.4.3 Clock Restriction Legalization for Non-Clock Pins
Phase 4.4.3 Clock Restriction Legalization for Non-Clock Pins | Checksum: efa10409

Time (s): cpu = 00:00:10 ; elapsed = 00:00:08 . Memory (MB): peak = 1092.434 ; gain = 68.273
Phase 4.4 Small Shape Detail Placement | Checksum: efa10409

Time (s): cpu = 00:00:10 ; elapsed = 00:00:08 . Memory (MB): peak = 1092.434 ; gain = 68.273

Phase 4.5 Re-assign LUT pins
Phase 4.5 Re-assign LUT pins | Checksum: efa10409

Time (s): cpu = 00:00:10 ; elapsed = 00:00:08 . Memory (MB): peak = 1092.434 ; gain = 68.273
Phase 4 Detail Placement | Checksum: efa10409

Time (s): cpu = 00:00:10 ; elapsed = 00:00:08 . Memory (MB): peak = 1092.434 ; gain = 68.273

Phase 5 Post Placement Optimization and Clean-Up

Phase 5.1 PCOPT Shape updates
Phase 5.1 PCOPT Shape updates | Checksum: f7f93162

Time (s): cpu = 00:00:10 ; elapsed = 00:00:08 . Memory (MB): peak = 1092.434 ; gain = 68.273

Phase 5.2 Post Commit Optimization
Phase 5.2 Post Commit Optimization | Checksum: f7f93162

Time (s): cpu = 00:00:10 ; elapsed = 00:00:08 . Memory (MB): peak = 1092.434 ; gain = 68.273

Phase 5.3 Sweep Clock Roots: Post-Placement
Phase 5.3 Sweep Clock Roots: Post-Placement | Checksum: f7f93162

Time (s): cpu = 00:00:10 ; elapsed = 00:00:08 . Memory (MB): peak = 1092.434 ; gain = 68.273

Phase 5.4 Post Placement Cleanup
Phase 5.4 Post Placement Cleanup | Checksum: f7f93162

Time (s): cpu = 00:00:10 ; elapsed = 00:00:08 . Memory (MB): peak = 1092.434 ; gain = 68.273

Phase 5.5 Placer Reporting
Phase 5.5 Placer Reporting | Checksum: f7f93162

Time (s): cpu = 00:00:10 ; elapsed = 00:00:08 . Memory (MB): peak = 1092.434 ; gain = 68.273

Phase 5.6 Final Placement Cleanup
Phase 5.6 Final Placement Cleanup | Checksum: 936f3b81

Time (s): cpu = 00:00:10 ; elapsed = 00:00:08 . Memory (MB): peak = 1092.434 ; gain = 68.273
Phase 5 Post Placement Optimization and Clean-Up | Checksum: 936f3b81

Time (s): cpu = 00:00:10 ; elapsed = 00:00:08 . Memory (MB): peak = 1092.434 ; gain = 68.273
Ending Placer Task | Checksum: 77a3cd34

Time (s): cpu = 00:00:00 ; elapsed = 00:00:08 . Memory (MB): peak = 1092.434 ; gain = 68.273
INFO: [Common 17-83] Releasing license: Implementation
42 Infos, 0 Warnings, 0 Critical Warnings and 0 Errors encountered.
place_design completed successfully
place_design: Time (s): cpu = 00:00:13 ; elapsed = 00:00:10 . Memory (MB): peak = 1092.434 ; gain = 68.273
Writing placer database...
Writing XDEF routing.
Writing XDEF routing logical nets.
Writing XDEF routing special nets.
Write XDEF Complete: Time (s): cpu = 00:00:01 ; elapsed = 00:00:00.421 . Memory (MB): peak = 1092.434 ; gain = 0.000
report_io: Time (s): cpu = 00:00:00 ; elapsed = 00:00:00.156 . Memory (MB): peak = 1092.434 ; gain = 0.000
report_utilization: Time (s): cpu = 00:00:00 ; elapsed = 00:00:00.250 . Memory (MB): peak = 1092.434 ; gain = 0.000
report_control_sets: Time (s): cpu = 00:00:00 ; elapsed = 00:00:00.015 . Memory (MB): peak = 1092.434 ; gain = 0.000
Command: route_design
Attempting to get a license for feature 'Implementation' and/or device 'xc7k325t'
INFO: [Common 17-349] Got license for feature 'Implementation' and/or device 'xc7k325t'
Running DRC as a precondition to command route_design
INFO: [Drc 23-27] Running DRC with 2 threads
INFO: [Vivado_Tcl 4-198] DRC finished with 0 Errors
INFO: [Vivado_Tcl 4-199] Please refer to the DRC report (report_drc) for more information.


Starting Routing Task
INFO: [Route 35-254] Multithreading enabled for route_design using a maximum of 2 CPUs

Phase 1 Build RT Design
Phase 1 Build RT Design | Checksum: 1186a335f

Time (s): cpu = 00:02:44 ; elapsed = 00:02:22 . Memory (MB): peak = 1276.438 ; gain = 184.004

Phase 2 Router Initialization
INFO: [Route 35-64] No timing constraints were detected. The router will operate in resource-optimization mode.

Phase 2.1 Pre Route Cleanup
Phase 2.1 Pre Route Cleanup | Checksum: 1186a335f

Time (s): cpu = 00:02:44 ; elapsed = 00:02:23 . Memory (MB): peak = 1281.488 ; gain = 189.055
 Number of Nodes with overlaps = 0
Phase 2 Router Initialization | Checksum: 1286b300a

Time (s): cpu = 00:02:48 ; elapsed = 00:02:26 . Memory (MB): peak = 1348.590 ; gain = 256.156

Phase 3 Initial Routing
Phase 3 Initial Routing | Checksum: 0999497d

Time (s): cpu = 00:02:49 ; elapsed = 00:02:27 . Memory (MB): peak = 1348.590 ; gain = 256.156

Phase 4 Rip-up And Reroute

Phase 4.1 Global Iteration 0
 Number of Nodes with overlaps = 214
 Number of Nodes with overlaps = 0
Phase 4.1 Global Iteration 0 | Checksum: a4efbfd1

Time (s): cpu = 00:02:50 ; elapsed = 00:02:28 . Memory (MB): peak = 1348.590 ; gain = 256.156
Phase 4 Rip-up And Reroute | Checksum: a4efbfd1

Time (s): cpu = 00:02:50 ; elapsed = 00:02:28 . Memory (MB): peak = 1348.590 ; gain = 256.156

Phase 5 Post Hold Fix
Phase 5 Post Hold Fix | Checksum: a4efbfd1

Time (s): cpu = 00:02:50 ; elapsed = 00:02:28 . Memory (MB): peak = 1348.590 ; gain = 256.156

Phase 6 Route finalize

Router Utilization Summary
  Global Vertical Routing Utilization    = 0.0663545 %
  Global Horizontal Routing Utilization  = 0.108407 %
  Routable Net Status*
  *Does not include unroutable nets such as driverless and loadless.
  Run report_route_status for detailed report.
  Number of Failed Nets               = 0
  Number of Unrouted Nets             = 0
  Number of Partially Routed Nets     = 0
  Number of Node Overlaps             = 0

Congestion Report
North Dir 1x1 Area, Max Cong = 29.7297%, No Congested Regions.
South Dir 1x1 Area, Max Cong = 43.2432%, No Congested Regions.
East Dir 1x1 Area, Max Cong = 41.1765%, No Congested Regions.
West Dir 1x1 Area, Max Cong = 42.6471%, No Congested Regions.
Phase 6 Route finalize | Checksum: a4efbfd1

Time (s): cpu = 00:02:50 ; elapsed = 00:02:28 . Memory (MB): peak = 1348.590 ; gain = 256.156

Phase 7 Verifying routed nets

 Verification completed successfully
Phase 7 Verifying routed nets | Checksum: a4efbfd1

Time (s): cpu = 00:02:50 ; elapsed = 00:02:28 . Memory (MB): peak = 1348.590 ; gain = 256.156

Phase 8 Depositing Routes
Phase 8 Depositing Routes | Checksum: 11f891569

Time (s): cpu = 00:02:51 ; elapsed = 00:02:28 . Memory (MB): peak = 1348.590 ; gain = 256.156
INFO: [Route 35-16] Router Completed Successfully

Routing Is Done.

Time (s): cpu = 00:00:00 ; elapsed = 00:02:28 . Memory (MB): peak = 1348.590 ; gain = 256.156
INFO: [Common 17-83] Releasing license: Implementation
50 Infos, 0 Warnings, 0 Critical Warnings and 0 Errors encountered.
route_design completed successfully
route_design: Time (s): cpu = 00:02:53 ; elapsed = 00:02:30 . Memory (MB): peak = 1348.590 ; gain = 256.156
Writing placer database...
Writing XDEF routing.
Writing XDEF routing logical nets.
Writing XDEF routing special nets.
Write XDEF Complete: Time (s): cpu = 00:00:00 ; elapsed = 00:00:00.515 . Memory (MB): peak = 1348.590 ; gain = 0.000
INFO: [Drc 23-27] Running DRC with 2 threads
INFO: [Coretcl 2-168] The results of DRC are in file C:/archlabs/lab01/lab01.runs/impl_1/mips_top_drc_routed.rpt.
INFO: [Timing 38-91] UpdateTimingParams: Speed grade: -2, Delay Type: min_max.
INFO: [Timing 38-191] Multithreading enabled for timing update using a maximum of 2 CPUs
WARNING: [Power 33-232] No user defined clocks were found in the design!
Resolution: Please specify clocks using create_clock/create_generated_clock for sequential elements. For pure combinatorial circuits, please specify a virtual clock, otherwise the vectorless estimation might be inaccurate
Running Vector-less Activity Propagation...

Finished Running Vector-less Activity Propagation
Attempting to get a license for feature 'Implementation' and/or device 'xc7k325t'
INFO: [Common 17-349] Got license for feature 'Implementation' and/or device 'xc7k325t'
Running DRC as a precondition to command write_bitstream
INFO: [Drc 23-27] Running DRC with 2 threads
WARNING: [Drc 23-20] Rule violation (CFGBVS-1) Missing CFGBVS and CONFIG_VOLTAGE Design Properties - Neither the CFGBVS nor CONFIG_VOLTAGE voltage property is set in the current_design.  Configuration bank voltage select (CFGBVS) must be set to VCCO or GND, and CONFIG_VOLTAGE must be set to the correct configuration voltage, in order to determine the I/O voltage support for the pins in bank 0.  It is suggested to specify these either using the 'Edit Device Properties' function in the GUI or directly in the XDC file using the following syntax:

 set_property CFGBVS value1 [current_design]
 #where value1 is either VCCO or GND

 set_property CONFIG_VOLTAGE value2 [current_design]
 #where value2 is the voltage provided to configuration bank 0

Refer to the device configuration user guide for more information.
INFO: [Vivado 12-3199] DRC finished with 0 Errors, 1 Warnings
INFO: [Vivado 12-3200] Please refer to the DRC report (report_drc) for more information.
Loading data files...
Loading site data...
Loading route data...
Processing options...
Creating bitmap...
Creating bitstream...
Writing bitstream ./mips_top.bit...
INFO: [Vivado 12-1842] Bitgen Completed Successfully.
INFO: [Project 1-118] WebTalk data collection is enabled (User setting is ON. Install Setting is ON.).
INFO: [Common 17-83] Releasing license: Implementation
write_bitstream: Time (s): cpu = 00:01:57 ; elapsed = 00:02:02 . Memory (MB): peak = 1629.355 ; gain = 280.766
INFO: [Common 17-206] Exiting Vivado at Tue Jan 22 22:00:53 2019...
