#-----------------------------------------------------------
# Vivado v2020.2 (64-bit)
# SW Build 3064766 on Wed Nov 18 09:12:45 MST 2020
# IP Build 3064653 on Wed Nov 18 14:17:31 MST 2020
# Start of session at: Mon May 17 23:57:32 2021
# Process ID: 22444
# Current directory: C:/Users/liang/Desktop/OrgLab/lab4/REG32
# Command line: vivado.exe -gui_launcher_event rodinguilauncherevent19108 C:\Users\liang\Desktop\OrgLab\lab4\REG32\REG32.xpr
# Log file: C:/Users/liang/Desktop/OrgLab/lab4/REG32/vivado.log
# Journal file: C:/Users/liang/Desktop/OrgLab/lab4/REG32\vivado.jou
#-----------------------------------------------------------
start_gui
open_project C:/Users/liang/Desktop/OrgLab/lab4/REG32/REG32.xpr
WARNING: [filemgmt 56-3] Default IP Output Path : Could not find the directory 'C:/Users/liang/Desktop/OrgLab/lab4/REG32/REG32.gen/sources_1'.
Scanning sources...
Finished scanning sources
INFO: [IP_Flow 19-234] Refreshing IP repositories
INFO: [IP_Flow 19-1700] Loaded user IP repository 'c:/Users/liang/Desktop/OrgLab/lab4/REG32/REG32.srcs/sources_1/new'.
INFO: [IP_Flow 19-2313] Loaded Vivado IP repository 'D:/Xilinx/Vivado/2020.2/data/ip'.
open_project: Time (s): cpu = 00:00:15 ; elapsed = 00:00:06 . Memory (MB): peak = 1109.219 ; gain = 0.000
update_compile_order -fileset sources_1
exit
INFO: [Common 17-206] Exiting Vivado at Mon May 17 23:59:41 2021...
