Copyright 1986-2017 Xilinx, Inc. All Rights Reserved.
--------------------------------------------------------------------------------------------------------------------------------------------------------------------------------------------------------
| Tool Version : Vivado v.2017.4 (win64) Build 2086221 Fri Dec 15 20:55:39 MST 2017
| Date         : Mon Mar  1 15:33:33 2021
| Host         : DESKTOP-BJQ6VJA running 64-bit major release  (build 9200)
| Command      : report_methodology -file OExp01_muxctrl_wrapper_methodology_drc_routed.rpt -pb OExp01_muxctrl_wrapper_methodology_drc_routed.pb -rpx OExp01_muxctrl_wrapper_methodology_drc_routed.rpx
| Design       : OExp01_muxctrl_wrapper
| Device       : xc7k160tffg676-2L
| Speed File   : -2L
| Design State : Routed
--------------------------------------------------------------------------------------------------------------------------------------------------------------------------------------------------------

Report Methodology

Table of Contents
-----------------
1. REPORT SUMMARY
2. REPORT DETAILS

1. REPORT SUMMARY
-----------------
            Netlist: netlist
          Floorplan: design_1
      Design limits: <entire design considered>
             Max violations: <unlimited>
             Violations found: 0
+------+----------+-------------+------------+
| Rule | Severity | Description | Violations |
+------+----------+-------------+------------+
+------+----------+-------------+------------+

2. REPORT DETAILS
-----------------

