Copyright 1986-2020 Xilinx, Inc. All Rights Reserved.
------------------------------------------------------------------------------------------------------------------------------
| Tool Version : Vivado v.2020.2 (win64) Build 3064766 Wed Nov 18 09:12:45 MST 2020
| Date         : Mon Jun 28 14:18:03 2021
| Host         : DESKTOP-LII7R1O running 64-bit major release  (build 9200)
| Command      : report_drc -file CSSTE_wrapper_drc_opted.rpt -pb CSSTE_wrapper_drc_opted.pb -rpx CSSTE_wrapper_drc_opted.rpx
| Design       : CSSTE_wrapper
| Device       : xc7k160tffg676-2L
| Speed File   : -2L
| Design State : Synthesized
------------------------------------------------------------------------------------------------------------------------------

Report DRC

Table of Contents
-----------------
1. REPORT SUMMARY
2. REPORT DETAILS

1. REPORT SUMMARY
-----------------
            Netlist: netlist
          Floorplan: design_1
      Design limits: <entire design considered>
           Ruledeck: default
             Max violations: <unlimited>
             Violations found: 2
+-------------+----------+-------------------------------------------------------------+------------+
| Rule        | Severity | Description                                                 | Violations |
+-------------+----------+-------------------------------------------------------------+------------+
| CFGBVS-1    | Warning  | Missing CFGBVS and CONFIG_VOLTAGE Design Properties         | 1          |
| PLHOLDVIO-2 | Warning  | Non-Optimal connections which could lead to hold violations | 1          |
+-------------+----------+-------------------------------------------------------------+------------+

2. REPORT DETAILS
-----------------
CFGBVS-1#1 Warning
Missing CFGBVS and CONFIG_VOLTAGE Design Properties  
Neither the CFGBVS nor CONFIG_VOLTAGE voltage property is set in the current_design.  Configuration bank voltage select (CFGBVS) must be set to VCCO or GND, and CONFIG_VOLTAGE must be set to the correct configuration voltage, in order to determine the I/O voltage support for the pins in bank 0.  It is suggested to specify these either using the 'Edit Device Properties' function in the GUI or directly in the XDC file using the following syntax:

 set_property CFGBVS value1 [current_design]
 #where value1 is either VCCO or GND

 set_property CONFIG_VOLTAGE value2 [current_design]
 #where value2 is the voltage provided to configuration bank 0

Refer to the device configuration user guide for more information.
Related violations: <none>

PLHOLDVIO-2#1 Warning
Non-Optimal connections which could lead to hold violations  
A LUT CSSTE_i/U8/inst/Clk_CPU_INST_0 is driving clock pin of 29 cells. This could lead to large hold time violations. Involved cells are:
CSSTE_i/SCPUC_0/inst/DATAPATH/PC_out_reg[2],
CSSTE_i/SCPUC_0/inst/DATAPATH/interr_en_reg, CSSTE_i/U10/inst/M0_reg,
CSSTE_i/U7/inst/LED_P2S/EN_reg, CSSTE_i/U7/inst/LED_P2S/buffer_reg[0],
CSSTE_i/U7/inst/LED_P2S/buffer_reg[10],
CSSTE_i/U7/inst/LED_P2S/buffer_reg[11],
CSSTE_i/U7/inst/LED_P2S/buffer_reg[12],
CSSTE_i/U7/inst/LED_P2S/buffer_reg[13],
CSSTE_i/U7/inst/LED_P2S/buffer_reg[14],
CSSTE_i/U7/inst/LED_P2S/buffer_reg[15],
CSSTE_i/U7/inst/LED_P2S/buffer_reg[1],
CSSTE_i/U7/inst/LED_P2S/buffer_reg[2],
CSSTE_i/U7/inst/LED_P2S/buffer_reg[3],
CSSTE_i/U7/inst/LED_P2S/buffer_reg[4] (the first 15 of 29 listed)
Related violations: <none>


