#-----------------------------------------------------------
# Vivado v2020.2 (64-bit)
# SW Build 3064766 on Wed Nov 18 09:12:45 MST 2020
# IP Build 3064653 on Wed Nov 18 14:17:31 MST 2020
# Start of session at: Tue Jun 29 22:16:24 2021
# Process ID: 15600
# Current directory: C:/Users/liang/Desktop/OrgLab/lab4/simCPU
# Command line: vivado.exe -gui_launcher_event rodinguilauncherevent8436 C:\Users\liang\Desktop\OrgLab\lab4\simCPU\simCPU.xpr
# Log file: C:/Users/liang/Desktop/OrgLab/lab4/simCPU/vivado.log
# Journal file: C:/Users/liang/Desktop/OrgLab/lab4/simCPU\vivado.jou
#-----------------------------------------------------------
start_gui
open_project C:/Users/liang/Desktop/OrgLab/lab4/simCPU/simCPU.xpr
WARNING: [filemgmt 56-3] IP Repository Path: Could not find the directory 'C:/Users/liang/Desktop/OrgLab/lab4/MCPUIP'.
CRITICAL WARNING: [Project 1-19] Could not find the file 'C:/Users/liang/Desktop/OrgLab/lab4/interr.coe'.
Scanning sources...
Finished scanning sources
INFO: [IP_Flow 19-234] Refreshing IP repositories
INFO: [IP_Flow 19-1700] Loaded user IP repository 'c:/Users/liang/Desktop/OrgLab/reference'.
WARNING: [IP_Flow 19-2248] Failed to load user IP repository 'c:/Users/liang/Desktop/OrgLab/lab4/MCPUIP'; Can't find the specified path.
If this directory should no longer be in your list of user repositories, go to the IP Settings dialog and remove it.
INFO: [IP_Flow 19-1700] Loaded user IP repository 'c:/Users/liang/Desktop/OrgLab/lab4/CPUC'.
INFO: [IP_Flow 19-2313] Loaded Vivado IP repository 'D:/Vivado/2020.2/data/ip'.
WARNING: [IP_Flow 19-1663] Duplicate IP found for 'xilinx.com:user:MUX2T1_5:1.0'. The one found in IP location 'c:/Users/liang/Desktop/OrgLab/reference/Lab0 Vivado介绍和模块封装（学生版）(1)/Lab0 Vivado介绍和模块封装（学生版）/OExp00/MUX2T1_5/MUX2T1_5.srcs/sources_1/imports/ip' will take precedence over the same IP in locations: 
   c:/Users/liang/Desktop/OrgLab/reference/Lab0 Vivado介绍和模块封装（学生版）(1)/Lab0 Vivado介绍和模块封装（学生版）/OExp00/OExp00-Element/IP/MUX/MUX2T1_5/MUX2T1_5.srcs/sources_1/imports/ip
   c:/Users/liang/Desktop/OrgLab/reference/Lab0 Vivado介绍和模块封装（学生版）(1)/Lab0 Vivado介绍和模块封装（学生版）/OExp00/OExp00-muxctrl/MUX/MUX2T1_5/MUX2T1_5.srcs/MUX2T1_5
   c:/Users/liang/Desktop/OrgLab/reference/Lab01 warmup（学生版）(1)/Lab01 warmup（学生版）/OExp01/OExp01-ALU/IP_Include/MUX/MUX2T1_5/MUX2T1_5.srcs/sources_1/imports/ip
   c:/Users/liang/Desktop/OrgLab/reference/Lab02CPU/Lab02CPU/OExp02-IP2SOC/IP/MUX/MUX2T1_5/MUX2T1_5.srcs/sources_1/imports/ip
WARNING: [IP_Flow 19-1663] Duplicate IP found for 'xilinx.com:user:addc_32:1.0'. The one found in IP location 'c:/Users/liang/Desktop/OrgLab/reference/Lab0 Vivado介绍和模块封装（学生版）(1)/Lab0 Vivado介绍和模块封装（学生版）/OExp00/OExp00-Element/IP/Logic/addc_32/addc_32.srcs/sources_1/imports/Logic_W' will take precedence over the same IP in locations: 
   c:/Users/liang/Desktop/OrgLab/reference/Lab01 warmup（学生版）(1)/Lab01 warmup（学生版）/OExp01/OExp01-ALU/IP_Include/Logic/addc_32/addc_32.srcs/sources_1/imports/Logic_W
   c:/Users/liang/Desktop/OrgLab/reference/Lab02CPU/Lab02CPU/OExp02-IP2SOC/IP/Logic/addc_32/addc_32.srcs/sources_1/imports/Logic_W
WARNING: [IP_Flow 19-1663] Duplicate IP found for 'xilinx.com:user:add_32:1.0'. The one found in IP location 'c:/Users/liang/Desktop/OrgLab/reference/Lab0 Vivado介绍和模块封装（学生版）(1)/Lab0 Vivado介绍和模块封装（学生版）/OExp00/OExp00-Element/IP/Logic/add_32/add_32.srcs/sources_1/imports/Logic_W' will take precedence over the same IP in locations: 
   c:/Users/liang/Desktop/OrgLab/reference/Lab01 warmup（学生版）(1)/Lab01 warmup（学生版）/OExp01/OExp01-ALU/IP_Include/Logic/add_32/add_32.srcs/sources_1/imports/Logic_W
   c:/Users/liang/Desktop/OrgLab/reference/Lab02CPU/Lab02CPU/OExp02-IP2SOC/IP/Logic/add_32/add_32.srcs/sources_1/imports/Logic_W
WARNING: [IP_Flow 19-1663] Duplicate IP found for 'xilinx.com:user:and32:1.0'. The one found in IP location 'c:/Users/liang/Desktop/OrgLab/reference/Lab0 Vivado介绍和模块封装（学生版）(1)/Lab0 Vivado介绍和模块封装（学生版）/OExp00/OExp00-Element/IP/Logic/and32/and32.srcs/sources_1/imports/Logic_W' will take precedence over the same IP in locations: 
   c:/Users/liang/Desktop/OrgLab/reference/Lab01 warmup（学生版）(1)/Lab01 warmup（学生版）/OExp01/OExp01-ALU/IP_Include/Logic/and32/and32.srcs/sources_1/imports/Logic_W
   c:/Users/liang/Desktop/OrgLab/reference/Lab02CPU/Lab02CPU/OExp02-IP2SOC/IP/Logic/and32/and32.srcs/sources_1/imports/Logic_W
WARNING: [IP_Flow 19-1663] Duplicate IP found for 'xilinx.com:user:Ext_imm16:1.0'. The one found in IP location 'c:/Users/liang/Desktop/OrgLab/reference/Lab0 Vivado介绍和模块封装（学生版）(1)/Lab0 Vivado介绍和模块封装（学生版）/OExp00/OExp00-Element/IP/Logic/Ext_imm16/Ext_imm16.srcs/sources_1/imports/Logic_W' will take precedence over the same IP in locations: 
   c:/Users/liang/Desktop/OrgLab/reference/Lab01 warmup（学生版）(1)/Lab01 warmup（学生版）/OExp01/OExp01-ALU/IP_Include/Logic/Ext_imm16/Ext_imm16.srcs/sources_1/imports/Logic_W
   c:/Users/liang/Desktop/OrgLab/reference/Lab02CPU/Lab02CPU/OExp02-IP2SOC/IP/Logic/Ext_imm16/Ext_imm16.srcs/sources_1/imports/Logic_W
WARNING: [IP_Flow 19-1663] Duplicate IP found for 'xilinx.com:user:nor32:1.0'. The one found in IP location 'c:/Users/liang/Desktop/OrgLab/reference/Lab0 Vivado介绍和模块封装（学生版）(1)/Lab0 Vivado介绍和模块封装（学生版）/OExp00/OExp00-Element/IP/Logic/nor32/nor32.srcs/sources_1/imports/Logic_W' will take precedence over the same IP in locations: 
   c:/Users/liang/Desktop/OrgLab/reference/Lab01 warmup（学生版）(1)/Lab01 warmup（学生版）/OExp01/OExp01-ALU/IP_Include/Logic/nor32/nor32.srcs/sources_1/imports/Logic_W
   c:/Users/liang/Desktop/OrgLab/reference/Lab02CPU/Lab02CPU/OExp02-IP2SOC/IP/Logic/nor32/nor32.srcs/sources_1/imports/Logic_W
WARNING: [IP_Flow 19-1663] Duplicate IP found for 'xilinx.com:user:or32:1.0'. The one found in IP location 'c:/Users/liang/Desktop/OrgLab/reference/Lab0 Vivado介绍和模块封装（学生版）(1)/Lab0 Vivado介绍和模块封装（学生版）/OExp00/OExp00-Element/IP/Logic/or32/or32.srcs/sources_1/imports/Logic_W' will take precedence over the same IP in locations: 
   c:/Users/liang/Desktop/OrgLab/reference/Lab01 warmup（学生版）(1)/Lab01 warmup（学生版）/OExp01/OExp01-ALU/IP_Include/Logic/or32/or32.srcs/sources_1/imports/Logic_W
   c:/Users/liang/Desktop/OrgLab/reference/Lab02CPU/Lab02CPU/OExp02-IP2SOC/IP/Logic/or32/or32.srcs/sources_1/imports/Logic_W
WARNING: [IP_Flow 19-1663] Duplicate IP found for 'xilinx.com:user:or_bit_32:1.0'. The one found in IP location 'c:/Users/liang/Desktop/OrgLab/reference/Lab0 Vivado介绍和模块封装（学生版）(1)/Lab0 Vivado介绍和模块封装（学生版）/OExp00/OExp00-Element/IP/Logic/or_bit_32/or_bit_32.srcs/sources_1/imports/Logic_W' will take precedence over the same IP in locations: 
   c:/Users/liang/Desktop/OrgLab/reference/Lab01 warmup（学生版）(1)/Lab01 warmup（学生版）/OExp01/OExp01-ALU/IP_Include/Logic/or_bit_32/or_bit_32.srcs/sources_1/imports/Logic_W
   c:/Users/liang/Desktop/OrgLab/reference/Lab02CPU/Lab02CPU/OExp02-IP2SOC/IP/Logic/or_bit_32/or_bit_32.srcs/sources_1/imports/Logic_W
WARNING: [IP_Flow 19-1663] Duplicate IP found for 'xilinx.com:user:SignalExt_32:1.0'. The one found in IP location 'c:/Users/liang/Desktop/OrgLab/reference/Lab0 Vivado介绍和模块封装（学生版）(1)/Lab0 Vivado介绍和模块封装（学生版）/OExp00/OExp00-Element/IP/Logic/SignalExt_32/SignalExt_32.srcs/sources_1/imports/Logic_W' will take precedence over the same IP in locations: 
   c:/Users/liang/Desktop/OrgLab/reference/Lab01 warmup（学生版）(1)/Lab01 warmup（学生版）/OExp01/OExp01-ALU/IP_Include/Logic/SignalExt_32/SignalExt_32.srcs/sources_1/imports/Logic_W
   c:/Users/liang/Desktop/OrgLab/reference/Lab02CPU/Lab02CPU/OExp02-IP2SOC/IP/Logic/SignalExt_32/SignalExt_32.srcs/sources_1/imports/Logic_W
WARNING: [IP_Flow 19-1663] Duplicate IP found for 'xilinx.com:user:srl32:1.0'. The one found in IP location 'c:/Users/liang/Desktop/OrgLab/reference/Lab0 Vivado介绍和模块封装（学生版）(1)/Lab0 Vivado介绍和模块封装（学生版）/OExp00/OExp00-Element/IP/Logic/srl32/srl32.srcs/sources_1/imports/Logic_W' will take precedence over the same IP in locations: 
   c:/Users/liang/Desktop/OrgLab/reference/Lab01 warmup（学生版）(1)/Lab01 warmup（学生版）/OExp01/OExp01-ALU/IP_Include/Logic/srl32/srl32.srcs/sources_1/imports/Logic_W
   c:/Users/liang/Desktop/OrgLab/reference/Lab02CPU/Lab02CPU/OExp02-IP2SOC/IP/Logic/srl32/srl32.srcs/sources_1/imports/Logic_W
WARNING: [IP_Flow 19-1663] Duplicate IP found for 'xilinx.com:user:xor32:1.0'. The one found in IP location 'c:/Users/liang/Desktop/OrgLab/reference/Lab0 Vivado介绍和模块封装（学生版）(1)/Lab0 Vivado介绍和模块封装（学生版）/OExp00/OExp00-Element/IP/Logic/xor32/xor32.srcs/sources_1/imports/Logic_W' will take precedence over the same IP in locations: 
   c:/Users/liang/Desktop/OrgLab/reference/Lab01 warmup（学生版）(1)/Lab01 warmup（学生版）/OExp01/OExp01-ALU/IP_Include/Logic/xor32/xor32.srcs/sources_1/imports/Logic_W
   c:/Users/liang/Desktop/OrgLab/reference/Lab02CPU/Lab02CPU/OExp02-IP2SOC/IP/Logic/xor32/xor32.srcs/sources_1/imports/Logic_W
WARNING: [IP_Flow 19-1663] Duplicate IP found for 'xilinx.com:user:MUX2T1_32:1.0'. The one found in IP location 'c:/Users/liang/Desktop/OrgLab/reference/Lab0 Vivado介绍和模块封装（学生版）(1)/Lab0 Vivado介绍和模块封装（学生版）/OExp00/OExp00-Element/IP/MUX/MUX2T1_32/MUX2T1_32.srcs/sources_1/imports/MUX_W' will take precedence over the same IP in locations: 
   c:/Users/liang/Desktop/OrgLab/reference/Lab0 Vivado介绍和模块封装（学生版）(1)/Lab0 Vivado介绍和模块封装（学生版）/OExp00/OExp00-muxctrl/MUX/MUX2T1_32/MUX2T1_32.srcs/sources_1/new
   c:/Users/liang/Desktop/OrgLab/reference/Lab01 warmup（学生版）(1)/Lab01 warmup（学生版）/OExp01/OExp01-ALU/IP_Include/MUX/MUX2T1_32/MUX2T1_32.srcs/sources_1/imports/MUX_W
   c:/Users/liang/Desktop/OrgLab/reference/Lab02CPU/Lab02CPU/OExp02-IP2SOC/IP/MUX/MUX2T1_32/MUX2T1_32.srcs/sources_1/imports/MUX_W
WARNING: [IP_Flow 19-1663] Duplicate IP found for 'xilinx.com:user:MUX2T1_64:1.0'. The one found in IP location 'c:/Users/liang/Desktop/OrgLab/reference/Lab0 Vivado介绍和模块封装（学生版）(1)/Lab0 Vivado介绍和模块封装（学生版）/OExp00/OExp00-Element/IP/MUX/MUX2T1_64/MUX2T1_64.srcs/sources_1/imports/MUX_W' will take precedence over the same IP in locations: 
   c:/Users/liang/Desktop/OrgLab/reference/Lab0 Vivado介绍和模块封装（学生版）(1)/Lab0 Vivado介绍和模块封装（学生版）/OExp00/OExp00-muxctrl/MUX/MUX2T1_64/MUX2T1_64.srcs/sources_1/new
   c:/Users/liang/Desktop/OrgLab/reference/Lab01 warmup（学生版）(1)/Lab01 warmup（学生版）/OExp01/OExp01-ALU/IP_Include/MUX/MUX2T1_64/MUX2T1_64.srcs/sources_1/imports/MUX_W
   c:/Users/liang/Desktop/OrgLab/reference/Lab02CPU/Lab02CPU/OExp02-IP2SOC/IP/MUX/MUX2T1_64/MUX2T1_64.srcs/sources_1/imports/MUX_W
WARNING: [IP_Flow 19-1663] Duplicate IP found for 'xilinx.com:user:MUX2T1_8:1.0'. The one found in IP location 'c:/Users/liang/Desktop/OrgLab/reference/Lab0 Vivado介绍和模块封装（学生版）(1)/Lab0 Vivado介绍和模块封装（学生版）/OExp00/OExp00-Element/IP/MUX/MUX2T1_8/MUX2T1_8.srcs/sources_1/imports/MUX_W' will take precedence over the same IP in locations: 
   c:/Users/liang/Desktop/OrgLab/reference/Lab0 Vivado介绍和模块封装（学生版）(1)/Lab0 Vivado介绍和模块封装（学生版）/OExp00/OExp00-muxctrl/MUX/MUX2T1_8/MUX2T1_8.srcs/MUX2T1_8
   c:/Users/liang/Desktop/OrgLab/reference/Lab01 warmup（学生版）(1)/Lab01 warmup（学生版）/OExp01/OExp01-ALU/IP_Include/MUX/MUX2T1_8/MUX2T1_8.srcs/sources_1/imports/MUX_W
   c:/Users/liang/Desktop/OrgLab/reference/Lab02CPU/Lab02CPU/OExp02-IP2SOC/IP/MUX/MUX2T1_8/MUX2T1_8.srcs/sources_1/imports/MUX_W
WARNING: [IP_Flow 19-1663] Duplicate IP found for 'xilinx.com:user:MUX4T1_32:1.0'. The one found in IP location 'c:/Users/liang/Desktop/OrgLab/reference/Lab0 Vivado介绍和模块封装（学生版）(1)/Lab0 Vivado介绍和模块封装（学生版）/OExp00/OExp00-Element/IP/MUX/MUX4T1_32/MUX4T1_32.srcs/sources_1/imports/MUX_W' will take precedence over the same IP in locations: 
   c:/Users/liang/Desktop/OrgLab/reference/Lab0 Vivado介绍和模块封装（学生版）(1)/Lab0 Vivado介绍和模块封装（学生版）/OExp00/OExp00-muxctrl/MUX/MUX4T1_32/MUX4T1_32.srcs/sources_1/new
   c:/Users/liang/Desktop/OrgLab/reference/Lab01 warmup（学生版）(1)/Lab01 warmup（学生版）/OExp01/OExp01-ALU/IP_Include/MUX/MUX4T1_32/MUX4T1_32.srcs/sources_1/imports/MUX_W
   c:/Users/liang/Desktop/OrgLab/reference/Lab02CPU/Lab02CPU/OExp02-IP2SOC/IP/MUX/MUX4T1_32/MUX4T1_32.srcs/sources_1/imports/MUX_W
WARNING: [IP_Flow 19-1663] Duplicate IP found for 'xilinx.com:user:MUX4T1_5:1.0'. The one found in IP location 'c:/Users/liang/Desktop/OrgLab/reference/Lab0 Vivado介绍和模块封装（学生版）(1)/Lab0 Vivado介绍和模块封装（学生版）/OExp00/OExp00-Element/IP/MUX/MUX4T1_5/MUX4T1_5.srcs/sources_1/imports/MUX_W' will take precedence over the same IP in locations: 
   c:/Users/liang/Desktop/OrgLab/reference/Lab0 Vivado介绍和模块封装（学生版）(1)/Lab0 Vivado介绍和模块封装（学生版）/OExp00/OExp00-muxctrl/MUX/MUX4T1_5/MUX4T1_5.srcs/sources_1/new
   c:/Users/liang/Desktop/OrgLab/reference/Lab01 warmup（学生版）(1)/Lab01 warmup（学生版）/OExp01/OExp01-ALU/IP_Include/MUX/MUX4T1_5/MUX4T1_5.srcs/sources_1/imports/MUX_W
   c:/Users/liang/Desktop/OrgLab/reference/Lab02CPU/Lab02CPU/OExp02-IP2SOC/IP/MUX/MUX4T1_5/MUX4T1_5.srcs/sources_1/imports/MUX_W
WARNING: [IP_Flow 19-1663] Duplicate IP found for 'xilinx.com:user:MUX8T1_32:1.0'. The one found in IP location 'c:/Users/liang/Desktop/OrgLab/reference/Lab0 Vivado介绍和模块封装（学生版）(1)/Lab0 Vivado介绍和模块封装（学生版）/OExp00/OExp00-Element/IP/MUX/MUX8T1_32/MUX8T1_32.srcs/sources_1/imports/MUX_W' will take precedence over the same IP in locations: 
   c:/Users/liang/Desktop/OrgLab/reference/Lab0 Vivado介绍和模块封装（学生版）(1)/Lab0 Vivado介绍和模块封装（学生版）/OExp00/OExp00-muxctrl/MUX/MUX8T1_32/MUX8T1_32.srcs/sources_1/new
   c:/Users/liang/Desktop/OrgLab/reference/Lab01 warmup（学生版）(1)/Lab01 warmup（学生版）/OExp01/OExp01-ALU/IP_Include/MUX/MUX8T1_32/MUX8T1_32.srcs/sources_1/imports/MUX_W
   c:/Users/liang/Desktop/OrgLab/reference/Lab02CPU/Lab02CPU/OExp02-IP2SOC/IP/MUX/MUX8T1_32/MUX8T1_32.srcs/sources_1/imports/MUX_W
WARNING: [IP_Flow 19-1663] Duplicate IP found for 'xilinx.com:user:MUX8T1_8:1.0'. The one found in IP location 'c:/Users/liang/Desktop/OrgLab/reference/Lab0 Vivado介绍和模块封装（学生版）(1)/Lab0 Vivado介绍和模块封装（学生版）/OExp00/OExp00-Element/IP/MUX/MUX8T1_8/MUX8T1_8.srcs/sources_1/imports/MUX_W' will take precedence over the same IP in locations: 
   c:/Users/liang/Desktop/OrgLab/reference/Lab0 Vivado介绍和模块封装（学生版）(1)/Lab0 Vivado介绍和模块封装（学生版）/OExp00/OExp00-muxctrl/MUX/MUX8T1_8/MUX8T1_8.srcs/sources_1/new
   c:/Users/liang/Desktop/OrgLab/reference/Lab01 warmup（学生版）(1)/Lab01 warmup（学生版）/OExp01/OExp01-ALU/IP_Include/MUX/MUX8T1_8/MUX8T1_8.srcs/sources_1/imports/MUX_W
   c:/Users/liang/Desktop/OrgLab/reference/Lab02CPU/Lab02CPU/OExp02-IP2SOC/IP/MUX/MUX8T1_8/MUX8T1_8.srcs/sources_1/imports/MUX_W
WARNING: [IP_Flow 19-1663] Duplicate IP found for 'xilinx.com:user:SCPU_ctrl:1.0'. The one found in IP location 'c:/Users/liang/Desktop/OrgLab/reference/Lab04单周期CPU设计/Lab04单周期CPU设计/Lab04-0 CPU核集成设计（学生版）/Lab04-0 CPU核集成设计（学生版）/OExp04-IP2CPU/IP/scpu/OExp04-SCPU_ctrl/OExp04-SCPU_ctrl.srcs/sources_1/imports/CPU_W' will take precedence over the same IP in location c:/Users/liang/Desktop/OrgLab/reference/Lab04单周期CPU设计/Lab04单周期CPU设计/Lab04-1 CPU设计之数据通路（学生版）/Lab04-1 CPU设计之数据通路（学生版）/IP/scpu/OExp04-SCPU_ctrl/OExp04-SCPU_ctrl.srcs/sources_1/imports/CPU_W
WARNING: [BD 41-1661] One or more IPs have been locked in the design 'simCPU.bd'. Please run report_ip_status for more details and recommendations on how to fix this issue.
List of locked IPs:
simCPU_SCPUC_0_0

open_project: Time (s): cpu = 00:00:19 ; elapsed = 00:00:15 . Memory (MB): peak = 1079.906 ; gain = 0.000
update_compile_order -fileset sources_1
exit
INFO: [Common 17-206] Exiting Vivado at Tue Jun 29 22:17:17 2021...
