Copyright 1986-2014 Xilinx, Inc. All Rights Reserved.
-------------------------------------------------------------------------------------
| Tool Version : Vivado v.2014.4 (win64) Build 1071353 Tue Nov 18 18:29:27 MST 2014
| Date         : Mon Jan 14 11:02:47 2019
| Host         : Dell-PC running 64-bit Service Pack 1  (build 7601)
| Command      : report_control_sets -verbose -file mips_top_control_sets_placed.rpt
| Design       : mips_top
| Device       : xc7k325t
-------------------------------------------------------------------------------------

Control Set Information

Table of Contents
-----------------
1. Summary
2. Flip-Flop Distribution
3. Detailed Control Set Information

1. Summary
----------

+-------------------------------------------------------------------+-------+
|                               Status                              | Count |
+-------------------------------------------------------------------+-------+
| Number of unique control sets                                     |    28 |
| Minimum Number of register sites lost to control set restrictions |    77 |
+-------------------------------------------------------------------+-------+


2. Flip-Flop Distribution
-------------------------

+--------------+-----------------------+------------------------+-----------------+--------------+
| Clock Enable | Synchronous Set/Reset | Asynchronous Set/Reset | Total Registers | Total Slices |
+--------------+-----------------------+------------------------+-----------------+--------------+
| No           | No                    | No                     |             118 |           67 |
| No           | No                    | Yes                    |               0 |            0 |
| No           | Yes                   | No                     |             139 |           56 |
| Yes          | No                    | No                     |              33 |           13 |
| Yes          | No                    | Yes                    |               0 |            0 |
| Yes          | Yes                   | No                     |             601 |          239 |
+--------------+-----------------------+------------------------+-----------------+--------------+


3. Detailed Control Set Information
-----------------------------------

+-------------------+----------------------------------------+--------------------------------------+------------------+----------------+
|    Clock Signal   |              Enable Signal             |           Set/Reset Signal           | Slice Load Count | Bel Load Count |
+-------------------+----------------------------------------+--------------------------------------+------------------+----------------+
|  CLK_GEN/CLK_OUT3 |                                        | VGA/O25                              |                3 |              4 |
|  CLK_GEN/CLK_OUT3 |                                        | VGA/O5                               |                4 |              4 |
|  CLK_GEN/CLK_OUT3 | DISPLAY/P2S_LED/n_0_data_count[3]_i_1  | rst_all                              |                2 |              4 |
|  CLK_GEN/CLK_OUT4 | MIPS/INST_ROM/n_0_delay_count[3]_i_2   | MIPS/INST_ROM/n_0_delay_count[3]_i_1 |                1 |              4 |
|  CLK_GEN/CLK_OUT3 |                                        | VGA/O20                              |                4 |              5 |
|  CLK_GEN/CLK_OUT3 | BTN_SCAN/p_0_in                        |                                      |                1 |              5 |
|  CLK_GEN/CLK_OUT3 | VGA/O38                                | VGA/O37                              |                2 |              5 |
|  CLK_GEN/CLK_OUT3 | DISPLAY/P2S_SEG/n_0_data_count[5]_i_1  | rst_all                              |                2 |              6 |
|  CLK_GEN/CLK_OUT3 | DISPLAY/P2S_LED/n_0_buff[15]_i_1__0    | DISPLAY/P2S_LED/n_0_buff[16]_i_1     |                3 |              7 |
|  CLK_GEN/CLK_OUT3 |                                        | VGA/n_0_h_count[9]_i_1               |                5 |             10 |
|  CLK_GEN/CLK_OUT3 | VGA/n_0_v_count[9]_i_1                 |                                      |                4 |             10 |
|  CLK_GEN/CLK_OUT3 | DISPLAY/P2S_LED/n_0_buff[15]_i_1__0    |                                      |                6 |             12 |
|  CLK_GEN/CLK_OUT3 | DISPLAY/P2S_SEG/n_0_buff[64]_i_2       | DISPLAY/P2S_SEG/n_0_buff[64]_i_1     |                5 |             13 |
|  CLK_GEN/CLK_OUT3 | DISPLAY/P2S_SEG/n_0_buff[64]_i_2       |                                      |                6 |             14 |
|  CLK_GEN/CLK_OUT3 | DISPLAY/P2S_SEG/n_0_buff[64]_i_2       | DISPLAY/P2S_SEG/n_0_buff[63]_i_1     |                5 |             15 |
|  CLK_GEN/CLK_OUT4 |                                        | MIPS/INST_ROM/n_0_dout[30]_i_1       |               14 |             25 |
|  CLK_GEN/CLK_OUT3 |                                        | rst_all                              |               10 |             28 |
|  CLK_GEN/CLK_OUT4 | MIPS/MIPS_CORE/DATAPATH/O20            | rst_all                              |               17 |             30 |
|  CLK_GEN/CLK_OUT4 | MIPS/MIPS_CORE/CONTROLLER/E[0]         | rst_all                              |               19 |             32 |
|  CLK_GEN/CLK_OUT4 | MIPS/MIPS_CORE/DATAPATH/O22[0]         | rst_all                              |               13 |             32 |
| ~CLK_GEN/CLK_OUT3 | VGA/O31                                |                                      |                6 |             48 |
|  CLK_GEN/CLK_OUT4 |                                        |                                      |               34 |             56 |
|  CLK_GEN/CLK_OUT3 |                                        |                                      |               33 |             62 |
|  CLK_GEN/CLK_OUT4 |                                        | rst_all                              |               16 |             63 |
|  CLK_GEN/CLK_OUT4 | MIPS/MIPS_CORE/CP0/E[0]                | MIPS/MIPS_CORE/CP0/jump_en           |               33 |             89 |
| ~CLK_GEN/CLK_OUT4 | MIPS/MIPS_CORE/DATAPATH/REGFILE/p_0_in |                                      |               18 |            144 |
|  CLK_GEN/CLK_OUT4 | MIPS/MIPS_CORE/CP0/O34[0]              | rst_all                              |               65 |            165 |
|  CLK_GEN/CLK_OUT4 | MIPS/MIPS_CORE/CP0/O34[0]              | MIPS/MIPS_CORE/CP0/SR[0]             |               72 |            199 |
+-------------------+----------------------------------------+--------------------------------------+------------------+----------------+


