#-----------------------------------------------------------
# Vivado v2020.2 (64-bit)
# SW Build 3064766 on Wed Nov 18 09:12:45 MST 2020
# IP Build 3064653 on Wed Nov 18 14:17:31 MST 2020
# Start of session at: Sun Jun 27 02:10:13 2021
# Process ID: 7380
# Current directory: C:/Users/liang/Desktop/OrgLab/reference/Lab02CPU/Lab02CPU/OExp02-IP2SOC/IP/Supplementary/VGA/VGA
# Command line: vivado.exe -gui_launcher_event rodinguilauncherevent1272 C:\Users\liang\Desktop\OrgLab\reference\Lab02CPU\Lab02CPU\OExp02-IP2SOC\IP\Supplementary\VGA\VGA\VGA.xpr
# Log file: C:/Users/liang/Desktop/OrgLab/reference/Lab02CPU/Lab02CPU/OExp02-IP2SOC/IP/Supplementary/VGA/VGA/vivado.log
# Journal file: C:/Users/liang/Desktop/OrgLab/reference/Lab02CPU/Lab02CPU/OExp02-IP2SOC/IP/Supplementary/VGA/VGA\vivado.jou
#-----------------------------------------------------------
start_gui
open_project C:/Users/liang/Desktop/OrgLab/reference/Lab02CPU/Lab02CPU/OExp02-IP2SOC/IP/Supplementary/VGA/VGA/VGA.xpr
INFO: [ProjectBase 1-489] The host OS only allows 260 characters in a normal path. The project is stored in a path with more than 80 characters. If you experience issues with IP, Block Designs, or files not being found, please consider moving the project to a location with a shorter path. Alternately consider using the OS subst command to map part of the path to a drive letter.
Current project path is 'C:/Users/liang/Desktop/OrgLab/reference/Lab02CPU/Lab02CPU/OExp02-IP2SOC/IP/Supplementary/VGA/VGA'
INFO: [Project 1-313] Project file moved from 'C:/Users/49184/Desktop/OExp02/IP/Supplementary/VGA' since last save.
WARNING: [filemgmt 56-2] IP Repository Path: Could not find the directory 'C:/Users/liang/Desktop/OrgLab/reference/Lab02CPU/Lab02CPU/OExp02-IP2SOC/IP/VGA', nor could it be found using path 'C:/Users/49184/Desktop/OExp02/VGA'.
Scanning sources...
Finished scanning sources
INFO: [Project 1-230] Project 'VGA.xpr' upgraded for this version of Vivado.
INFO: [IP_Flow 19-234] Refreshing IP repositories
WARNING: [IP_Flow 19-2248] Failed to load user IP repository 'c:/Users/liang/Desktop/OrgLab/reference/Lab02CPU/Lab02CPU/OExp02-IP2SOC/IP/VGA'; Can't find the specified path.
If this directory should no longer be in your list of user repositories, go to the IP Settings dialog and remove it.
INFO: [IP_Flow 19-1700] Loaded user IP repository 'c:/Users/liang/Desktop/OrgLab/reference/Lab02CPU/Lab02CPU/OExp02-IP2SOC/IP/Supplementary/VGA/VGA/VGA.srcs/sources_1/new'.
INFO: [IP_Flow 19-2313] Loaded Vivado IP repository 'D:/Vivado/2020.2/data/ip'.
open_project: Time (s): cpu = 00:00:16 ; elapsed = 00:00:07 . Memory (MB): peak = 1110.129 ; gain = 0.000
update_compile_order -fileset sources_1
reset_run synth_2
launch_runs synth_2 -jobs 4
[Sun Jun 27 02:12:31 2021] Launched synth_2...
Run output will be captured here: C:/Users/liang/Desktop/OrgLab/reference/Lab02CPU/Lab02CPU/OExp02-IP2SOC/IP/Supplementary/VGA/VGA/VGA.runs/synth_2/runme.log
ipx::package_project -root_dir c:/users/liang/desktop/orglab/reference/lab02cpu/lab02cpu/oexp02-ip2soc/ip/supplementary/vga/vga/vga.srcs/sources_1/new -vendor xilinx.com -library user -taxonomy /UserIP -force
INFO: [IP_Flow 19-5107] Inferred bus interface 'rst' of definition 'xilinx.com:signal:reset:1.0' (from Xilinx Repository).
INFO: [IP_Flow 19-2181] Payment Required is not set for this core.
INFO: [IP_Flow 19-2187] The Product Guide file is missing.
set_property core_revision 2 [ipx::current_core]
ipx::create_xgui_files [ipx::current_core]
ipx::update_checksums [ipx::current_core]
ipx::check_integrity [ipx::current_core]
INFO: [IP_Flow 19-2181] Payment Required is not set for this core.
INFO: [IP_Flow 19-2187] The Product Guide file is missing.
INFO: [Ipptcl 7-1486] check_integrity: Integrity check passed.
ipx::save_core [ipx::current_core]
update_ip_catalog -rebuild -repo_path c:/Users/liang/Desktop/OrgLab/reference/Lab02CPU/Lab02CPU/OExp02-IP2SOC/IP/Supplementary/VGA/VGA/VGA.srcs/sources_1/new
INFO: [IP_Flow 19-725] Reloaded user IP repository 'c:/Users/liang/Desktop/OrgLab/reference/Lab02CPU/Lab02CPU/OExp02-IP2SOC/IP/Supplementary/VGA/VGA/VGA.srcs/sources_1/new'
ipx::add_bus_parameter POLARITY [ipx::get_bus_interfaces rst -of_objects [ipx::current_core]]
set_property core_revision 3 [ipx::current_core]
ipx::create_xgui_files [ipx::current_core]
ipx::update_checksums [ipx::current_core]
ipx::check_integrity [ipx::current_core]
INFO: [IP_Flow 19-2181] Payment Required is not set for this core.
INFO: [IP_Flow 19-2187] The Product Guide file is missing.
INFO: [Ipptcl 7-1486] check_integrity: Integrity check passed.
ipx::save_core [ipx::current_core]
update_ip_catalog -rebuild -repo_path c:/Users/liang/Desktop/OrgLab/reference/Lab02CPU/Lab02CPU/OExp02-IP2SOC/IP/Supplementary/VGA/VGA/VGA.srcs/sources_1/new
INFO: [IP_Flow 19-725] Reloaded user IP repository 'c:/Users/liang/Desktop/OrgLab/reference/Lab02CPU/Lab02CPU/OExp02-IP2SOC/IP/Supplementary/VGA/VGA/VGA.srcs/sources_1/new'
