#-----------------------------------------------------------
# Vivado v2020.2 (64-bit)
# SW Build 3064766 on Wed Nov 18 09:12:45 MST 2020
# IP Build 3064653 on Wed Nov 18 14:17:31 MST 2020
# Start of session at: Mon May 17 23:53:43 2021
# Process ID: 6908
# Current directory: C:/Users/liang/Desktop/OrgLab/lab4/ImmGen
# Command line: vivado.exe -gui_launcher_event rodinguilauncherevent24788 C:\Users\liang\Desktop\OrgLab\lab4\ImmGen\ImmGen.xpr
# Log file: C:/Users/liang/Desktop/OrgLab/lab4/ImmGen/vivado.log
# Journal file: C:/Users/liang/Desktop/OrgLab/lab4/ImmGen\vivado.jou
#-----------------------------------------------------------
start_gui
open_project C:/Users/liang/Desktop/OrgLab/lab4/ImmGen/ImmGen.xpr
WARNING: [filemgmt 56-3] Default IP Output Path : Could not find the directory 'C:/Users/liang/Desktop/OrgLab/lab4/ImmGen/ImmGen.gen/sources_1'.
Scanning sources...
Finished scanning sources
INFO: [IP_Flow 19-234] Refreshing IP repositories
INFO: [IP_Flow 19-1700] Loaded user IP repository 'c:/Users/liang/Desktop/OrgLab/lab4/ImmGen/ImmGen.srcs/sources_1/new'.
INFO: [IP_Flow 19-2313] Loaded Vivado IP repository 'D:/Xilinx/Vivado/2020.2/data/ip'.
open_project: Time (s): cpu = 00:00:15 ; elapsed = 00:00:08 . Memory (MB): peak = 1107.344 ; gain = 0.000
update_compile_order -fileset sources_1
ipx::package_project -root_dir c:/users/liang/desktop/orglab/lab4/immgen/immgen.srcs/sources_1/new -vendor xilinx.com -library user -taxonomy /UserIP -force
INFO: [IP_Flow 19-2181] Payment Required is not set for this core.
INFO: [IP_Flow 19-2187] The Product Guide file is missing.
launch_runs synth_1 -jobs 4
[Mon May 17 23:56:18 2021] Launched synth_1...
Run output will be captured here: C:/Users/liang/Desktop/OrgLab/lab4/ImmGen/ImmGen.runs/synth_1/runme.log
ipx::package_project -root_dir c:/users/liang/desktop/orglab/lab4/immgen/immgen.srcs/sources_1/new -vendor xilinx.com -library user -taxonomy /UserIP -force
INFO: [IP_Flow 19-2181] Payment Required is not set for this core.
INFO: [IP_Flow 19-2187] The Product Guide file is missing.
set_property core_revision 2 [ipx::current_core]
ipx::create_xgui_files [ipx::current_core]
ipx::update_checksums [ipx::current_core]
ipx::check_integrity [ipx::current_core]
INFO: [IP_Flow 19-2181] Payment Required is not set for this core.
INFO: [IP_Flow 19-2187] The Product Guide file is missing.
INFO: [Ipptcl 7-1486] check_integrity: Integrity check passed.
ipx::save_core [ipx::current_core]
update_ip_catalog -rebuild -repo_path c:/Users/liang/Desktop/OrgLab/lab4/ImmGen/ImmGen.srcs/sources_1/new
INFO: [IP_Flow 19-725] Reloaded user IP repository 'c:/Users/liang/Desktop/OrgLab/lab4/ImmGen/ImmGen.srcs/sources_1/new'
exit
INFO: [Common 17-206] Exiting Vivado at Mon May 17 23:57:26 2021...
