INFO: [VRFC 10-2263] Analyzing Verilog file "C:/Users/ASUS/Desktop/OExp_RISCV/OExp01/OExp01-ALU/OExp01-ALU.ip_user_files/bd/ALU/ipshared/8893/MUX8T1_32.v" into library xil_defaultlib
INFO: [VRFC 10-311] analyzing module MUX8T1_32
INFO: [VRFC 10-2263] Analyzing Verilog file "C:/Users/ASUS/Desktop/OExp_RISCV/OExp01/OExp01-ALU/OExp01-ALU.ip_user_files/bd/ALU/ip/ALU_MUX8T1_32_0_0/sim/ALU_MUX8T1_32_0_0.v" into library xil_defaultlib
INFO: [VRFC 10-311] analyzing module ALU_MUX8T1_32_0_0
INFO: [VRFC 10-2263] Analyzing Verilog file "C:/Users/ASUS/Desktop/OExp_RISCV/OExp01/OExp01-ALU/OExp01-ALU.ip_user_files/bd/ALU/ipshared/69d3/addc_32.v" into library xil_defaultlib
INFO: [VRFC 10-311] analyzing module addc_32
INFO: [VRFC 10-2263] Analyzing Verilog file "C:/Users/ASUS/Desktop/OExp_RISCV/OExp01/OExp01-ALU/OExp01-ALU.ip_user_files/bd/ALU/ip/ALU_addc_32_0_0/sim/ALU_addc_32_0_0.v" into library xil_defaultlib
INFO: [VRFC 10-311] analyzing module ALU_addc_32_0_0
INFO: [VRFC 10-2263] Analyzing Verilog file "C:/Users/ASUS/Desktop/OExp_RISCV/OExp01/OExp01-ALU/OExp01-ALU.ip_user_files/bd/ALU/ipshared/2f3b/and32.v" into library xil_defaultlib
INFO: [VRFC 10-311] analyzing module and32
INFO: [VRFC 10-2263] Analyzing Verilog file "C:/Users/ASUS/Desktop/OExp_RISCV/OExp01/OExp01-ALU/OExp01-ALU.ip_user_files/bd/ALU/ip/ALU_and32_0_0/sim/ALU_and32_0_0.v" into library xil_defaultlib
INFO: [VRFC 10-311] analyzing module ALU_and32_0_0
INFO: [VRFC 10-2263] Analyzing Verilog file "C:/Users/ASUS/Desktop/OExp_RISCV/OExp01/OExp01-ALU/OExp01-ALU.ip_user_files/bd/ALU/ipshared/326e/or32.v" into library xil_defaultlib
INFO: [VRFC 10-311] analyzing module or32
INFO: [VRFC 10-2263] Analyzing Verilog file "C:/Users/ASUS/Desktop/OExp_RISCV/OExp01/OExp01-ALU/OExp01-ALU.ip_user_files/bd/ALU/ip/ALU_or32_0_0/sim/ALU_or32_0_0.v" into library xil_defaultlib
INFO: [VRFC 10-311] analyzing module ALU_or32_0_0
INFO: [VRFC 10-2263] Analyzing Verilog file "C:/Users/ASUS/Desktop/OExp_RISCV/OExp01/OExp01-ALU/OExp01-ALU.ip_user_files/bd/ALU/ipshared/21e4/xor32.v" into library xil_defaultlib
INFO: [VRFC 10-311] analyzing module xor32
INFO: [VRFC 10-2263] Analyzing Verilog file "C:/Users/ASUS/Desktop/OExp_RISCV/OExp01/OExp01-ALU/OExp01-ALU.ip_user_files/bd/ALU/ip/ALU_xor32_0_0/sim/ALU_xor32_0_0.v" into library xil_defaultlib
INFO: [VRFC 10-311] analyzing module ALU_xor32_0_0
INFO: [VRFC 10-2263] Analyzing Verilog file "C:/Users/ASUS/Desktop/OExp_RISCV/OExp01/OExp01-ALU/OExp01-ALU.ip_user_files/bd/ALU/ipshared/6e8d/nor32.v" into library xil_defaultlib
INFO: [VRFC 10-311] analyzing module nor32
INFO: [VRFC 10-2263] Analyzing Verilog file "C:/Users/ASUS/Desktop/OExp_RISCV/OExp01/OExp01-ALU/OExp01-ALU.ip_user_files/bd/ALU/ip/ALU_nor32_0_0/sim/ALU_nor32_0_0.v" into library xil_defaultlib
INFO: [VRFC 10-311] analyzing module ALU_nor32_0_0
INFO: [VRFC 10-2263] Analyzing Verilog file "C:/Users/ASUS/Desktop/OExp_RISCV/OExp01/OExp01-ALU/OExp01-ALU.ip_user_files/bd/ALU/ip/ALU_xor32_0_1/sim/ALU_xor32_0_1.v" into library xil_defaultlib
INFO: [VRFC 10-311] analyzing module ALU_xor32_0_1
INFO: [VRFC 10-2263] Analyzing Verilog file "C:/Users/ASUS/Desktop/OExp_RISCV/OExp01/OExp01-ALU/OExp01-ALU.ip_user_files/bd/ALU/ipshared/d0ad/srl32.v" into library xil_defaultlib
INFO: [VRFC 10-311] analyzing module srl32
INFO: [VRFC 10-2263] Analyzing Verilog file "C:/Users/ASUS/Desktop/OExp_RISCV/OExp01/OExp01-ALU/OExp01-ALU.ip_user_files/bd/ALU/ip/ALU_srl32_0_0/sim/ALU_srl32_0_0.v" into library xil_defaultlib
INFO: [VRFC 10-311] analyzing module ALU_srl32_0_0
INFO: [VRFC 10-2263] Analyzing Verilog file "C:/Users/ASUS/Desktop/OExp_RISCV/OExp01/OExp01-ALU/OExp01-ALU.ip_user_files/bd/ALU/ipshared/f261/or_bit_32.v" into library xil_defaultlib
INFO: [VRFC 10-311] analyzing module or_bit_32
INFO: [VRFC 10-2263] Analyzing Verilog file "C:/Users/ASUS/Desktop/OExp_RISCV/OExp01/OExp01-ALU/OExp01-ALU.ip_user_files/bd/ALU/ip/ALU_or_bit_32_0_0/sim/ALU_or_bit_32_0_0.v" into library xil_defaultlib
INFO: [VRFC 10-311] analyzing module ALU_or_bit_32_0_0
INFO: [VRFC 10-2263] Analyzing Verilog file "C:/Users/ASUS/Desktop/OExp_RISCV/OExp01/OExp01-ALU/OExp01-ALU.ip_user_files/bd/ALU/ipshared/d8f1/SignalExt_32.v" into library xil_defaultlib
INFO: [VRFC 10-311] analyzing module SignalExt_32
INFO: [VRFC 10-2263] Analyzing Verilog file "C:/Users/ASUS/Desktop/OExp_RISCV/OExp01/OExp01-ALU/OExp01-ALU.ip_user_files/bd/ALU/ip/ALU_SignalExt_32_0_0/sim/ALU_SignalExt_32_0_0.v" into library xil_defaultlib
INFO: [VRFC 10-311] analyzing module ALU_SignalExt_32_0_0
INFO: [VRFC 10-2263] Analyzing Verilog file "C:/Users/ASUS/Desktop/OExp_RISCV/OExp01/OExp01-ALU/OExp01-ALU.ip_user_files/bd/ALU/ip/ALU_xlslice_0_0/sim/ALU_xlslice_0_0.v" into library xil_defaultlib
INFO: [VRFC 10-311] analyzing module ALU_xlslice_0_0
INFO: [VRFC 10-2263] Analyzing Verilog file "C:/Users/ASUS/Desktop/OExp_RISCV/OExp01/OExp01-ALU/OExp01-ALU.ip_user_files/bd/ALU/ip/ALU_xlslice_1_0/sim/ALU_xlslice_1_0.v" into library xil_defaultlib
INFO: [VRFC 10-311] analyzing module ALU_xlslice_1_0
INFO: [VRFC 10-2263] Analyzing Verilog file "C:/Users/ASUS/Desktop/OExp_RISCV/OExp01/OExp01-ALU/OExp01-ALU.ip_user_files/bd/ALU/ip/ALU_xlslice_2_0/sim/ALU_xlslice_2_0.v" into library xil_defaultlib
INFO: [VRFC 10-311] analyzing module ALU_xlslice_2_0
INFO: [VRFC 10-2263] Analyzing Verilog file "C:/Users/ASUS/Desktop/OExp_RISCV/OExp01/OExp01-ALU/OExp01-ALU.ip_user_files/bd/ALU/ip/ALU_xlconstant_0_0/sim/ALU_xlconstant_0_0.v" into library xil_defaultlib
INFO: [VRFC 10-311] analyzing module ALU_xlconstant_0_0
INFO: [VRFC 10-2263] Analyzing Verilog file "C:/Users/ASUS/Desktop/OExp_RISCV/OExp01/OExp01-ALU/OExp01-ALU.ip_user_files/bd/ALU/ip/ALU_xlconcat_0_0/sim/ALU_xlconcat_0_0.v" into library xil_defaultlib
INFO: [VRFC 10-311] analyzing module ALU_xlconcat_0_0
INFO: [VRFC 10-2263] Analyzing Verilog file "C:/Users/ASUS/Desktop/OExp_RISCV/OExp01/OExp01-ALU/OExp01-ALU.ip_user_files/bd/ALU/sim/ALU.v" into library xil_defaultlib
INFO: [VRFC 10-311] analyzing module ALU
INFO: [VRFC 10-2263] Analyzing Verilog file "C:/Users/ASUS/Desktop/OExp_RISCV/OExp01/OExp01-ALU/OExp01-ALU.srcs/sources_1/bd/ALU/hdl/ALU_wrapper.v" into library xil_defaultlib
INFO: [VRFC 10-311] analyzing module ALU_wrapper
INFO: [VRFC 10-2263] Analyzing Verilog file "C:/Users/ASUS/Desktop/OExp_RISCV/OExp01/OExp01-ALU/OExp01-ALU.srcs/sim_1/new/ALU_tb.v" into library xil_defaultlib
INFO: [VRFC 10-311] analyzing module ALU_tb
INFO: [VRFC 10-2263] Analyzing Verilog file "C:/Users/ASUS/Desktop/OExp_RISCV/OExp01/OExp01-ALU/OExp01-ALU.sim/sim_1/behav/xsim/glbl.v" into library xil_defaultlib
INFO: [VRFC 10-311] analyzing module glbl
